This file contains any messages produced by compilers while
running configure, to aid debugging if configure makes a mistake.

It was created by libusb configure 1.0.18, which was
generated by GNU Autoconf 2.69.  Invocation command line was

  $ ./configure --disable-option-checking --prefix=/usr/local --enable-avalon CFLAGS=-O2 -Wall -march=native --cache-file=/dev/null --srcdir=.

## --------- ##
## Platform. ##
## --------- ##

hostname = drorg-desktop
uname -m = x86_64
uname -r = 3.5.0-17-generic
uname -s = Linux
uname -v = #28-Ubuntu SMP Tue Oct 9 19:31:23 UTC 2012

/usr/bin/uname -p = unknown
/bin/uname -X     = unknown

/bin/arch              = unknown
/usr/bin/arch -k       = unknown
/usr/convex/getsysinfo = unknown
/usr/bin/hostinfo      = unknown
/bin/machine           = unknown
/usr/bin/oslevel       = unknown
/bin/universe          = unknown

PATH: /usr/local/sbin
PATH: /usr/local/bin
PATH: /usr/sbin
PATH: /usr/bin
PATH: /sbin
PATH: /bin


## ----------- ##
## Core tests. ##
## ----------- ##

configure:2405: checking for a BSD-compatible install
configure:2473: result: /usr/bin/install -c
configure:2484: checking whether build environment is sane
configure:2534: result: yes
configure:2675: checking for a thread-safe mkdir -p
configure:2714: result: /bin/mkdir -p
configure:2727: checking for gawk
configure:2743: found /usr/bin/gawk
configure:2754: result: gawk
configure:2765: checking whether make sets $(MAKE)
configure:2787: result: yes
configure:2868: checking whether to enable maintainer-specific portions of Makefiles
configure:2877: result: no
configure:2906: checking whether make supports nested variables
configure:2923: result: yes
configure:2984: checking for gcc
configure:3000: found /usr/bin/gcc
configure:3011: result: gcc
configure:3240: checking for C compiler version
configure:3249: gcc --version >&5
gcc (Ubuntu/Linaro 4.7.2-2ubuntu1) 4.7.2
Copyright (C) 2012 Free Software Foundation, Inc.
This is free software; see the source for copying conditions.  There is NO
warranty; not even for MERCHANTABILITY or FITNESS FOR A PARTICULAR PURPOSE.

configure:3260: $? = 0
configure:3249: gcc -v >&5
Using built-in specs.
COLLECT_GCC=gcc
COLLECT_LTO_WRAPPER=/usr/lib/gcc/x86_64-linux-gnu/4.7/lto-wrapper
Target: x86_64-linux-gnu
Configured with: ../src/configure -v --with-pkgversion='Ubuntu/Linaro 4.7.2-2ubuntu1' --with-bugurl=file:///usr/share/doc/gcc-4.7/README.Bugs --enable-languages=c,c++,go,fortran,objc,obj-c++ --prefix=/usr --program-suffix=-4.7 --enable-shared --enable-linker-build-id --with-system-zlib --libexecdir=/usr/lib --without-included-gettext --enable-threads=posix --with-gxx-include-dir=/usr/include/c++/4.7 --libdir=/usr/lib --enable-nls --with-sysroot=/ --enable-clocale=gnu --enable-libstdcxx-debug --enable-libstdcxx-time=yes --enable-gnu-unique-object --enable-plugin --enable-objc-gc --disable-werror --with-arch-32=i686 --with-tune=generic --enable-checking=release --build=x86_64-linux-gnu --host=x86_64-linux-gnu --target=x86_64-linux-gnu
Thread model: posix
gcc version 4.7.2 (Ubuntu/Linaro 4.7.2-2ubuntu1) 
configure:3260: $? = 0
configure:3249: gcc -V >&5
gcc: error: unrecognized command line option '-V'
gcc: fatal error: no input files
compilation terminated.
configure:3260: $? = 4
configure:3249: gcc -qversion >&5
gcc: error: unrecognized command line option '-qversion'
gcc: fatal error: no input files
compilation terminated.
configure:3260: $? = 4
configure:3280: checking whether the C compiler works
configure:3302: gcc -O2 -Wall -march=native   conftest.c  >&5
configure:3306: $? = 0
configure:3354: result: yes
configure:3357: checking for C compiler default output file name
configure:3359: result: a.out
configure:3365: checking for suffix of executables
configure:3372: gcc -o conftest -O2 -Wall -march=native   conftest.c  >&5
configure:3376: $? = 0
configure:3398: result: 
configure:3420: checking whether we are cross compiling
configure:3428: gcc -o conftest -O2 -Wall -march=native   conftest.c  >&5
configure:3432: $? = 0
configure:3439: ./conftest
configure:3443: $? = 0
configure:3458: result: no
configure:3463: checking for suffix of object files
configure:3485: gcc -c -O2 -Wall -march=native  conftest.c >&5
configure:3489: $? = 0
configure:3510: result: o
configure:3514: checking whether we are using the GNU C compiler
configure:3533: gcc -c -O2 -Wall -march=native  conftest.c >&5
configure:3533: $? = 0
configure:3542: result: yes
configure:3551: checking whether gcc accepts -g
configure:3571: gcc -c -g  conftest.c >&5
configure:3571: $? = 0
configure:3612: result: yes
configure:3629: checking for gcc option to accept ISO C89
configure:3692: gcc  -c -O2 -Wall -march=native  conftest.c >&5
configure:3692: $? = 0
configure:3705: result: none needed
configure:3736: checking for style of include used by make
configure:3764: result: GNU
configure:3790: checking dependency style of gcc
configure:3901: result: gcc3
configure:3945: checking build system type
configure:3959: result: x86_64-unknown-linux-gnu
configure:3979: checking host system type
configure:3992: result: x86_64-unknown-linux-gnu
configure:4033: checking how to print strings
configure:4060: result: printf
configure:4081: checking for a sed that does not truncate output
configure:4145: result: /bin/sed
configure:4163: checking for grep that handles long lines and -e
configure:4221: result: /bin/grep
configure:4226: checking for egrep
configure:4288: result: /bin/grep -E
configure:4293: checking for fgrep
configure:4355: result: /bin/grep -F
configure:4390: checking for ld used by gcc
configure:4457: result: /usr/bin/ld
configure:4464: checking if the linker (/usr/bin/ld) is GNU ld
configure:4479: result: yes
configure:4491: checking for BSD- or MS-compatible name lister (nm)
configure:4540: result: /usr/bin/nm -B
configure:4670: checking the name lister (/usr/bin/nm -B) interface
configure:4677: gcc -c -O2 -Wall -march=native  conftest.c >&5
configure:4680: /usr/bin/nm -B "conftest.o"
configure:4683: output
0000000000000000 B some_variable
configure:4690: result: BSD nm
configure:4693: checking whether ln -s works
configure:4697: result: yes
configure:4705: checking the maximum length of command line arguments
configure:4835: result: 1572864
configure:4852: checking whether the shell understands some XSI constructs
configure:4862: result: yes
configure:4866: checking whether the shell understands "+="
configure:4872: result: yes
configure:4907: checking how to convert x86_64-unknown-linux-gnu file names to x86_64-unknown-linux-gnu format
configure:4947: result: func_convert_file_noop
configure:4954: checking how to convert x86_64-unknown-linux-gnu file names to toolchain format
configure:4974: result: func_convert_file_noop
configure:4981: checking for /usr/bin/ld option to reload object files
configure:4988: result: -r
configure:5062: checking for objdump
configure:5078: found /usr/bin/objdump
configure:5089: result: objdump
configure:5121: checking how to recognize dependent libraries
configure:5323: result: pass_all
configure:5408: checking for dlltool
configure:5438: result: no
configure:5468: checking how to associate runtime and link libraries
configure:5495: result: printf %s\n
configure:5556: checking for ar
configure:5572: found /usr/bin/ar
configure:5583: result: ar
configure:5620: checking for archiver @FILE support
configure:5637: gcc -c -O2 -Wall -march=native  conftest.c >&5
configure:5637: $? = 0
configure:5640: ar cru libconftest.a @conftest.lst >&5
configure:5643: $? = 0
configure:5648: ar cru libconftest.a @conftest.lst >&5
ar: conftest.o: No such file or directory
configure:5651: $? = 1
configure:5663: result: @
configure:5721: checking for strip
configure:5737: found /usr/bin/strip
configure:5748: result: strip
configure:5820: checking for ranlib
configure:5836: found /usr/bin/ranlib
configure:5847: result: ranlib
configure:5949: checking command to parse /usr/bin/nm -B output from gcc object
configure:6069: gcc -c -O2 -Wall -march=native  conftest.c >&5
configure:6072: $? = 0
configure:6076: /usr/bin/nm -B conftest.o \| sed -n -e 's/^.*[ ]\([ABCDGIRSTW][ABCDGIRSTW]*\)[ ][ ]*\([_A-Za-z][_A-Za-z0-9]*\)$/\1 \2 \2/p' | sed '/ __gnu_lto/d' \> conftest.nm
configure:6079: $? = 0
configure:6145: gcc -o conftest -O2 -Wall -march=native   conftest.c conftstm.o >&5
configure:6148: $? = 0
configure:6186: result: ok
configure:6223: checking for sysroot
configure:6253: result: no
configure:6330: gcc -c -O2 -Wall -march=native  conftest.c >&5
configure:6333: $? = 0
configure:6509: checking for mt
configure:6525: found /bin/mt
configure:6536: result: mt
configure:6559: checking if mt is a manifest tool
configure:6565: mt '-?'
configure:6573: result: no
configure:7215: checking how to run the C preprocessor
configure:7246: gcc -E  conftest.c
configure:7246: $? = 0
configure:7260: gcc -E  conftest.c
conftest.c:11:28: fatal error: ac_nonexistent.h: No such file or directory
compilation terminated.
configure:7260: $? = 1
configure: failed program was:
| /* confdefs.h */
| #define PACKAGE_NAME "libusb"
| #define PACKAGE_TARNAME "libusb"
| #define PACKAGE_VERSION "1.0.18"
| #define PACKAGE_STRING "libusb 1.0.18"
| #define PACKAGE_BUGREPORT "libusb-devel@lists.sourceforge.net"
| #define PACKAGE_URL "http://libusb.info"
| #define PACKAGE "libusb"
| #define VERSION "1.0.18"
| /* end confdefs.h.  */
| #include <ac_nonexistent.h>
configure:7285: result: gcc -E
configure:7305: gcc -E  conftest.c
configure:7305: $? = 0
configure:7319: gcc -E  conftest.c
conftest.c:11:28: fatal error: ac_nonexistent.h: No such file or directory
compilation terminated.
configure:7319: $? = 1
configure: failed program was:
| /* confdefs.h */
| #define PACKAGE_NAME "libusb"
| #define PACKAGE_TARNAME "libusb"
| #define PACKAGE_VERSION "1.0.18"
| #define PACKAGE_STRING "libusb 1.0.18"
| #define PACKAGE_BUGREPORT "libusb-devel@lists.sourceforge.net"
| #define PACKAGE_URL "http://libusb.info"
| #define PACKAGE "libusb"
| #define VERSION "1.0.18"
| /* end confdefs.h.  */
| #include <ac_nonexistent.h>
configure:7348: checking for ANSI C header files
configure:7368: gcc -c -O2 -Wall -march=native  conftest.c >&5
configure:7368: $? = 0
configure:7441: gcc -o conftest -O2 -Wall -march=native   conftest.c  >&5
configure:7441: $? = 0
configure:7441: ./conftest
configure:7441: $? = 0
configure:7452: result: yes
configure:7465: checking for sys/types.h
configure:7465: gcc -c -O2 -Wall -march=native  conftest.c >&5
configure:7465: $? = 0
configure:7465: result: yes
configure:7465: checking for sys/stat.h
configure:7465: gcc -c -O2 -Wall -march=native  conftest.c >&5
configure:7465: $? = 0
configure:7465: result: yes
configure:7465: checking for stdlib.h
configure:7465: gcc -c -O2 -Wall -march=native  conftest.c >&5
configure:7465: $? = 0
configure:7465: result: yes
configure:7465: checking for string.h
configure:7465: gcc -c -O2 -Wall -march=native  conftest.c >&5
configure:7465: $? = 0
configure:7465: result: yes
configure:7465: checking for memory.h
configure:7465: gcc -c -O2 -Wall -march=native  conftest.c >&5
configure:7465: $? = 0
configure:7465: result: yes
configure:7465: checking for strings.h
configure:7465: gcc -c -O2 -Wall -march=native  conftest.c >&5
configure:7465: $? = 0
configure:7465: result: yes
configure:7465: checking for inttypes.h
configure:7465: gcc -c -O2 -Wall -march=native  conftest.c >&5
configure:7465: $? = 0
configure:7465: result: yes
configure:7465: checking for stdint.h
configure:7465: gcc -c -O2 -Wall -march=native  conftest.c >&5
configure:7465: $? = 0
configure:7465: result: yes
configure:7465: checking for unistd.h
configure:7465: gcc -c -O2 -Wall -march=native  conftest.c >&5
configure:7465: $? = 0
configure:7465: result: yes
configure:7479: checking for dlfcn.h
configure:7479: gcc -c -O2 -Wall -march=native  conftest.c >&5
configure:7479: $? = 0
configure:7479: result: yes
configure:7685: checking for objdir
configure:7700: result: .libs
configure:7971: checking if gcc supports -fno-rtti -fno-exceptions
configure:7989: gcc -c -O2 -Wall -march=native  -fno-rtti -fno-exceptions conftest.c >&5
cc1: warning: command line option '-fno-rtti' is valid for C++/ObjC++ but not for C [enabled by default]
configure:7993: $? = 0
configure:8006: result: no
configure:8333: checking for gcc option to produce PIC
configure:8340: result: -fPIC -DPIC
configure:8348: checking if gcc PIC flag -fPIC -DPIC works
configure:8366: gcc -c -O2 -Wall -march=native  -fPIC -DPIC -DPIC conftest.c >&5
configure:8370: $? = 0
configure:8383: result: yes
configure:8412: checking if gcc static flag -static works
configure:8440: result: yes
configure:8455: checking if gcc supports -c -o file.o
configure:8476: gcc -c -O2 -Wall -march=native  -o out/conftest2.o conftest.c >&5
configure:8480: $? = 0
configure:8502: result: yes
configure:8510: checking if gcc supports -c -o file.o
configure:8557: result: yes
configure:8590: checking whether the gcc linker (/usr/bin/ld -m elf_x86_64) supports shared libraries
configure:9747: result: yes
configure:9784: checking whether -lc should be explicitly linked in
configure:9792: gcc -c -O2 -Wall -march=native  conftest.c >&5
configure:9795: $? = 0
configure:9810: gcc -shared  -fPIC -DPIC conftest.o  -v -Wl,-soname -Wl,conftest -o conftest 2\>\&1 \| /bin/grep  -lc  \>/dev/null 2\>\&1
configure:9813: $? = 0
configure:9827: result: no
configure:9987: checking dynamic linker characteristics
configure:10498: gcc -o conftest -O2 -Wall -march=native   -Wl,-rpath -Wl,/foo conftest.c  >&5
configure:10498: $? = 0
configure:10732: result: GNU/Linux ld.so
configure:10839: checking how to hardcode library paths into programs
configure:10864: result: immediate
configure:11404: checking whether stripping libraries is possible
configure:11409: result: yes
configure:11444: checking if libtool supports shared libraries
configure:11446: result: yes
configure:11449: checking whether to build shared libraries
configure:11470: result: yes
configure:11473: checking whether to build static libraries
configure:11477: result: yes
configure:11557: checking for windres
configure:11587: result: no
configure:11691: checking for inline
configure:11707: gcc -c -O2 -Wall -march=native  conftest.c >&5
configure:11707: $? = 0
configure:11715: result: inline
configure:11734: checking whether gcc and cc understand -c and -o together
configure:11765: gcc -c conftest.c -o conftest2.o >&5
configure:11769: $? = 0
configure:11775: gcc -c conftest.c -o conftest2.o >&5
configure:11779: $? = 0
configure:11790: cc -c conftest.c >&5
configure:11794: $? = 0
configure:11802: cc -c conftest.c -o conftest2.o >&5
configure:11806: $? = 0
configure:11812: cc -c conftest.c -o conftest2.o >&5
configure:11816: $? = 0
configure:11834: result: yes
configure:11865: checking operating system
configure:11880: result: Linux
configure:11927: checking for library containing clock_gettime
configure:11958: gcc -o conftest -O2 -Wall -march=native   conftest.c  >&5
/tmp/ccz4HjLU.o: In function `main':
conftest.c:(.text.startup+0x7): undefined reference to `clock_gettime'
collect2: error: ld returned 1 exit status
configure:11958: $? = 1
configure: failed program was:
| /* confdefs.h */
| #define PACKAGE_NAME "libusb"
| #define PACKAGE_TARNAME "libusb"
| #define PACKAGE_VERSION "1.0.18"
| #define PACKAGE_STRING "libusb 1.0.18"
| #define PACKAGE_BUGREPORT "libusb-devel@lists.sourceforge.net"
| #define PACKAGE_URL "http://libusb.info"
| #define PACKAGE "libusb"
| #define VERSION "1.0.18"
| #define STDC_HEADERS 1
| #define HAVE_SYS_TYPES_H 1
| #define HAVE_SYS_STAT_H 1
| #define HAVE_STDLIB_H 1
| #define HAVE_STRING_H 1
| #define HAVE_MEMORY_H 1
| #define HAVE_STRINGS_H 1
| #define HAVE_INTTYPES_H 1
| #define HAVE_STDINT_H 1
| #define HAVE_UNISTD_H 1
| #define HAVE_DLFCN_H 1
| #define LT_OBJDIR ".libs/"
| #define _GNU_SOURCE 1
| #define OS_LINUX 1
| /* end confdefs.h.  */
| 
| /* Override any GCC internal prototype to avoid an error.
|    Use char because int might match the return type of a GCC
|    builtin and then its argument prototype would still apply.  */
| #ifdef __cplusplus
| extern "C"
| #endif
| char clock_gettime ();
| int
| main ()
| {
| return clock_gettime ();
|   ;
|   return 0;
| }
configure:11958: gcc -o conftest -O2 -Wall -march=native   conftest.c -lrt -pthread  >&5
configure:11958: $? = 0
configure:11975: result: -lrt
configure:11994: checking libudev.h usability
configure:11994: gcc -c -O2 -Wall -march=native  conftest.c >&5
configure:11994: $? = 0
configure:11994: result: yes
configure:11994: checking libudev.h presence
configure:11994: gcc -E  conftest.c
configure:11994: $? = 0
configure:11994: result: yes
configure:11994: checking for libudev.h
configure:11994: result: yes
configure:12006: checking for udev_new in -ludev
configure:12031: gcc -o conftest -O2 -Wall -march=native   conftest.c -ludev  -lrt  >&5
configure:12031: $? = 0
configure:12040: result: yes
configure:12111: checking poll.h usability
configure:12111: gcc -c -O2 -Wall -march=native  conftest.c >&5
configure:12111: $? = 0
configure:12111: result: yes
configure:12111: checking poll.h presence
configure:12111: gcc -E  conftest.c
configure:12111: $? = 0
configure:12111: result: yes
configure:12111: checking for poll.h
configure:12111: result: yes
configure:12289: checking sys/timerfd.h usability
configure:12289: gcc -c -O2 -Wall -march=native  conftest.c >&5
configure:12289: $? = 0
configure:12289: result: yes
configure:12289: checking sys/timerfd.h presence
configure:12289: gcc -E  conftest.c
configure:12289: $? = 0
configure:12289: result: yes
configure:12289: checking for sys/timerfd.h
configure:12289: result: yes
configure:12309: checking whether TFD_NONBLOCK is declared
configure:12309: gcc -c -O2 -Wall -march=native  conftest.c >&5
configure:12309: $? = 0
configure:12309: result: yes
configure:12321: checking whether to use timerfd for timing
configure:12328: result: yes
configure:12339: checking for struct timespec
configure:12339: gcc -c -O2 -Wall -march=native  conftest.c >&5
configure:12339: $? = 0
configure:12339: gcc -c -O2 -Wall -march=native  conftest.c >&5
conftest.c: In function 'main':
conftest.c:68:30: error: expected expression before ')' token
configure:12339: $? = 1
configure: failed program was:
| /* confdefs.h */
| #define PACKAGE_NAME "libusb"
| #define PACKAGE_TARNAME "libusb"
| #define PACKAGE_VERSION "1.0.18"
| #define PACKAGE_STRING "libusb 1.0.18"
| #define PACKAGE_BUGREPORT "libusb-devel@lists.sourceforge.net"
| #define PACKAGE_URL "http://libusb.info"
| #define PACKAGE "libusb"
| #define VERSION "1.0.18"
| #define STDC_HEADERS 1
| #define HAVE_SYS_TYPES_H 1
| #define HAVE_SYS_STAT_H 1
| #define HAVE_STDLIB_H 1
| #define HAVE_STRING_H 1
| #define HAVE_MEMORY_H 1
| #define HAVE_STRINGS_H 1
| #define HAVE_INTTYPES_H 1
| #define HAVE_STDINT_H 1
| #define HAVE_UNISTD_H 1
| #define HAVE_DLFCN_H 1
| #define LT_OBJDIR ".libs/"
| #define _GNU_SOURCE 1
| #define OS_LINUX 1
| #define HAVE_LIBUDEV_H 1
| #define HAVE_LIBUDEV 1
| #define USE_UDEV 1
| #define HAVE_POLL_H 1
| #define POLL_NFDS_TYPE nfds_t
| #define THREADS_POSIX 1
| #define USBI_TIMERFD_AVAILABLE 1
| /* end confdefs.h.  */
| #include <stdio.h>
| #ifdef HAVE_SYS_TYPES_H
| # include <sys/types.h>
| #endif
| #ifdef HAVE_SYS_STAT_H
| # include <sys/stat.h>
| #endif
| #ifdef STDC_HEADERS
| # include <stdlib.h>
| # include <stddef.h>
| #else
| # ifdef HAVE_STDLIB_H
| #  include <stdlib.h>
| # endif
| #endif
| #ifdef HAVE_STRING_H
| # if !defined STDC_HEADERS && defined HAVE_MEMORY_H
| #  include <memory.h>
| # endif
| # include <string.h>
| #endif
| #ifdef HAVE_STRINGS_H
| # include <strings.h>
| #endif
| #ifdef HAVE_INTTYPES_H
| # include <inttypes.h>
| #endif
| #ifdef HAVE_STDINT_H
| # include <stdint.h>
| #endif
| #ifdef HAVE_UNISTD_H
| # include <unistd.h>
| #endif
| int
| main ()
| {
| if (sizeof ((struct timespec)))
| 	    return 0;
|   ;
|   return 0;
| }
configure:12339: result: yes
configure:12393: checking syslog.h usability
configure:12393: gcc -c -O2 -Wall -march=native  conftest.c >&5
configure:12393: $? = 0
configure:12393: result: yes
configure:12393: checking syslog.h presence
configure:12393: gcc -E  conftest.c
configure:12393: $? = 0
configure:12393: result: yes
configure:12393: checking for syslog.h
configure:12393: result: yes
configure:12403: checking for syslog
configure:12403: gcc -o conftest -O2 -Wall -march=native   conftest.c -ludev -lrt  -pthread >&5
configure:12403: $? = 0
configure:12403: result: yes
configure:12431: gcc -c -O2 -Wall -march=native -Werror -fvisibility=hidden  conftest.c >&5
configure:12431: $? = 0
configure:12459: gcc -c -O2 -Wall -march=native -Wno-pointer-sign  conftest.c >&5
configure:12459: $? = 0
configure:12468: checking for sigaction
configure:12468: gcc -o conftest -O2 -Wall -march=native   conftest.c -ludev -lrt  -pthread >&5
configure:12468: $? = 0
configure:12468: result: yes
configure:12487: checking sys/time.h usability
configure:12487: gcc -c -O2 -Wall -march=native  conftest.c >&5
configure:12487: $? = 0
configure:12487: result: yes
configure:12487: checking sys/time.h presence
configure:12487: gcc -E  conftest.c
configure:12487: $? = 0
configure:12487: result: yes
configure:12487: checking for sys/time.h
configure:12487: result: yes
configure:12499: checking for gettimeofday
configure:12499: gcc -o conftest -O2 -Wall -march=native   conftest.c -ludev -lrt  -pthread >&5
configure:12499: $? = 0
configure:12499: result: yes
configure:12510: checking signal.h usability
configure:12510: gcc -c -O2 -Wall -march=native  conftest.c >&5
configure:12510: $? = 0
configure:12510: result: yes
configure:12510: checking signal.h presence
configure:12510: gcc -E  conftest.c
configure:12510: $? = 0
configure:12510: result: yes
configure:12510: checking for signal.h
configure:12510: result: yes
configure:12702: creating ./config.status

## ---------------------- ##
## Running config.status. ##
## ---------------------- ##

This file was extended by libusb config.status 1.0.18, which was
generated by GNU Autoconf 2.69.  Invocation command line was

  CONFIG_FILES    = 
  CONFIG_HEADERS  = 
  CONFIG_LINKS    = 
  CONFIG_COMMANDS = 
  $ ./config.status 

on drorg-desktop

config.status:1174: creating libusb-1.0.pc
config.status:1174: creating Makefile
config.status:1174: creating libusb/Makefile
config.status:1174: creating config.h
config.status:1403: executing depfiles commands
config.status:1403: executing libtool commands

## ---------------- ##
## Cache variables. ##
## ---------------- ##

ac_cv_build=x86_64-unknown-linux-gnu
ac_cv_c_compiler_gnu=yes
ac_cv_c_inline=inline
ac_cv_env_CC_set=
ac_cv_env_CC_value=
ac_cv_env_CFLAGS_set=set
ac_cv_env_CFLAGS_value='-O2 -Wall -march=native'
ac_cv_env_CPPFLAGS_set=
ac_cv_env_CPPFLAGS_value=
ac_cv_env_CPP_set=
ac_cv_env_CPP_value=
ac_cv_env_LDFLAGS_set=
ac_cv_env_LDFLAGS_value=
ac_cv_env_LIBS_set=
ac_cv_env_LIBS_value=
ac_cv_env_build_alias_set=
ac_cv_env_build_alias_value=
ac_cv_env_host_alias_set=
ac_cv_env_host_alias_value=
ac_cv_env_target_alias_set=
ac_cv_env_target_alias_value=
ac_cv_func_gettimeofday=yes
ac_cv_func_sigaction=yes
ac_cv_func_syslog=yes
ac_cv_have_decl_TFD_NONBLOCK=yes
ac_cv_header_dlfcn_h=yes
ac_cv_header_inttypes_h=yes
ac_cv_header_libudev_h=yes
ac_cv_header_memory_h=yes
ac_cv_header_poll_h=yes
ac_cv_header_signal_h=yes
ac_cv_header_stdc=yes
ac_cv_header_stdint_h=yes
ac_cv_header_stdlib_h=yes
ac_cv_header_string_h=yes
ac_cv_header_strings_h=yes
ac_cv_header_sys_stat_h=yes
ac_cv_header_sys_time_h=yes
ac_cv_header_sys_timerfd_h=yes
ac_cv_header_sys_types_h=yes
ac_cv_header_syslog_h=yes
ac_cv_header_unistd_h=yes
ac_cv_host=x86_64-unknown-linux-gnu
ac_cv_lib_udev_udev_new=yes
ac_cv_objext=o
ac_cv_path_EGREP='/bin/grep -E'
ac_cv_path_FGREP='/bin/grep -F'
ac_cv_path_GREP=/bin/grep
ac_cv_path_SED=/bin/sed
ac_cv_path_install='/usr/bin/install -c'
ac_cv_path_mkdir=/bin/mkdir
ac_cv_prog_AWK=gawk
ac_cv_prog_CPP='gcc -E'
ac_cv_prog_ac_ct_AR=ar
ac_cv_prog_ac_ct_CC=gcc
ac_cv_prog_ac_ct_MANIFEST_TOOL=mt
ac_cv_prog_ac_ct_OBJDUMP=objdump
ac_cv_prog_ac_ct_RANLIB=ranlib
ac_cv_prog_ac_ct_STRIP=strip
ac_cv_prog_cc_c89=
ac_cv_prog_cc_g=yes
ac_cv_prog_cc_gcc_c_o=yes
ac_cv_prog_make_make_set=yes
ac_cv_search_clock_gettime=-lrt
ac_cv_type_struct_timespec=yes
am_cv_CC_dependencies_compiler_type=gcc3
am_cv_make_support_nested_variables=yes
lt_cv_ar_at_file=@
lt_cv_archive_cmds_need_lc=no
lt_cv_deplibs_check_method=pass_all
lt_cv_file_magic_cmd='$MAGIC_CMD'
lt_cv_file_magic_test_file=
lt_cv_ld_reload_flag=-r
lt_cv_nm_interface='BSD nm'
lt_cv_objdir=.libs
lt_cv_path_LD=/usr/bin/ld
lt_cv_path_NM='/usr/bin/nm -B'
lt_cv_path_mainfest_tool=no
lt_cv_prog_compiler_c_o=yes
lt_cv_prog_compiler_c_o_RC=yes
lt_cv_prog_compiler_pic='-fPIC -DPIC'
lt_cv_prog_compiler_pic_works=yes
lt_cv_prog_compiler_rtti_exceptions=no
lt_cv_prog_compiler_static_works=yes
lt_cv_prog_gnu_ld=yes
lt_cv_sharedlib_from_linklib_cmd='printf %s\n'
lt_cv_shlibpath_overrides_runpath=no
lt_cv_sys_global_symbol_pipe='sed -n -e '\''s/^.*[	 ]\([ABCDGIRSTW][ABCDGIRSTW]*\)[	 ][	 ]*\([_A-Za-z][_A-Za-z0-9]*\)$/\1 \2 \2/p'\'' | sed '\''/ __gnu_lto/d'\'''
lt_cv_sys_global_symbol_to_c_name_address='sed -n -e '\''s/^: \([^ ]*\)[ ]*$/  {\"\1\", (void *) 0},/p'\'' -e '\''s/^[ABCDGIRSTW]* \([^ ]*\) \([^ ]*\)$/  {"\2", (void *) \&\2},/p'\'''
lt_cv_sys_global_symbol_to_c_name_address_lib_prefix='sed -n -e '\''s/^: \([^ ]*\)[ ]*$/  {\"\1\", (void *) 0},/p'\'' -e '\''s/^[ABCDGIRSTW]* \([^ ]*\) \(lib[^ ]*\)$/  {"\2", (void *) \&\2},/p'\'' -e '\''s/^[ABCDGIRSTW]* \([^ ]*\) \([^ ]*\)$/  {"lib\2", (void *) \&\2},/p'\'''
lt_cv_sys_global_symbol_to_cdecl='sed -n -e '\''s/^T .* \(.*\)$/extern int \1();/p'\'' -e '\''s/^[ABCDGIRSTW]* .* \(.*\)$/extern char \1;/p'\'''
lt_cv_sys_max_cmd_len=1572864
lt_cv_to_host_file_cmd=func_convert_file_noop
lt_cv_to_tool_file_cmd=func_convert_file_noop

## ----------------- ##
## Output variables. ##
## ----------------- ##

ACLOCAL='${SHELL} /root/git/cgminer/compat/libusb-1.0/missing --run aclocal-1.11'
AMDEPBACKSLASH='\'
AMDEP_FALSE='#'
AMDEP_TRUE=''
AMTAR='$${TAR-tar}'
AM_BACKSLASH='\'
AM_CFLAGS=' -std=gnu99 -Wall -Wundef -Wunused -Wstrict-prototypes -Werror-implicit-function-declaration -Wno-pointer-sign -Wshadow -pthread -fvisibility=hidden'
AM_DEFAULT_V='$(AM_DEFAULT_VERBOSITY)'
AM_DEFAULT_VERBOSITY='0'
AM_V='$(V)'
AR='ar'
AUTOCONF='${SHELL} /root/git/cgminer/compat/libusb-1.0/missing --run autoconf'
AUTOHEADER='${SHELL} /root/git/cgminer/compat/libusb-1.0/missing --run autoheader'
AUTOMAKE='${SHELL} /root/git/cgminer/compat/libusb-1.0/missing --run automake-1.11'
AWK='gawk'
CC='gcc'
CCDEPMODE='depmode=gcc3'
CFLAGS='-O2 -Wall -march=native'
CPP='gcc -E'
CPPFLAGS=''
CREATE_IMPORT_LIB_FALSE=''
CREATE_IMPORT_LIB_TRUE='#'
CYGPATH_W='echo'
DEFS='-DHAVE_CONFIG_H'
DEPDIR='.deps'
DLLTOOL='false'
DSYMUTIL=''
DUMPBIN=''
ECHO_C=''
ECHO_N='-n'
ECHO_T=''
EGREP='/bin/grep -E'
EXEEXT=''
FGREP='/bin/grep -F'
GREP='/bin/grep'
HAVE_SIGACTION_FALSE='#'
HAVE_SIGACTION_TRUE=''
INSTALL_DATA='${INSTALL} -m 644'
INSTALL_PROGRAM='${INSTALL}'
INSTALL_SCRIPT='${INSTALL}'
INSTALL_STRIP_PROGRAM='$(install_sh) -c -s'
LD='/usr/bin/ld -m elf_x86_64'
LDFLAGS=''
LIBOBJS=''
LIBS='-ludev -lrt  -pthread'
LIBTOOL='$(SHELL) $(top_builddir)/libtool'
LIPO=''
LN_S='ln -s'
LTLDFLAGS='-version-info 1:0:1 -no-undefined'
LTLIBOBJS=''
MAINT='#'
MAINTAINER_MODE_FALSE=''
MAINTAINER_MODE_TRUE='#'
MAKEINFO='${SHELL} /root/git/cgminer/compat/libusb-1.0/missing --run makeinfo'
MANIFEST_TOOL=':'
MKDIR_P='/bin/mkdir -p'
NM='/usr/bin/nm -B'
NMEDIT=''
OBJDUMP='objdump'
OBJEXT='o'
OS_DARWIN=''
OS_DARWIN_FALSE=''
OS_DARWIN_TRUE='#'
OS_LINUX=''
OS_LINUX_FALSE='#'
OS_LINUX_TRUE=''
OS_NETBSD=''
OS_NETBSD_FALSE=''
OS_NETBSD_TRUE='#'
OS_OPENBSD=''
OS_OPENBSD_FALSE=''
OS_OPENBSD_TRUE='#'
OS_WINDOWS=''
OS_WINDOWS_FALSE=''
OS_WINDOWS_TRUE='#'
OTOOL64=''
OTOOL=''
PACKAGE='libusb'
PACKAGE_BUGREPORT='libusb-devel@lists.sourceforge.net'
PACKAGE_NAME='libusb'
PACKAGE_STRING='libusb 1.0.18'
PACKAGE_TARNAME='libusb'
PACKAGE_URL='http://libusb.info'
PACKAGE_VERSION='1.0.18'
PATH_SEPARATOR=':'
RANLIB='ranlib'
RC=''
SED='/bin/sed'
SET_MAKE=''
SHELL='/bin/bash'
STRIP='strip'
THREADS_POSIX_FALSE='#'
THREADS_POSIX_TRUE=''
USE_UDEV=''
USE_UDEV_FALSE='#'
USE_UDEV_TRUE=''
VERSION='1.0.18'
ac_ct_AR='ar'
ac_ct_CC='gcc'
ac_ct_DUMPBIN=''
am__EXEEXT_FALSE=''
am__EXEEXT_TRUE='#'
am__fastdepCC_FALSE='#'
am__fastdepCC_TRUE=''
am__include='include'
am__isrc=''
am__leading_dot='.'
am__nodep='_no'
am__quote=''
am__tar='$${TAR-tar} chof - "$$tardir"'
am__untar='$${TAR-tar} xf -'
bindir='${exec_prefix}/bin'
build='x86_64-unknown-linux-gnu'
build_alias=''
build_cpu='x86_64'
build_os='linux-gnu'
build_vendor='unknown'
datadir='${datarootdir}'
datarootdir='${prefix}/share'
docdir='${datarootdir}/doc/${PACKAGE_TARNAME}'
dvidir='${docdir}'
exec_prefix='${prefix}'
host='x86_64-unknown-linux-gnu'
host_alias=''
host_cpu='x86_64'
host_os='linux-gnu'
host_vendor='unknown'
htmldir='${docdir}'
includedir='${prefix}/include'
infodir='${datarootdir}/info'
install_sh='${SHELL} /root/git/cgminer/compat/libusb-1.0/install-sh'
libdir='${exec_prefix}/lib'
libexecdir='${exec_prefix}/libexec'
localedir='${datarootdir}/locale'
localstatedir='${prefix}/var'
mandir='${datarootdir}/man'
mkdir_p='/bin/mkdir -p'
oldincludedir='/usr/include'
pdfdir='${docdir}'
prefix='/usr/local'
program_transform_name='s,x,x,'
psdir='${docdir}'
sbindir='${exec_prefix}/sbin'
sharedstatedir='${prefix}/com'
sysconfdir='${prefix}/etc'
target_alias=''

## ----------- ##
## confdefs.h. ##
## ----------- ##

/* confdefs.h */
#define PACKAGE_NAME "libusb"
#define PACKAGE_TARNAME "libusb"
#define PACKAGE_VERSION "1.0.18"
#define PACKAGE_STRING "libusb 1.0.18"
#define PACKAGE_BUGREPORT "libusb-devel@lists.sourceforge.net"
#define PACKAGE_URL "http://libusb.info"
#define PACKAGE "libusb"
#define VERSION "1.0.18"
#define STDC_HEADERS 1
#define HAVE_SYS_TYPES_H 1
#define HAVE_SYS_STAT_H 1
#define HAVE_STDLIB_H 1
#define HAVE_STRING_H 1
#define HAVE_MEMORY_H 1
#define HAVE_STRINGS_H 1
#define HAVE_INTTYPES_H 1
#define HAVE_STDINT_H 1
#define HAVE_UNISTD_H 1
#define HAVE_DLFCN_H 1
#define LT_OBJDIR ".libs/"
#define _GNU_SOURCE 1
#define OS_LINUX 1
#define HAVE_LIBUDEV_H 1
#define HAVE_LIBUDEV 1
#define USE_UDEV 1
#define HAVE_POLL_H 1
#define POLL_NFDS_TYPE nfds_t
#define THREADS_POSIX 1
#define USBI_TIMERFD_AVAILABLE 1
#define HAVE_STRUCT_TIMESPEC 1
#define ENABLE_LOGGING 1
#define HAVE_SYSLOG_H 1
#define HAVE_SYSLOG_FUNC 1
#define DEFAULT_VISIBILITY __attribute__((visibility("default")))
#define HAVE_SYS_TIME_H 1
#define HAVE_GETTIMEOFDAY 1
#define HAVE_SIGNAL_H 1

configure: exit 0
