This file contains any messages produced by compilers while
running configure, to aid debugging if configure makes a mistake.

It was created by configure, which was
generated by GNU Autoconf 2.59.  Invocation command line was

  $ ./configure 

## --------- ##
## Platform. ##
## --------- ##

hostname = lap-drorg
uname -m = x86_64
uname -r = 3.13.0-24-generic
uname -s = Linux
uname -v = #46-Ubuntu SMP Thu Apr 10 19:11:08 UTC 2014

/usr/bin/uname -p = unknown
/bin/uname -X     = unknown

/bin/arch              = unknown
/usr/bin/arch -k       = unknown
/usr/convex/getsysinfo = unknown
hostinfo               = unknown
/bin/machine           = unknown
/usr/bin/oslevel       = unknown
/bin/universe          = unknown

PATH: /root/uy/google-cloud-sdk/bin
PATH: /root/.gvm/bin
PATH: /usr/local/sbin
PATH: /usr/local/bin
PATH: /usr/sbin
PATH: /usr/bin
PATH: /sbin
PATH: /bin


## ----------- ##
## Core tests. ##
## ----------- ##

configure:1565: checking for a BSD-compatible install
configure:1620: result: /usr/bin/install -c
configure:1631: checking whether build environment is sane
configure:1674: result: yes
configure:1739: checking for gawk
configure:1755: found /usr/bin/gawk
configure:1765: result: gawk
configure:1775: checking whether make sets $(MAKE)
configure:1795: result: yes
configure:1973: checking build system type
configure:1991: result: x86_64-unknown-linux-gnu
configure:1999: checking host system type
configure:2013: result: x86_64-unknown-linux-gnu
configure:2068: checking for gcc
configure:2084: found /usr/bin/gcc
configure:2094: result: gcc
configure:2338: checking for C compiler version
configure:2341: gcc --version </dev/null >&5
gcc (Ubuntu 4.8.2-19ubuntu1) 4.8.2
Copyright (C) 2013 Free Software Foundation, Inc.
This is free software; see the source for copying conditions.  There is NO
warranty; not even for MERCHANTABILITY or FITNESS FOR A PARTICULAR PURPOSE.

configure:2344: $? = 0
configure:2346: gcc -v </dev/null >&5
Using built-in specs.
COLLECT_GCC=gcc
COLLECT_LTO_WRAPPER=/usr/lib/gcc/x86_64-linux-gnu/4.8/lto-wrapper
Target: x86_64-linux-gnu
Configured with: ../src/configure -v --with-pkgversion='Ubuntu 4.8.2-19ubuntu1' --with-bugurl=file:///usr/share/doc/gcc-4.8/README.Bugs --enable-languages=c,c++,java,go,d,fortran,objc,obj-c++ --prefix=/usr --program-suffix=-4.8 --enable-shared --enable-linker-build-id --libexecdir=/usr/lib --without-included-gettext --enable-threads=posix --with-gxx-include-dir=/usr/include/c++/4.8 --libdir=/usr/lib --enable-nls --with-sysroot=/ --enable-clocale=gnu --enable-libstdcxx-debug --enable-libstdcxx-time=yes --enable-gnu-unique-object --disable-libmudflap --enable-plugin --with-system-zlib --disable-browser-plugin --enable-java-awt=gtk --enable-gtk-cairo --with-java-home=/usr/lib/jvm/java-1.5.0-gcj-4.8-amd64/jre --enable-java-home --with-jvm-root-dir=/usr/lib/jvm/java-1.5.0-gcj-4.8-amd64 --with-jvm-jar-dir=/usr/lib/jvm-exports/java-1.5.0-gcj-4.8-amd64 --with-arch-directory=amd64 --with-ecj-jar=/usr/share/java/eclipse-ecj.jar --enable-objc-gc --enable-multiarch --disable-werror --with-arch-32=i686 --with-abi=m64 --with-multilib-list=m32,m64,mx32 --with-tune=generic --enable-checking=release --build=x86_64-linux-gnu --host=x86_64-linux-gnu --target=x86_64-linux-gnu
Thread model: posix
gcc version 4.8.2 (Ubuntu 4.8.2-19ubuntu1) 
configure:2349: $? = 0
configure:2351: gcc -V </dev/null >&5
gcc: error: unrecognized command line option '-V'
gcc: fatal error: no input files
compilation terminated.
configure:2354: $? = 4
configure:2377: checking for C compiler default output file name
configure:2380: gcc    conftest.c  >&5
configure:2383: $? = 0
configure:2429: result: a.out
configure:2434: checking whether the C compiler works
configure:2440: ./a.out
configure:2443: $? = 0
configure:2460: result: yes
configure:2467: checking whether we are cross compiling
configure:2469: result: no
configure:2472: checking for suffix of executables
configure:2474: gcc -o conftest    conftest.c  >&5
configure:2477: $? = 0
configure:2502: result: 
configure:2508: checking for suffix of object files
configure:2529: gcc -c   conftest.c >&5
configure:2532: $? = 0
configure:2554: result: o
configure:2558: checking whether we are using the GNU C compiler
configure:2582: gcc -c   conftest.c >&5
configure:2588: $? = 0
configure:2592: test -z 
			 || test ! -s conftest.err
configure:2595: $? = 0
configure:2598: test -s conftest.o
configure:2601: $? = 0
configure:2614: result: yes
configure:2620: checking whether gcc accepts -g
configure:2641: gcc -c -g  conftest.c >&5
configure:2647: $? = 0
configure:2651: test -z 
			 || test ! -s conftest.err
configure:2654: $? = 0
configure:2657: test -s conftest.o
configure:2660: $? = 0
configure:2671: result: yes
configure:2688: checking for gcc option to accept ANSI C
configure:2758: gcc  -c -g -O2  conftest.c >&5
configure:2764: $? = 0
configure:2768: test -z 
			 || test ! -s conftest.err
configure:2771: $? = 0
configure:2774: test -s conftest.o
configure:2777: $? = 0
configure:2795: result: none needed
configure:2813: gcc -c -g -O2  conftest.c >&5
conftest.c:2:3: error: unknown type name 'choke'
   choke me
   ^
conftest.c:2:3: error: expected '=', ',', ';', 'asm' or '__attribute__' at end of input
configure:2819: $? = 1
configure: failed program was:
| #ifndef __cplusplus
|   choke me
| #endif
configure:2963: checking for style of include used by make
configure:2991: result: GNU
configure:3019: checking dependency style of gcc
configure:3109: result: gcc3
configure:3127: checking for library containing strerror
configure:3157: gcc -o conftest -g -O2   conftest.c  >&5
configure:3163: $? = 0
configure:3167: test -z 
			 || test ! -s conftest.err
configure:3170: $? = 0
configure:3173: test -s conftest
configure:3176: $? = 0
configure:3246: result: none required
configure:3266: checking for a BSD-compatible install
configure:3321: result: /usr/bin/install -c
configure:3332: checking whether make sets $(MAKE)
configure:3352: result: yes
configure:3433: checking for a sed that does not truncate output
configure:3487: result: /bin/sed
configure:3490: checking for egrep
configure:3500: result: grep -E
configure:3516: checking for ld used by gcc
configure:3583: result: /usr/bin/ld
configure:3592: checking if the linker (/usr/bin/ld) is GNU ld
configure:3607: result: yes
configure:3612: checking for /usr/bin/ld option to reload object files
configure:3619: result: -r
configure:3628: checking for BSD-compatible nm
configure:3670: result: /usr/bin/nm -B
configure:3674: checking whether ln -s works
configure:3678: result: yes
configure:3685: checking how to recognise dependent libraries
configure:3868: result: pass_all
configure:3952: gcc -c -g -O2  conftest.c >&5
configure:3955: $? = 0
configure:4081: checking how to run the C preprocessor
configure:4116: gcc -E  conftest.c
configure:4122: $? = 0
configure:4154: gcc -E  conftest.c
conftest.c:11:28: fatal error: ac_nonexistent.h: No such file or directory
 #include <ac_nonexistent.h>
                            ^
compilation terminated.
configure:4160: $? = 1
configure: failed program was:
| /* confdefs.h.  */
| 
| #define PACKAGE_NAME ""
| #define PACKAGE_TARNAME ""
| #define PACKAGE_VERSION ""
| #define PACKAGE_STRING ""
| #define PACKAGE_BUGREPORT ""
| #define PACKAGE "dopewars"
| #define VERSION "1.5.12"
| /* end confdefs.h.  */
| #include <ac_nonexistent.h>
configure:4199: result: gcc -E
configure:4223: gcc -E  conftest.c
configure:4229: $? = 0
configure:4261: gcc -E  conftest.c
conftest.c:11:28: fatal error: ac_nonexistent.h: No such file or directory
 #include <ac_nonexistent.h>
                            ^
compilation terminated.
configure:4267: $? = 1
configure: failed program was:
| /* confdefs.h.  */
| 
| #define PACKAGE_NAME ""
| #define PACKAGE_TARNAME ""
| #define PACKAGE_VERSION ""
| #define PACKAGE_STRING ""
| #define PACKAGE_BUGREPORT ""
| #define PACKAGE "dopewars"
| #define VERSION "1.5.12"
| /* end confdefs.h.  */
| #include <ac_nonexistent.h>
configure:4311: checking for ANSI C header files
configure:4336: gcc -c -g -O2  conftest.c >&5
configure:4342: $? = 0
configure:4346: test -z 
			 || test ! -s conftest.err
configure:4349: $? = 0
configure:4352: test -s conftest.o
configure:4355: $? = 0
configure:4444: gcc -o conftest -g -O2   conftest.c  >&5
conftest.c: In function 'main':
conftest.c:28:7: warning: incompatible implicit declaration of built-in function 'exit' [enabled by default]
       exit(2);
       ^
configure:4447: $? = 0
configure:4449: ./conftest
configure:4452: $? = 0
configure:4467: result: yes
configure:4491: checking for sys/types.h
configure:4507: gcc -c -g -O2  conftest.c >&5
configure:4513: $? = 0
configure:4517: test -z 
			 || test ! -s conftest.err
configure:4520: $? = 0
configure:4523: test -s conftest.o
configure:4526: $? = 0
configure:4537: result: yes
configure:4491: checking for sys/stat.h
configure:4507: gcc -c -g -O2  conftest.c >&5
configure:4513: $? = 0
configure:4517: test -z 
			 || test ! -s conftest.err
configure:4520: $? = 0
configure:4523: test -s conftest.o
configure:4526: $? = 0
configure:4537: result: yes
configure:4491: checking for stdlib.h
configure:4507: gcc -c -g -O2  conftest.c >&5
configure:4513: $? = 0
configure:4517: test -z 
			 || test ! -s conftest.err
configure:4520: $? = 0
configure:4523: test -s conftest.o
configure:4526: $? = 0
configure:4537: result: yes
configure:4491: checking for string.h
configure:4507: gcc -c -g -O2  conftest.c >&5
configure:4513: $? = 0
configure:4517: test -z 
			 || test ! -s conftest.err
configure:4520: $? = 0
configure:4523: test -s conftest.o
configure:4526: $? = 0
configure:4537: result: yes
configure:4491: checking for memory.h
configure:4507: gcc -c -g -O2  conftest.c >&5
configure:4513: $? = 0
configure:4517: test -z 
			 || test ! -s conftest.err
configure:4520: $? = 0
configure:4523: test -s conftest.o
configure:4526: $? = 0
configure:4537: result: yes
configure:4491: checking for strings.h
configure:4507: gcc -c -g -O2  conftest.c >&5
configure:4513: $? = 0
configure:4517: test -z 
			 || test ! -s conftest.err
configure:4520: $? = 0
configure:4523: test -s conftest.o
configure:4526: $? = 0
configure:4537: result: yes
configure:4491: checking for inttypes.h
configure:4507: gcc -c -g -O2  conftest.c >&5
configure:4513: $? = 0
configure:4517: test -z 
			 || test ! -s conftest.err
configure:4520: $? = 0
configure:4523: test -s conftest.o
configure:4526: $? = 0
configure:4537: result: yes
configure:4491: checking for stdint.h
configure:4507: gcc -c -g -O2  conftest.c >&5
configure:4513: $? = 0
configure:4517: test -z 
			 || test ! -s conftest.err
configure:4520: $? = 0
configure:4523: test -s conftest.o
configure:4526: $? = 0
configure:4537: result: yes
configure:4491: checking for unistd.h
configure:4507: gcc -c -g -O2  conftest.c >&5
configure:4513: $? = 0
configure:4517: test -z 
			 || test ! -s conftest.err
configure:4520: $? = 0
configure:4523: test -s conftest.o
configure:4526: $? = 0
configure:4537: result: yes
configure:4563: checking dlfcn.h usability
configure:4575: gcc -c -g -O2  conftest.c >&5
configure:4581: $? = 0
configure:4585: test -z 
			 || test ! -s conftest.err
configure:4588: $? = 0
configure:4591: test -s conftest.o
configure:4594: $? = 0
configure:4604: result: yes
configure:4608: checking dlfcn.h presence
configure:4618: gcc -E  conftest.c
configure:4624: $? = 0
configure:4644: result: yes
configure:4679: checking for dlfcn.h
configure:4686: result: yes
configure:4751: checking for g++
configure:4767: found /usr/bin/g++
configure:4777: result: g++
configure:4793: checking for C++ compiler version
configure:4796: g++ --version </dev/null >&5
g++ (Ubuntu 4.8.2-19ubuntu1) 4.8.2
Copyright (C) 2013 Free Software Foundation, Inc.
This is free software; see the source for copying conditions.  There is NO
warranty; not even for MERCHANTABILITY or FITNESS FOR A PARTICULAR PURPOSE.

configure:4799: $? = 0
configure:4801: g++ -v </dev/null >&5
Using built-in specs.
COLLECT_GCC=g++
COLLECT_LTO_WRAPPER=/usr/lib/gcc/x86_64-linux-gnu/4.8/lto-wrapper
Target: x86_64-linux-gnu
Configured with: ../src/configure -v --with-pkgversion='Ubuntu 4.8.2-19ubuntu1' --with-bugurl=file:///usr/share/doc/gcc-4.8/README.Bugs --enable-languages=c,c++,java,go,d,fortran,objc,obj-c++ --prefix=/usr --program-suffix=-4.8 --enable-shared --enable-linker-build-id --libexecdir=/usr/lib --without-included-gettext --enable-threads=posix --with-gxx-include-dir=/usr/include/c++/4.8 --libdir=/usr/lib --enable-nls --with-sysroot=/ --enable-clocale=gnu --enable-libstdcxx-debug --enable-libstdcxx-time=yes --enable-gnu-unique-object --disable-libmudflap --enable-plugin --with-system-zlib --disable-browser-plugin --enable-java-awt=gtk --enable-gtk-cairo --with-java-home=/usr/lib/jvm/java-1.5.0-gcj-4.8-amd64/jre --enable-java-home --with-jvm-root-dir=/usr/lib/jvm/java-1.5.0-gcj-4.8-amd64 --with-jvm-jar-dir=/usr/lib/jvm-exports/java-1.5.0-gcj-4.8-amd64 --with-arch-directory=amd64 --with-ecj-jar=/usr/share/java/eclipse-ecj.jar --enable-objc-gc --enable-multiarch --disable-werror --with-arch-32=i686 --with-abi=m64 --with-multilib-list=m32,m64,mx32 --with-tune=generic --enable-checking=release --build=x86_64-linux-gnu --host=x86_64-linux-gnu --target=x86_64-linux-gnu
Thread model: posix
gcc version 4.8.2 (Ubuntu 4.8.2-19ubuntu1) 
configure:4804: $? = 0
configure:4806: g++ -V </dev/null >&5
g++: error: unrecognized command line option '-V'
g++: fatal error: no input files
compilation terminated.
configure:4809: $? = 4
configure:4812: checking whether we are using the GNU C++ compiler
configure:4836: g++ -c   conftest.cc >&5
configure:4842: $? = 0
configure:4846: test -z 
			 || test ! -s conftest.err
configure:4849: $? = 0
configure:4852: test -s conftest.o
configure:4855: $? = 0
configure:4868: result: yes
configure:4874: checking whether g++ accepts -g
configure:4895: g++ -c -g  conftest.cc >&5
configure:4901: $? = 0
configure:4905: test -z 
			 || test ! -s conftest.err
configure:4908: $? = 0
configure:4911: test -s conftest.o
configure:4914: $? = 0
configure:4925: result: yes
configure:4967: g++ -c -g -O2  conftest.cc >&5
configure:4973: $? = 0
configure:4977: test -z 
			 || test ! -s conftest.err
configure:4980: $? = 0
configure:4983: test -s conftest.o
configure:4986: $? = 0
configure:5012: g++ -c -g -O2  conftest.cc >&5
conftest.cc: In function 'int main()':
conftest.cc:26:9: error: 'exit' was not declared in this scope
 exit (42);
         ^
configure:5018: $? = 1
configure: failed program was:
| /* confdefs.h.  */
| 
| #define PACKAGE_NAME ""
| #define PACKAGE_TARNAME ""
| #define PACKAGE_VERSION ""
| #define PACKAGE_STRING ""
| #define PACKAGE_BUGREPORT ""
| #define PACKAGE "dopewars"
| #define VERSION "1.5.12"
| #define STDC_HEADERS 1
| #define HAVE_SYS_TYPES_H 1
| #define HAVE_SYS_STAT_H 1
| #define HAVE_STDLIB_H 1
| #define HAVE_STRING_H 1
| #define HAVE_MEMORY_H 1
| #define HAVE_STRINGS_H 1
| #define HAVE_INTTYPES_H 1
| #define HAVE_STDINT_H 1
| #define HAVE_UNISTD_H 1
| #define HAVE_DLFCN_H 1
| /* end confdefs.h.  */
| 
| int
| main ()
| {
| exit (42);
|   ;
|   return 0;
| }
configure:4967: g++ -c -g -O2  conftest.cc >&5
conftest.cc:22:40: error: 'void std::exit(int)' should have been declared inside 'std'
 extern "C" void std::exit (int) throw (); using std::exit;
                                        ^
configure:4973: $? = 1
configure: failed program was:
| /* confdefs.h.  */
| 
| #define PACKAGE_NAME ""
| #define PACKAGE_TARNAME ""
| #define PACKAGE_VERSION ""
| #define PACKAGE_STRING ""
| #define PACKAGE_BUGREPORT ""
| #define PACKAGE "dopewars"
| #define VERSION "1.5.12"
| #define STDC_HEADERS 1
| #define HAVE_SYS_TYPES_H 1
| #define HAVE_SYS_STAT_H 1
| #define HAVE_STDLIB_H 1
| #define HAVE_STRING_H 1
| #define HAVE_MEMORY_H 1
| #define HAVE_STRINGS_H 1
| #define HAVE_INTTYPES_H 1
| #define HAVE_STDINT_H 1
| #define HAVE_UNISTD_H 1
| #define HAVE_DLFCN_H 1
| /* end confdefs.h.  */
| extern "C" void std::exit (int) throw (); using std::exit;
| #include <stdlib.h>
| int
| main ()
| {
| exit (42);
|   ;
|   return 0;
| }
configure:4967: g++ -c -g -O2  conftest.cc >&5
conftest.cc:22:31: error: 'void std::exit(int)' should have been declared inside 'std'
 extern "C" void std::exit (int); using std::exit;
                               ^
In file included from conftest.cc:23:0:
/usr/include/stdlib.h:543:70: error: declaration of 'void std::exit(int) throw ()' has a different exception specifier
 extern void exit (int __status) __THROW __attribute__ ((__noreturn__));
                                                                      ^
conftest.cc:22:17: error: from previous declaration 'void std::exit(int)'
 extern "C" void std::exit (int); using std::exit;
                 ^
configure:4973: $? = 1
configure: failed program was:
| /* confdefs.h.  */
| 
| #define PACKAGE_NAME ""
| #define PACKAGE_TARNAME ""
| #define PACKAGE_VERSION ""
| #define PACKAGE_STRING ""
| #define PACKAGE_BUGREPORT ""
| #define PACKAGE "dopewars"
| #define VERSION "1.5.12"
| #define STDC_HEADERS 1
| #define HAVE_SYS_TYPES_H 1
| #define HAVE_SYS_STAT_H 1
| #define HAVE_STDLIB_H 1
| #define HAVE_STRING_H 1
| #define HAVE_MEMORY_H 1
| #define HAVE_STRINGS_H 1
| #define HAVE_INTTYPES_H 1
| #define HAVE_STDINT_H 1
| #define HAVE_UNISTD_H 1
| #define HAVE_DLFCN_H 1
| /* end confdefs.h.  */
| extern "C" void std::exit (int); using std::exit;
| #include <stdlib.h>
| int
| main ()
| {
| exit (42);
|   ;
|   return 0;
| }
configure:4967: g++ -c -g -O2  conftest.cc >&5
configure:4973: $? = 0
configure:4977: test -z 
			 || test ! -s conftest.err
configure:4980: $? = 0
configure:4983: test -s conftest.o
configure:4986: $? = 0
configure:5012: g++ -c -g -O2  conftest.cc >&5
configure:5018: $? = 0
configure:5022: test -z 
			 || test ! -s conftest.err
configure:5025: $? = 0
configure:5028: test -s conftest.o
configure:5031: $? = 0
configure:5056: checking dependency style of g++
configure:5146: result: gcc3
configure:5168: checking how to run the C++ preprocessor
configure:5199: g++ -E  conftest.cc
configure:5205: $? = 0
configure:5237: g++ -E  conftest.cc
conftest.cc:25:28: fatal error: ac_nonexistent.h: No such file or directory
 #include <ac_nonexistent.h>
                            ^
compilation terminated.
configure:5243: $? = 1
configure: failed program was:
| /* confdefs.h.  */
| 
| #define PACKAGE_NAME ""
| #define PACKAGE_TARNAME ""
| #define PACKAGE_VERSION ""
| #define PACKAGE_STRING ""
| #define PACKAGE_BUGREPORT ""
| #define PACKAGE "dopewars"
| #define VERSION "1.5.12"
| #define STDC_HEADERS 1
| #define HAVE_SYS_TYPES_H 1
| #define HAVE_SYS_STAT_H 1
| #define HAVE_STDLIB_H 1
| #define HAVE_STRING_H 1
| #define HAVE_MEMORY_H 1
| #define HAVE_STRINGS_H 1
| #define HAVE_INTTYPES_H 1
| #define HAVE_STDINT_H 1
| #define HAVE_UNISTD_H 1
| #define HAVE_DLFCN_H 1
| #ifdef __cplusplus
| extern "C" void exit (int) throw ();
| #endif
| /* end confdefs.h.  */
| #include <ac_nonexistent.h>
configure:5282: result: g++ -E
configure:5306: g++ -E  conftest.cc
configure:5312: $? = 0
configure:5344: g++ -E  conftest.cc
conftest.cc:25:28: fatal error: ac_nonexistent.h: No such file or directory
 #include <ac_nonexistent.h>
                            ^
compilation terminated.
configure:5350: $? = 1
configure: failed program was:
| /* confdefs.h.  */
| 
| #define PACKAGE_NAME ""
| #define PACKAGE_TARNAME ""
| #define PACKAGE_VERSION ""
| #define PACKAGE_STRING ""
| #define PACKAGE_BUGREPORT ""
| #define PACKAGE "dopewars"
| #define VERSION "1.5.12"
| #define STDC_HEADERS 1
| #define HAVE_SYS_TYPES_H 1
| #define HAVE_SYS_STAT_H 1
| #define HAVE_STDLIB_H 1
| #define HAVE_STRING_H 1
| #define HAVE_MEMORY_H 1
| #define HAVE_STRINGS_H 1
| #define HAVE_INTTYPES_H 1
| #define HAVE_STDINT_H 1
| #define HAVE_UNISTD_H 1
| #define HAVE_DLFCN_H 1
| #ifdef __cplusplus
| extern "C" void exit (int) throw ();
| #endif
| /* end confdefs.h.  */
| #include <ac_nonexistent.h>
configure:5445: checking for g77
configure:5474: result: no
configure:5445: checking for f77
configure:5474: result: no
configure:5445: checking for xlf
configure:5474: result: no
configure:5445: checking for frt
configure:5474: result: no
configure:5445: checking for pgf77
configure:5474: result: no
configure:5445: checking for fort77
configure:5474: result: no
configure:5445: checking for fl32
configure:5474: result: no
configure:5445: checking for af77
configure:5474: result: no
configure:5445: checking for f90
configure:5474: result: no
configure:5445: checking for xlf90
configure:5474: result: no
configure:5445: checking for pgf90
configure:5474: result: no
configure:5445: checking for epcf90
configure:5474: result: no
configure:5445: checking for f95
configure:5461: found /usr/bin/f95
configure:5471: result: f95
configure:5486: checking for Fortran 77 compiler version
configure:5489: f95 --version </dev/null >&5
GNU Fortran (Ubuntu 4.8.2-19ubuntu1) 4.8.2
Copyright (C) 2013 Free Software Foundation, Inc.

GNU Fortran comes with NO WARRANTY, to the extent permitted by law.
You may redistribute copies of GNU Fortran
under the terms of the GNU General Public License.
For more information about these matters, see the file named COPYING

configure:5492: $? = 0
configure:5494: f95 -v </dev/null >&5
Using built-in specs.
COLLECT_GCC=f95
COLLECT_LTO_WRAPPER=/usr/lib/gcc/x86_64-linux-gnu/4.8/lto-wrapper
Target: x86_64-linux-gnu
Configured with: ../src/configure -v --with-pkgversion='Ubuntu 4.8.2-19ubuntu1' --with-bugurl=file:///usr/share/doc/gcc-4.8/README.Bugs --enable-languages=c,c++,java,go,d,fortran,objc,obj-c++ --prefix=/usr --program-suffix=-4.8 --enable-shared --enable-linker-build-id --libexecdir=/usr/lib --without-included-gettext --enable-threads=posix --with-gxx-include-dir=/usr/include/c++/4.8 --libdir=/usr/lib --enable-nls --with-sysroot=/ --enable-clocale=gnu --enable-libstdcxx-debug --enable-libstdcxx-time=yes --enable-gnu-unique-object --disable-libmudflap --enable-plugin --with-system-zlib --disable-browser-plugin --enable-java-awt=gtk --enable-gtk-cairo --with-java-home=/usr/lib/jvm/java-1.5.0-gcj-4.8-amd64/jre --enable-java-home --with-jvm-root-dir=/usr/lib/jvm/java-1.5.0-gcj-4.8-amd64 --with-jvm-jar-dir=/usr/lib/jvm-exports/java-1.5.0-gcj-4.8-amd64 --with-arch-directory=amd64 --with-ecj-jar=/usr/share/java/eclipse-ecj.jar --enable-objc-gc --enable-multiarch --disable-werror --with-arch-32=i686 --with-abi=m64 --with-multilib-list=m32,m64,mx32 --with-tune=generic --enable-checking=release --build=x86_64-linux-gnu --host=x86_64-linux-gnu --target=x86_64-linux-gnu
Thread model: posix
gcc version 4.8.2 (Ubuntu 4.8.2-19ubuntu1) 
configure:5497: $? = 0
configure:5499: f95 -V </dev/null >&5
f95: error: unrecognized command line option '-V'
f95: fatal error: no input files
compilation terminated.
configure:5502: $? = 4
configure:5510: checking whether we are using the GNU Fortran 77 compiler
configure:5524: f95 -c  conftest.F >&5
configure:5530: $? = 0
configure:5534: test -z 
			 || test ! -s conftest.err
configure:5537: $? = 0
configure:5540: test -s conftest.o
configure:5543: $? = 0
configure:5556: result: yes
configure:5562: checking whether f95 accepts -g
configure:5574: f95 -c -g conftest.f >&5
configure:5580: $? = 0
configure:5584: test -z 
			 || test ! -s conftest.err
configure:5587: $? = 0
configure:5590: test -s conftest.o
configure:5593: $? = 0
configure:5605: result: yes
configure:5635: checking the maximum length of command line arguments
configure:5700: result: 32768
configure:5711: checking command to parse /usr/bin/nm -B output from gcc object
configure:5800: gcc -c -g -O2  conftest.c >&5
configure:5803: $? = 0
configure:5807: /usr/bin/nm -B conftest.o \| sed -n -e 's/^.*[ 	]\([ABCDGIRSTW][ABCDGIRSTW]*\)[ 	][ 	]*\(\)\([_A-Za-z][_A-Za-z0-9]*\)$/\1 \2\3 \3/p' \> conftest.nm
configure:5810: $? = 0
configure:5862: gcc -o conftest -g -O2   conftest.c conftstm.o >&5
configure:5865: $? = 0
configure:5903: result: ok
configure:5907: checking for objdir
configure:5922: result: .libs
configure:6012: checking for ar
configure:6028: found /usr/bin/ar
configure:6039: result: ar
configure:6092: checking for ranlib
configure:6108: found /usr/bin/ranlib
configure:6119: result: ranlib
configure:6172: checking for strip
configure:6188: found /usr/bin/strip
configure:6199: result: strip
configure:6461: checking if gcc static flag  works
configure:6484: result: yes
configure:6506: checking if gcc supports -fno-rtti -fno-exceptions
configure:6524: gcc -c -g -O2  -fno-rtti -fno-exceptions conftest.c >&5
cc1: warning: command line option '-fno-rtti' is valid for C++/ObjC++ but not for C [enabled by default]
configure:6528: $? = 0
configure:6539: result: no
configure:6554: checking for gcc option to produce PIC
configure:6731: result: -fPIC
configure:6739: checking if gcc PIC flag -fPIC works
configure:6757: gcc -c -g -O2  -fPIC -DPIC conftest.c >&5
configure:6761: $? = 0
configure:6772: result: yes
configure:6796: checking if gcc supports -c -o file.o
configure:6817: gcc -c -g -O2  -o out/conftest2.o conftest.c >&5
configure:6821: $? = 0
configure:6841: result: yes
configure:6867: checking whether the gcc linker (/usr/bin/ld -m elf_x86_64) supports shared libraries
configure:7715: result: yes
configure:7741: checking whether -lc should be explicitly linked in
configure:7746: gcc -c -g -O2  conftest.c >&5
configure:7749: $? = 0
configure:7763: gcc -shared conftest.o  -v -Wl,-soname -Wl,conftest -o conftest 2\>\&1 \| grep  -lc  \>/dev/null 2\>\&1
configure:7766: $? = 0
configure:7778: result: no
configure:7786: checking dynamic linker characteristics
configure:8152: gcc -c -g -O2  conftest.c >&5
configure:8155: $? = 0
configure:8347: result: GNU/Linux ld.so
configure:8351: checking how to hardcode library paths into programs
configure:8376: result: immediate
configure:8390: checking whether stripping libraries is possible
configure:8395: result: yes
configure:9225: checking if libtool supports shared libraries
configure:9227: result: yes
configure:9230: checking whether to build shared libraries
configure:9288: result: yes
configure:9291: checking whether to build static libraries
configure:9295: result: yes
configure:9387: creating libtool
configure:9934: checking for ld used by g++
configure:10001: result: /usr/bin/ld -m elf_x86_64
configure:10010: checking if the linker (/usr/bin/ld -m elf_x86_64) is GNU ld
configure:10025: result: yes
configure:10076: checking whether the g++ linker (/usr/bin/ld -m elf_x86_64) supports shared libraries
configure:10904: result: yes
configure:10926: g++ -c -g -O2  conftest.cc >&5
configure:10929: $? = 0
configure:11025: checking for g++ option to produce PIC
configure:11277: result: -fPIC
configure:11285: checking if g++ PIC flag -fPIC works
configure:11303: g++ -c -g -O2  -fPIC -DPIC conftest.cc >&5
configure:11307: $? = 0
configure:11318: result: yes
configure:11342: checking if g++ supports -c -o file.o
configure:11363: g++ -c -g -O2  -o out/conftest2.o conftest.cc >&5
configure:11367: $? = 0
configure:11387: result: yes
configure:11413: checking whether the g++ linker (/usr/bin/ld -m elf_x86_64) supports shared libraries
configure:11438: result: yes
configure:11509: checking dynamic linker characteristics
configure:11875: g++ -c -g -O2  conftest.cc >&5
configure:11878: $? = 0
configure:12070: result: GNU/Linux ld.so
configure:12074: checking how to hardcode library paths into programs
configure:12099: result: immediate
configure:12113: checking whether stripping libraries is possible
configure:12118: result: yes
configure:13425: checking if libtool supports shared libraries
configure:13427: result: yes
configure:13430: checking whether to build shared libraries
configure:13448: result: yes
configure:13451: checking whether to build static libraries
configure:13455: result: yes
configure:13467: checking for f95 option to produce PIC
configure:13644: result: -fPIC
configure:13652: checking if f95 PIC flag -fPIC works
configure:13670: f95 -c -g -O2 -fPIC conftest.f >&5
configure:13674: $? = 0
configure:13685: result: yes
configure:13709: checking if f95 supports -c -o file.o
configure:13730: f95 -c -g -O2 -o out/conftest2.o conftest.f >&5
configure:13734: $? = 0
configure:13754: result: yes
configure:13780: checking whether the f95 linker (/usr/bin/ld -m elf_x86_64) supports shared libraries
configure:14608: result: yes
configure:14679: checking dynamic linker characteristics
configure:15045: f95 -c -g -O2 conftest.f >&5
Warning: conftest.f:1: Illegal preprocessor directive
configure:15048: $? = 0
configure:15240: result: GNU/Linux ld.so
configure:15244: checking how to hardcode library paths into programs
configure:15269: result: immediate
configure:15283: checking whether stripping libraries is possible
configure:15288: result: yes
configure:19400: checking for ANSI C header files
configure:19556: result: yes
configure:19566: checking for sys/wait.h that is POSIX.1 compatible
configure:19597: gcc -c -g -O2  conftest.c >&5
configure:19603: $? = 0
configure:19607: test -z 
			 || test ! -s conftest.err
configure:19610: $? = 0
configure:19613: test -s conftest.o
configure:19616: $? = 0
configure:19627: result: yes
configure:19654: checking fcntl.h usability
configure:19666: gcc -c -g -O2  conftest.c >&5
configure:19672: $? = 0
configure:19676: test -z 
			 || test ! -s conftest.err
configure:19679: $? = 0
configure:19682: test -s conftest.o
configure:19685: $? = 0
configure:19695: result: yes
configure:19699: checking fcntl.h presence
configure:19709: gcc -E  conftest.c
configure:19715: $? = 0
configure:19735: result: yes
configure:19770: checking for fcntl.h
configure:19777: result: yes
configure:19654: checking sys/time.h usability
configure:19666: gcc -c -g -O2  conftest.c >&5
configure:19672: $? = 0
configure:19676: test -z 
			 || test ! -s conftest.err
configure:19679: $? = 0
configure:19682: test -s conftest.o
configure:19685: $? = 0
configure:19695: result: yes
configure:19699: checking sys/time.h presence
configure:19709: gcc -E  conftest.c
configure:19715: $? = 0
configure:19735: result: yes
configure:19770: checking for sys/time.h
configure:19777: result: yes
configure:19645: checking for unistd.h
configure:19650: result: yes
configure:19645: checking for stdlib.h
configure:19650: result: yes
configure:19791: checking whether time.h and sys/time.h may both be included
configure:19816: gcc -c -g -O2  conftest.c >&5
configure:19822: $? = 0
configure:19826: test -z 
			 || test ! -s conftest.err
configure:19829: $? = 0
configure:19832: test -s conftest.o
configure:19835: $? = 0
configure:19846: result: yes
configure:19856: checking whether struct tm is in sys/time.h or time.h
configure:19879: gcc -c -g -O2  conftest.c >&5
configure:19885: $? = 0
configure:19889: test -z 
			 || test ! -s conftest.err
configure:19892: $? = 0
configure:19895: test -s conftest.o
configure:19898: $? = 0
configure:19909: result: time.h
configure:20405: result: Configuring for Unix binary
configure:20410: checking for newterm in -lncurses
configure:20440: gcc -o conftest -g -O2   conftest.c -lncurses   >&5
configure:20446: $? = 0
configure:20450: test -z 
			 || test ! -s conftest.err
configure:20453: $? = 0
configure:20456: test -s conftest
configure:20459: $? = 0
configure:20472: result: yes
configure:20673: checking for pkg-config
configure:20691: found /usr/bin/pkg-config
configure:20704: result: /usr/bin/pkg-config
configure:20725: checking for GTK+ - version >= 2.0.0
configure:20840: gcc -o conftest -g -O2 -pthread -I/usr/include/gtk-2.0 -I/usr/lib/x86_64-linux-gnu/gtk-2.0/include -I/usr/include/atk-1.0 -I/usr/include/cairo -I/usr/include/gdk-pixbuf-2.0 -I/usr/include/pango-1.0 -I/usr/include/gio-unix-2.0/ -I/usr/include/freetype2 -I/usr/include/glib-2.0 -I/usr/lib/x86_64-linux-gnu/glib-2.0/include -I/usr/include/pixman-1 -I/usr/include/libpng12 -I/usr/include/harfbuzz     conftest.c -lgtk-x11-2.0 -lgdk-x11-2.0 -latk-1.0 -lgio-2.0 -lpangoft2-1.0 -lpangocairo-1.0 -lgdk_pixbuf-2.0 -lcairo -lpango-1.0 -lfontconfig -lgobject-2.0 -lglib-2.0 -lfreetype   -lncurses  >&5
conftest.c: In function 'main':
conftest.c:44:10: warning: ignoring return value of 'system', declared with attribute warn_unused_result [-Wunused-result]
   system ("touch conf.gtktest");
          ^
configure:20843: $? = 0
configure:20845: ./conftest
configure:20848: $? = 0
configure:20866: result: yes (version 2.24.23)
configure:21331: checking for pkg-config
configure:21362: result: /usr/bin/pkg-config
configure:21385: checking for GLIB - version >= 2.0.0
configure:21504: gcc -o conftest -g -O2 -I/usr/include/glib-2.0 -I/usr/lib/x86_64-linux-gnu/glib-2.0/include     conftest.c -lglib-2.0   -lncurses  >&5
conftest.c: In function 'main':
conftest.c:44:10: warning: ignoring return value of 'system', declared with attribute warn_unused_result [-Wunused-result]
   system ("touch conf.glibtest");
          ^
configure:21507: $? = 0
configure:21509: ./conftest
configure:21512: $? = 0
configure:21530: result: yes (version 2.40.0)
configure:21991: checking for esd-config
configure:22022: result: no
configure:22030: checking for ESD - version >= 0.0.20
configure:22161: result: no
configure:22280: checking target system type
configure:22294: result: x86_64-unknown-linux-gnu
configure:22349: checking for sdl-config
configure:22367: found /usr/bin/sdl-config
configure:22380: result: /usr/bin/sdl-config
configure:22388: checking for SDL - version >= 1.0.0
configure:22480: gcc -o conftest -g -O2 -I/usr/include/SDL -D_GNU_SOURCE=1 -D_REENTRANT   conftest.c -lncurses  -L/usr/lib/x86_64-linux-gnu -lSDL >&5
configure:22483: $? = 0
configure:22485: ./conftest
configure:22488: $? = 0
configure:22507: result: yes
configure:22617: checking SDL/SDL_mixer.h usability
configure:22629: gcc -c -g -O2  conftest.c >&5
conftest.c:68:27: fatal error: SDL/SDL_mixer.h: No such file or directory
 #include <SDL/SDL_mixer.h>
                           ^
compilation terminated.
configure:22635: $? = 1
configure: failed program was:
| /* confdefs.h.  */
| 
| #define PACKAGE_NAME ""
| #define PACKAGE_TARNAME ""
| #define PACKAGE_VERSION ""
| #define PACKAGE_STRING ""
| #define PACKAGE_BUGREPORT ""
| #define PACKAGE "dopewars"
| #define VERSION "1.5.12"
| #define STDC_HEADERS 1
| #define HAVE_SYS_TYPES_H 1
| #define HAVE_SYS_STAT_H 1
| #define HAVE_STDLIB_H 1
| #define HAVE_STRING_H 1
| #define HAVE_MEMORY_H 1
| #define HAVE_STRINGS_H 1
| #define HAVE_INTTYPES_H 1
| #define HAVE_STDINT_H 1
| #define HAVE_UNISTD_H 1
| #define HAVE_DLFCN_H 1
| #ifdef __cplusplus
| extern "C" void exit (int) throw ();
| #endif
| #define STDC_HEADERS 1
| #define HAVE_SYS_WAIT_H 1
| #define HAVE_FCNTL_H 1
| #define HAVE_SYS_TIME_H 1
| #define HAVE_UNISTD_H 1
| #define HAVE_STDLIB_H 1
| #define TIME_WITH_SYS_TIME 1
| #define HAVE_LIBNCURSES 1
| #define HAVE_GLIB2 1
| /* end confdefs.h.  */
| #include <stdio.h>
| #if HAVE_SYS_TYPES_H
| # include <sys/types.h>
| #endif
| #if HAVE_SYS_STAT_H
| # include <sys/stat.h>
| #endif
| #if STDC_HEADERS
| # include <stdlib.h>
| # include <stddef.h>
| #else
| # if HAVE_STDLIB_H
| #  include <stdlib.h>
| # endif
| #endif
| #if HAVE_STRING_H
| # if !STDC_HEADERS && HAVE_MEMORY_H
| #  include <memory.h>
| # endif
| # include <string.h>
| #endif
| #if HAVE_STRINGS_H
| # include <strings.h>
| #endif
| #if HAVE_INTTYPES_H
| # include <inttypes.h>
| #else
| # if HAVE_STDINT_H
| #  include <stdint.h>
| # endif
| #endif
| #if HAVE_UNISTD_H
| # include <unistd.h>
| #endif
| #include <SDL/SDL_mixer.h>
configure:22658: result: no
configure:22662: checking SDL/SDL_mixer.h presence
configure:22672: gcc -E  conftest.c
conftest.c:34:27: fatal error: SDL/SDL_mixer.h: No such file or directory
 #include <SDL/SDL_mixer.h>
                           ^
compilation terminated.
configure:22678: $? = 1
configure: failed program was:
| /* confdefs.h.  */
| 
| #define PACKAGE_NAME ""
| #define PACKAGE_TARNAME ""
| #define PACKAGE_VERSION ""
| #define PACKAGE_STRING ""
| #define PACKAGE_BUGREPORT ""
| #define PACKAGE "dopewars"
| #define VERSION "1.5.12"
| #define STDC_HEADERS 1
| #define HAVE_SYS_TYPES_H 1
| #define HAVE_SYS_STAT_H 1
| #define HAVE_STDLIB_H 1
| #define HAVE_STRING_H 1
| #define HAVE_MEMORY_H 1
| #define HAVE_STRINGS_H 1
| #define HAVE_INTTYPES_H 1
| #define HAVE_STDINT_H 1
| #define HAVE_UNISTD_H 1
| #define HAVE_DLFCN_H 1
| #ifdef __cplusplus
| extern "C" void exit (int) throw ();
| #endif
| #define STDC_HEADERS 1
| #define HAVE_SYS_WAIT_H 1
| #define HAVE_FCNTL_H 1
| #define HAVE_SYS_TIME_H 1
| #define HAVE_UNISTD_H 1
| #define HAVE_STDLIB_H 1
| #define TIME_WITH_SYS_TIME 1
| #define HAVE_LIBNCURSES 1
| #define HAVE_GLIB2 1
| /* end confdefs.h.  */
| #include <SDL/SDL_mixer.h>
configure:22698: result: no
configure:22733: checking for SDL/SDL_mixer.h
configure:22740: result: no
configure:22749: checking for Mix_OpenAudio in -lSDL_mixer
configure:22779: gcc -o conftest -g -O2   conftest.c -lSDL_mixer  -lncurses  >&5
/usr/bin/ld: cannot find -lSDL_mixer
collect2: error: ld returned 1 exit status
configure:22785: $? = 1
configure: failed program was:
| /* confdefs.h.  */
| 
| #define PACKAGE_NAME ""
| #define PACKAGE_TARNAME ""
| #define PACKAGE_VERSION ""
| #define PACKAGE_STRING ""
| #define PACKAGE_BUGREPORT ""
| #define PACKAGE "dopewars"
| #define VERSION "1.5.12"
| #define STDC_HEADERS 1
| #define HAVE_SYS_TYPES_H 1
| #define HAVE_SYS_STAT_H 1
| #define HAVE_STDLIB_H 1
| #define HAVE_STRING_H 1
| #define HAVE_MEMORY_H 1
| #define HAVE_STRINGS_H 1
| #define HAVE_INTTYPES_H 1
| #define HAVE_STDINT_H 1
| #define HAVE_UNISTD_H 1
| #define HAVE_DLFCN_H 1
| #ifdef __cplusplus
| extern "C" void exit (int) throw ();
| #endif
| #define STDC_HEADERS 1
| #define HAVE_SYS_WAIT_H 1
| #define HAVE_FCNTL_H 1
| #define HAVE_SYS_TIME_H 1
| #define HAVE_UNISTD_H 1
| #define HAVE_STDLIB_H 1
| #define TIME_WITH_SYS_TIME 1
| #define HAVE_LIBNCURSES 1
| #define HAVE_GLIB2 1
| /* end confdefs.h.  */
| 
| /* Override any gcc2 internal prototype to avoid an error.  */
| #ifdef __cplusplus
| extern "C"
| #endif
| /* We use char because int might match the return type of a gcc2
|    builtin and then its argument prototype would still apply.  */
| char Mix_OpenAudio ();
| int
| main ()
| {
| Mix_OpenAudio ();
|   ;
|   return 0;
| }
configure:22811: result: no
configure:22844: checking for socklen_t data type
configure:22863: gcc -c -g -O2  conftest.c >&5
configure:22869: $? = 0
configure:22873: test -z 
			 || test ! -s conftest.err
configure:22876: $? = 0
configure:22879: test -s conftest.o
configure:22882: $? = 0
configure:22884: result: yes
configure:22971: checking for ranlib
configure:22998: result: ranlib
configure:23010: checking for an ANSI C-conforming const
configure:23077: gcc -c -g -O2  conftest.c >&5
configure:23083: $? = 0
configure:23087: test -z 
			 || test ! -s conftest.err
configure:23090: $? = 0
configure:23093: test -s conftest.o
configure:23096: $? = 0
configure:23107: result: yes
configure:23117: checking for inline
configure:23138: gcc -c -g -O2  conftest.c >&5
configure:23144: $? = 0
configure:23148: test -z 
			 || test ! -s conftest.err
configure:23151: $? = 0
configure:23154: test -s conftest.o
configure:23157: $? = 0
configure:23169: result: inline
configure:23188: checking for off_t
configure:23212: gcc -c -g -O2  conftest.c >&5
configure:23218: $? = 0
configure:23222: test -z 
			 || test ! -s conftest.err
configure:23225: $? = 0
configure:23228: test -s conftest.o
configure:23231: $? = 0
configure:23242: result: yes
configure:23254: checking for size_t
configure:23278: gcc -c -g -O2  conftest.c >&5
configure:23284: $? = 0
configure:23288: test -z 
			 || test ! -s conftest.err
configure:23291: $? = 0
configure:23294: test -s conftest.o
configure:23297: $? = 0
configure:23308: result: yes
configure:23322: checking for working alloca.h
configure:23343: gcc -o conftest -g -O2   conftest.c -lncurses  >&5
configure:23349: $? = 0
configure:23353: test -z 
			 || test ! -s conftest.err
configure:23356: $? = 0
configure:23359: test -s conftest
configure:23362: $? = 0
configure:23374: result: yes
configure:23384: checking for alloca
configure:23425: gcc -o conftest -g -O2   conftest.c -lncurses  >&5
configure:23431: $? = 0
configure:23435: test -z 
			 || test ! -s conftest.err
configure:23438: $? = 0
configure:23441: test -s conftest
configure:23444: $? = 0
configure:23456: result: yes
configure:23685: checking for stdlib.h
configure:23690: result: yes
configure:23685: checking for unistd.h
configure:23690: result: yes
configure:23834: checking for getpagesize
configure:23891: gcc -o conftest -g -O2   conftest.c -lncurses  >&5
configure:23897: $? = 0
configure:23901: test -z 
			 || test ! -s conftest.err
configure:23904: $? = 0
configure:23907: test -s conftest
configure:23910: $? = 0
configure:23922: result: yes
configure:23932: checking for working mmap
configure:24074: gcc -o conftest -g -O2   conftest.c -lncurses  >&5
configure:24077: $? = 0
configure:24079: ./conftest
configure:24082: $? = 0
configure:24096: result: yes
configure:24108: checking whether we are using the GNU C Library 2.1 or newer
configure:24139: result: yes
configure:24170: checking argz.h usability
configure:24182: gcc -c -g -O2  conftest.c >&5
configure:24188: $? = 0
configure:24192: test -z 
			 || test ! -s conftest.err
configure:24195: $? = 0
configure:24198: test -s conftest.o
configure:24201: $? = 0
configure:24211: result: yes
configure:24215: checking argz.h presence
configure:24225: gcc -E  conftest.c
configure:24231: $? = 0
configure:24251: result: yes
configure:24286: checking for argz.h
configure:24293: result: yes
configure:24170: checking limits.h usability
configure:24182: gcc -c -g -O2  conftest.c >&5
configure:24188: $? = 0
configure:24192: test -z 
			 || test ! -s conftest.err
configure:24195: $? = 0
configure:24198: test -s conftest.o
configure:24201: $? = 0
configure:24211: result: yes
configure:24215: checking limits.h presence
configure:24225: gcc -E  conftest.c
configure:24231: $? = 0
configure:24251: result: yes
configure:24286: checking for limits.h
configure:24293: result: yes
configure:24170: checking locale.h usability
configure:24182: gcc -c -g -O2  conftest.c >&5
configure:24188: $? = 0
configure:24192: test -z 
			 || test ! -s conftest.err
configure:24195: $? = 0
configure:24198: test -s conftest.o
configure:24201: $? = 0
configure:24211: result: yes
configure:24215: checking locale.h presence
configure:24225: gcc -E  conftest.c
configure:24231: $? = 0
configure:24251: result: yes
configure:24286: checking for locale.h
configure:24293: result: yes
configure:24170: checking nl_types.h usability
configure:24182: gcc -c -g -O2  conftest.c >&5
configure:24188: $? = 0
configure:24192: test -z 
			 || test ! -s conftest.err
configure:24195: $? = 0
configure:24198: test -s conftest.o
configure:24201: $? = 0
configure:24211: result: yes
configure:24215: checking nl_types.h presence
configure:24225: gcc -E  conftest.c
configure:24231: $? = 0
configure:24251: result: yes
configure:24286: checking for nl_types.h
configure:24293: result: yes
configure:24170: checking malloc.h usability
configure:24182: gcc -c -g -O2  conftest.c >&5
configure:24188: $? = 0
configure:24192: test -z 
			 || test ! -s conftest.err
configure:24195: $? = 0
configure:24198: test -s conftest.o
configure:24201: $? = 0
configure:24211: result: yes
configure:24215: checking malloc.h presence
configure:24225: gcc -E  conftest.c
configure:24231: $? = 0
configure:24251: result: yes
configure:24286: checking for malloc.h
configure:24293: result: yes
configure:24170: checking stddef.h usability
configure:24182: gcc -c -g -O2  conftest.c >&5
configure:24188: $? = 0
configure:24192: test -z 
			 || test ! -s conftest.err
configure:24195: $? = 0
configure:24198: test -s conftest.o
configure:24201: $? = 0
configure:24211: result: yes
configure:24215: checking stddef.h presence
configure:24225: gcc -E  conftest.c
configure:24231: $? = 0
configure:24251: result: yes
configure:24286: checking for stddef.h
configure:24293: result: yes
configure:24161: checking for stdlib.h
configure:24166: result: yes
configure:24161: checking for string.h
configure:24166: result: yes
configure:24161: checking for unistd.h
configure:24166: result: yes
configure:24170: checking sys/param.h usability
configure:24182: gcc -c -g -O2  conftest.c >&5
configure:24188: $? = 0
configure:24192: test -z 
			 || test ! -s conftest.err
configure:24195: $? = 0
configure:24198: test -s conftest.o
configure:24201: $? = 0
configure:24211: result: yes
configure:24215: checking sys/param.h presence
configure:24225: gcc -E  conftest.c
configure:24231: $? = 0
configure:24251: result: yes
configure:24286: checking for sys/param.h
configure:24293: result: yes
configure:24332: checking for feof_unlocked
configure:24389: gcc -o conftest -g -O2   conftest.c -lncurses  >&5
configure:24395: $? = 0
configure:24399: test -z 
			 || test ! -s conftest.err
configure:24402: $? = 0
configure:24405: test -s conftest
configure:24408: $? = 0
configure:24420: result: yes
configure:24332: checking for fgets_unlocked
configure:24389: gcc -o conftest -g -O2   conftest.c -lncurses  >&5
configure:24395: $? = 0
configure:24399: test -z 
			 || test ! -s conftest.err
configure:24402: $? = 0
configure:24405: test -s conftest
configure:24408: $? = 0
configure:24420: result: yes
configure:24332: checking for getcwd
configure:24389: gcc -o conftest -g -O2   conftest.c -lncurses  >&5
configure:24395: $? = 0
configure:24399: test -z 
			 || test ! -s conftest.err
configure:24402: $? = 0
configure:24405: test -s conftest
configure:24408: $? = 0
configure:24420: result: yes
configure:24332: checking for getegid
configure:24389: gcc -o conftest -g -O2   conftest.c -lncurses  >&5
configure:24395: $? = 0
configure:24399: test -z 
			 || test ! -s conftest.err
configure:24402: $? = 0
configure:24405: test -s conftest
configure:24408: $? = 0
configure:24420: result: yes
configure:24332: checking for geteuid
configure:24389: gcc -o conftest -g -O2   conftest.c -lncurses  >&5
configure:24395: $? = 0
configure:24399: test -z 
			 || test ! -s conftest.err
configure:24402: $? = 0
configure:24405: test -s conftest
configure:24408: $? = 0
configure:24420: result: yes
configure:24332: checking for getgid
configure:24389: gcc -o conftest -g -O2   conftest.c -lncurses  >&5
configure:24395: $? = 0
configure:24399: test -z 
			 || test ! -s conftest.err
configure:24402: $? = 0
configure:24405: test -s conftest
configure:24408: $? = 0
configure:24420: result: yes
configure:24332: checking for getuid
configure:24389: gcc -o conftest -g -O2   conftest.c -lncurses  >&5
configure:24395: $? = 0
configure:24399: test -z 
			 || test ! -s conftest.err
configure:24402: $? = 0
configure:24405: test -s conftest
configure:24408: $? = 0
configure:24420: result: yes
configure:24332: checking for mempcpy
configure:24389: gcc -o conftest -g -O2   conftest.c -lncurses  >&5
conftest.c:82:6: warning: conflicting types for built-in function 'mempcpy' [enabled by default]
 char mempcpy ();
      ^
configure:24395: $? = 0
configure:24399: test -z 
			 || test ! -s conftest.err
configure:24402: $? = 0
configure:24405: test -s conftest
configure:24408: $? = 0
configure:24420: result: yes
configure:24332: checking for munmap
configure:24389: gcc -o conftest -g -O2   conftest.c -lncurses  >&5
configure:24395: $? = 0
configure:24399: test -z 
			 || test ! -s conftest.err
configure:24402: $? = 0
configure:24405: test -s conftest
configure:24408: $? = 0
configure:24420: result: yes
configure:24332: checking for putenv
configure:24389: gcc -o conftest -g -O2   conftest.c -lncurses  >&5
configure:24395: $? = 0
configure:24399: test -z 
			 || test ! -s conftest.err
configure:24402: $? = 0
configure:24405: test -s conftest
configure:24408: $? = 0
configure:24420: result: yes
configure:24332: checking for setenv
configure:24389: gcc -o conftest -g -O2   conftest.c -lncurses  >&5
configure:24395: $? = 0
configure:24399: test -z 
			 || test ! -s conftest.err
configure:24402: $? = 0
configure:24405: test -s conftest
configure:24408: $? = 0
configure:24420: result: yes
configure:24332: checking for setlocale
configure:24389: gcc -o conftest -g -O2   conftest.c -lncurses  >&5
configure:24395: $? = 0
configure:24399: test -z 
			 || test ! -s conftest.err
configure:24402: $? = 0
configure:24405: test -s conftest
configure:24408: $? = 0
configure:24420: result: yes
configure:24332: checking for stpcpy
configure:24389: gcc -o conftest -g -O2   conftest.c -lncurses  >&5
conftest.c:87:6: warning: conflicting types for built-in function 'stpcpy' [enabled by default]
 char stpcpy ();
      ^
configure:24395: $? = 0
configure:24399: test -z 
			 || test ! -s conftest.err
configure:24402: $? = 0
configure:24405: test -s conftest
configure:24408: $? = 0
configure:24420: result: yes
configure:24332: checking for strchr
configure:24389: gcc -o conftest -g -O2   conftest.c -lncurses  >&5
conftest.c:88:6: warning: conflicting types for built-in function 'strchr' [enabled by default]
 char strchr ();
      ^
configure:24395: $? = 0
configure:24399: test -z 
			 || test ! -s conftest.err
configure:24402: $? = 0
configure:24405: test -s conftest
configure:24408: $? = 0
configure:24420: result: yes
configure:24332: checking for strcasecmp
configure:24389: gcc -o conftest -g -O2   conftest.c -lncurses  >&5
conftest.c:89:6: warning: conflicting types for built-in function 'strcasecmp' [enabled by default]
 char strcasecmp ();
      ^
configure:24395: $? = 0
configure:24399: test -z 
			 || test ! -s conftest.err
configure:24402: $? = 0
configure:24405: test -s conftest
configure:24408: $? = 0
configure:24420: result: yes
configure:24332: checking for strdup
configure:24389: gcc -o conftest -g -O2   conftest.c -lncurses  >&5
conftest.c:90:6: warning: conflicting types for built-in function 'strdup' [enabled by default]
 char strdup ();
      ^
configure:24395: $? = 0
configure:24399: test -z 
			 || test ! -s conftest.err
configure:24402: $? = 0
configure:24405: test -s conftest
configure:24408: $? = 0
configure:24420: result: yes
configure:24332: checking for strtoul
configure:24389: gcc -o conftest -g -O2   conftest.c -lncurses  >&5
configure:24395: $? = 0
configure:24399: test -z 
			 || test ! -s conftest.err
configure:24402: $? = 0
configure:24405: test -s conftest
configure:24408: $? = 0
configure:24420: result: yes
configure:24332: checking for tsearch
configure:24389: gcc -o conftest -g -O2   conftest.c -lncurses  >&5
configure:24395: $? = 0
configure:24399: test -z 
			 || test ! -s conftest.err
configure:24402: $? = 0
configure:24405: test -s conftest
configure:24408: $? = 0
configure:24420: result: yes
configure:24332: checking for __argz_count
configure:24389: gcc -o conftest -g -O2   conftest.c -lncurses  >&5
configure:24395: $? = 0
configure:24399: test -z 
			 || test ! -s conftest.err
configure:24402: $? = 0
configure:24405: test -s conftest
configure:24408: $? = 0
configure:24420: result: yes
configure:24332: checking for __argz_stringify
configure:24389: gcc -o conftest -g -O2   conftest.c -lncurses  >&5
configure:24395: $? = 0
configure:24399: test -z 
			 || test ! -s conftest.err
configure:24402: $? = 0
configure:24405: test -s conftest
configure:24408: $? = 0
configure:24420: result: yes
configure:24332: checking for __argz_next
configure:24389: gcc -o conftest -g -O2   conftest.c -lncurses  >&5
configure:24395: $? = 0
configure:24399: test -z 
			 || test ! -s conftest.err
configure:24402: $? = 0
configure:24405: test -s conftest
configure:24408: $? = 0
configure:24420: result: yes
configure:24445: checking for iconv
configure:24472: gcc -o conftest -g -O2   conftest.c -lncurses  >&5
configure:24478: $? = 0
configure:24482: test -z 
			 || test ! -s conftest.err
configure:24485: $? = 0
configure:24488: test -s conftest
configure:24491: $? = 0
configure:24557: result: yes
configure:24565: checking for iconv declaration
configure:24599: gcc -c -g -O2  conftest.c >&5
configure:24605: $? = 0
configure:24609: test -z 
			 || test ! -s conftest.err
configure:24612: $? = 0
configure:24615: test -s conftest.o
configure:24618: $? = 0
configure:24633: result: 
         extern size_t iconv (iconv_t cd, char * *inbuf, size_t *inbytesleft, char * *outbuf, size_t *outbytesleft);
configure:24649: checking for nl_langinfo and CODESET
configure:24670: gcc -o conftest -g -O2   conftest.c -lncurses  >&5
configure:24676: $? = 0
configure:24680: test -z 
			 || test ! -s conftest.err
configure:24683: $? = 0
configure:24686: test -s conftest
configure:24689: $? = 0
configure:24702: result: yes
configure:24713: checking for LC_MESSAGES
configure:24734: gcc -o conftest -g -O2   conftest.c -lncurses  >&5
configure:24740: $? = 0
configure:24744: test -z 
			 || test ! -s conftest.err
configure:24747: $? = 0
configure:24750: test -s conftest
configure:24753: $? = 0
configure:24765: result: yes
configure:24775: checking whether NLS is requested
configure:24784: result: yes
configure:24798: checking whether included gettext is requested
configure:24808: result: no
configure:24828: checking libintl.h usability
configure:24840: gcc -c -g -O2  conftest.c >&5
configure:24846: $? = 0
configure:24850: test -z 
			 || test ! -s conftest.err
configure:24853: $? = 0
configure:24856: test -s conftest.o
configure:24859: $? = 0
configure:24869: result: yes
configure:24873: checking libintl.h presence
configure:24883: gcc -E  conftest.c
configure:24889: $? = 0
configure:24909: result: yes
configure:24944: checking for libintl.h
configure:24951: result: yes
configure:24956: checking for GNU gettext in libc
configure:24979: gcc -o conftest -g -O2   conftest.c -lncurses  >&5
conftest.c: In function 'main':
conftest.c:83:8: warning: cast from pointer to integer of different size [-Wpointer-to-int-cast]
 return (int) gettext ("") + _nl_msg_cat_cntr
        ^
configure:24985: $? = 0
configure:24989: test -z 
			 || test ! -s conftest.err
configure:24992: $? = 0
configure:24995: test -s conftest
configure:24998: $? = 0
configure:25010: result: yes
configure:25094: checking for dcgettext
configure:25151: gcc -o conftest -g -O2   conftest.c -lncurses   >&5
conftest.c:102:6: warning: conflicting types for built-in function 'dcgettext' [enabled by default]
 char dcgettext ();
      ^
configure:25157: $? = 0
configure:25161: test -z 
			 || test ! -s conftest.err
configure:25164: $? = 0
configure:25167: test -s conftest
configure:25170: $? = 0
configure:25182: result: yes
configure:25196: checking for msgfmt
configure:25223: result: /usr/bin/msgfmt
configure:25232: checking for gmsgfmt
configure:25263: result: /usr/bin/msgfmt
configure:25273: checking for xgettext
configure:25300: result: /usr/bin/xgettext
configure:25476: checking for bison
configure:25492: found /usr/bin/bison
configure:25502: result: bison
configure:25515: checking version of bison
configure:25524: result: 3.0.2, ok
configure:25563: checking for catalogs to be installed
configure:25583: result:  de pl pt_BR fr fr_CA nn es es_ES
configure:25640: checking for long long
configure:25664: gcc -c -g -O2  conftest.c >&5
configure:25670: $? = 0
configure:25674: test -z 
			 || test ! -s conftest.err
configure:25677: $? = 0
configure:25680: test -s conftest.o
configure:25683: $? = 0
configure:25694: result: yes
configure:25697: checking size of long long
configure:26016: gcc -o conftest -g -O2   conftest.c -lncurses  >&5
configure:26019: $? = 0
configure:26021: ./conftest
configure:26024: $? = 0
configure:26047: result: 8
configure:26055: checking for working memcmp
configure:26103: gcc -o conftest -g -O2   conftest.c -lncurses  >&5
configure:26106: $? = 0
configure:26108: ./conftest
configure:26111: $? = 0
configure:26125: result: yes
configure:26136: checking for function prototypes
configure:26139: result: yes
configure:26156: checking whether setvbuf arguments are reversed
configure:26181: gcc -o conftest -g -O2   conftest.c -lncurses  >&5
conftest.c:87:10: error: conflicting types for 'setvbuf'
     int (setvbuf) (FILE *, int, char *, size_t);
          ^
In file included from conftest.c:85:0:
/usr/include/stdio.h:336:12: note: previous declaration of 'setvbuf' was here
 extern int setvbuf (FILE *__restrict __stream, char *__restrict __buf,
            ^
configure:26187: $? = 1
configure: failed program was:
| /* confdefs.h.  */
| 
| #define PACKAGE_NAME ""
| #define PACKAGE_TARNAME ""
| #define PACKAGE_VERSION ""
| #define PACKAGE_STRING ""
| #define PACKAGE_BUGREPORT ""
| #define PACKAGE "dopewars"
| #define VERSION "1.5.12"
| #define STDC_HEADERS 1
| #define HAVE_SYS_TYPES_H 1
| #define HAVE_SYS_STAT_H 1
| #define HAVE_STDLIB_H 1
| #define HAVE_STRING_H 1
| #define HAVE_MEMORY_H 1
| #define HAVE_STRINGS_H 1
| #define HAVE_INTTYPES_H 1
| #define HAVE_STDINT_H 1
| #define HAVE_UNISTD_H 1
| #define HAVE_DLFCN_H 1
| #ifdef __cplusplus
| extern "C" void exit (int) throw ();
| #endif
| #define STDC_HEADERS 1
| #define HAVE_SYS_WAIT_H 1
| #define HAVE_FCNTL_H 1
| #define HAVE_SYS_TIME_H 1
| #define HAVE_UNISTD_H 1
| #define HAVE_STDLIB_H 1
| #define TIME_WITH_SYS_TIME 1
| #define HAVE_LIBNCURSES 1
| #define HAVE_GLIB2 1
| #define HAVE_SOCKLEN_T 1
| #define HAVE_ALLOCA_H 1
| #define HAVE_ALLOCA 1
| #define HAVE_STDLIB_H 1
| #define HAVE_UNISTD_H 1
| #define HAVE_GETPAGESIZE 1
| #define HAVE_MMAP 1
| #define HAVE_ARGZ_H 1
| #define HAVE_LIMITS_H 1
| #define HAVE_LOCALE_H 1
| #define HAVE_NL_TYPES_H 1
| #define HAVE_MALLOC_H 1
| #define HAVE_STDDEF_H 1
| #define HAVE_STDLIB_H 1
| #define HAVE_STRING_H 1
| #define HAVE_UNISTD_H 1
| #define HAVE_SYS_PARAM_H 1
| #define HAVE_FEOF_UNLOCKED 1
| #define HAVE_FGETS_UNLOCKED 1
| #define HAVE_GETCWD 1
| #define HAVE_GETEGID 1
| #define HAVE_GETEUID 1
| #define HAVE_GETGID 1
| #define HAVE_GETUID 1
| #define HAVE_MEMPCPY 1
| #define HAVE_MUNMAP 1
| #define HAVE_PUTENV 1
| #define HAVE_SETENV 1
| #define HAVE_SETLOCALE 1
| #define HAVE_STPCPY 1
| #define HAVE_STRCHR 1
| #define HAVE_STRCASECMP 1
| #define HAVE_STRDUP 1
| #define HAVE_STRTOUL 1
| #define HAVE_TSEARCH 1
| #define HAVE___ARGZ_COUNT 1
| #define HAVE___ARGZ_STRINGIFY 1
| #define HAVE___ARGZ_NEXT 1
| #define HAVE_ICONV 1
| #define ICONV_CONST 
| #define HAVE_LANGINFO_CODESET 1
| #define HAVE_LC_MESSAGES 1
| #define ENABLE_NLS 1
| #define HAVE_GETTEXT 1
| #define HAVE_DCGETTEXT 1
| #define GUI_CLIENT 1
| #define CURSES_CLIENT 1
| #define HAVE_FIXED_GTK 1
| #define SIZEOF_LONG_LONG 8
| #define PROTOTYPES 1
| #define __PROTOTYPES 1
| /* end confdefs.h.  */
| #include <stdio.h>
| #	  if PROTOTYPES
| 	   int (setvbuf) (FILE *, int, char *, size_t);
| #	  endif
| int
| main ()
| {
| char buf; return setvbuf (stdout, _IOLBF, &buf, 1);
|   ;
|   return 0;
| }
configure:26308: result: no
configure:26322: checking for strftime
configure:26379: gcc -o conftest -g -O2   conftest.c -lncurses  >&5
conftest.c:109:6: warning: conflicting types for built-in function 'strftime' [enabled by default]
 char strftime ();
      ^
configure:26385: $? = 0
configure:26389: test -z 
			 || test ! -s conftest.err
configure:26392: $? = 0
configure:26395: test -s conftest
configure:26398: $? = 0
configure:26410: result: yes
configure:26502: checking for strdup
configure:26590: result: yes
configure:26502: checking for strstr
configure:26559: gcc -o conftest -g -O2   conftest.c -lncurses  >&5
conftest.c:111:6: warning: conflicting types for built-in function 'strstr' [enabled by default]
 char strstr ();
      ^
configure:26565: $? = 0
configure:26569: test -z 
			 || test ! -s conftest.err
configure:26572: $? = 0
configure:26575: test -s conftest
configure:26578: $? = 0
configure:26590: result: yes
configure:26502: checking for getopt
configure:26559: gcc -o conftest -g -O2   conftest.c -lncurses  >&5
configure:26565: $? = 0
configure:26569: test -z 
			 || test ! -s conftest.err
configure:26572: $? = 0
configure:26575: test -s conftest
configure:26578: $? = 0
configure:26590: result: yes
configure:26502: checking for getopt_long
configure:26559: gcc -o conftest -g -O2   conftest.c -lncurses  >&5
configure:26565: $? = 0
configure:26569: test -z 
			 || test ! -s conftest.err
configure:26572: $? = 0
configure:26575: test -s conftest
configure:26578: $? = 0
configure:26590: result: yes
configure:26502: checking for fork
configure:26559: gcc -o conftest -g -O2   conftest.c -lncurses  >&5
conftest.c:114:6: warning: conflicting types for built-in function 'fork' [enabled by default]
 char fork ();
      ^
configure:26565: $? = 0
configure:26569: test -z 
			 || test ! -s conftest.err
configure:26572: $? = 0
configure:26575: test -s conftest
configure:26578: $? = 0
configure:26590: result: yes
configure:26614: checking for library containing dlopen
configure:26644: gcc -o conftest -g -O2   conftest.c -lncurses  >&5
/tmp/cc7gABWW.o: In function `main':
/root/git/dopebot/dopewars-1.5.12/conftest.c:102: undefined reference to `dlopen'
collect2: error: ld returned 1 exit status
configure:26650: $? = 1
configure: failed program was:
| /* confdefs.h.  */
| 
| #define PACKAGE_NAME ""
| #define PACKAGE_TARNAME ""
| #define PACKAGE_VERSION ""
| #define PACKAGE_STRING ""
| #define PACKAGE_BUGREPORT ""
| #define PACKAGE "dopewars"
| #define VERSION "1.5.12"
| #define STDC_HEADERS 1
| #define HAVE_SYS_TYPES_H 1
| #define HAVE_SYS_STAT_H 1
| #define HAVE_STDLIB_H 1
| #define HAVE_STRING_H 1
| #define HAVE_MEMORY_H 1
| #define HAVE_STRINGS_H 1
| #define HAVE_INTTYPES_H 1
| #define HAVE_STDINT_H 1
| #define HAVE_UNISTD_H 1
| #define HAVE_DLFCN_H 1
| #ifdef __cplusplus
| extern "C" void exit (int) throw ();
| #endif
| #define STDC_HEADERS 1
| #define HAVE_SYS_WAIT_H 1
| #define HAVE_FCNTL_H 1
| #define HAVE_SYS_TIME_H 1
| #define HAVE_UNISTD_H 1
| #define HAVE_STDLIB_H 1
| #define TIME_WITH_SYS_TIME 1
| #define HAVE_LIBNCURSES 1
| #define HAVE_GLIB2 1
| #define HAVE_SOCKLEN_T 1
| #define HAVE_ALLOCA_H 1
| #define HAVE_ALLOCA 1
| #define HAVE_STDLIB_H 1
| #define HAVE_UNISTD_H 1
| #define HAVE_GETPAGESIZE 1
| #define HAVE_MMAP 1
| #define HAVE_ARGZ_H 1
| #define HAVE_LIMITS_H 1
| #define HAVE_LOCALE_H 1
| #define HAVE_NL_TYPES_H 1
| #define HAVE_MALLOC_H 1
| #define HAVE_STDDEF_H 1
| #define HAVE_STDLIB_H 1
| #define HAVE_STRING_H 1
| #define HAVE_UNISTD_H 1
| #define HAVE_SYS_PARAM_H 1
| #define HAVE_FEOF_UNLOCKED 1
| #define HAVE_FGETS_UNLOCKED 1
| #define HAVE_GETCWD 1
| #define HAVE_GETEGID 1
| #define HAVE_GETEUID 1
| #define HAVE_GETGID 1
| #define HAVE_GETUID 1
| #define HAVE_MEMPCPY 1
| #define HAVE_MUNMAP 1
| #define HAVE_PUTENV 1
| #define HAVE_SETENV 1
| #define HAVE_SETLOCALE 1
| #define HAVE_STPCPY 1
| #define HAVE_STRCHR 1
| #define HAVE_STRCASECMP 1
| #define HAVE_STRDUP 1
| #define HAVE_STRTOUL 1
| #define HAVE_TSEARCH 1
| #define HAVE___ARGZ_COUNT 1
| #define HAVE___ARGZ_STRINGIFY 1
| #define HAVE___ARGZ_NEXT 1
| #define HAVE_ICONV 1
| #define ICONV_CONST 
| #define HAVE_LANGINFO_CODESET 1
| #define HAVE_LC_MESSAGES 1
| #define ENABLE_NLS 1
| #define HAVE_GETTEXT 1
| #define HAVE_DCGETTEXT 1
| #define GUI_CLIENT 1
| #define CURSES_CLIENT 1
| #define HAVE_FIXED_GTK 1
| #define SIZEOF_LONG_LONG 8
| #define PROTOTYPES 1
| #define __PROTOTYPES 1
| #define HAVE_STRFTIME 1
| #define HAVE_STRDUP 1
| #define HAVE_STRSTR 1
| #define HAVE_GETOPT 1
| #define HAVE_GETOPT_LONG 1
| #define HAVE_FORK 1
| /* end confdefs.h.  */
| 
| /* Override any gcc2 internal prototype to avoid an error.  */
| #ifdef __cplusplus
| extern "C"
| #endif
| /* We use char because int might match the return type of a gcc2
|    builtin and then its argument prototype would still apply.  */
| char dlopen ();
| int
| main ()
| {
| dlopen ();
|   ;
|   return 0;
| }
configure:26699: gcc -o conftest -g -O2   conftest.c -ldl  -lncurses  >&5
configure:26705: $? = 0
configure:26709: test -z 
			 || test ! -s conftest.err
configure:26712: $? = 0
configure:26715: test -s conftest
configure:26718: $? = 0
configure:26733: result: -ldl
configure:26740: checking for dlopen
configure:26797: gcc -o conftest -g -O2   conftest.c -ldl -lncurses  >&5
configure:26803: $? = 0
configure:26807: test -z 
			 || test ! -s conftest.err
configure:26810: $? = 0
configure:26813: test -s conftest
configure:26816: $? = 0
configure:26828: result: yes
configure:26885: checking for library containing socket
configure:26915: gcc -o conftest -g -O2   conftest.c -ldl -lncurses  >&5
configure:26921: $? = 0
configure:26925: test -z 
			 || test ! -s conftest.err
configure:26928: $? = 0
configure:26931: test -s conftest
configure:26934: $? = 0
configure:27004: result: none required
configure:27011: checking for library containing gethostbyname
configure:27041: gcc -o conftest -g -O2   conftest.c -ldl -lncurses  >&5
configure:27047: $? = 0
configure:27051: test -z 
			 || test ! -s conftest.err
configure:27054: $? = 0
configure:27057: test -s conftest
configure:27060: $? = 0
configure:27130: result: none required
configure:27143: checking for socket
configure:27200: gcc -o conftest -g -O2   conftest.c -ldl -lncurses  >&5
configure:27206: $? = 0
configure:27210: test -z 
			 || test ! -s conftest.err
configure:27213: $? = 0
configure:27216: test -s conftest
configure:27219: $? = 0
configure:27231: result: yes
configure:27143: checking for gethostbyname
configure:27200: gcc -o conftest -g -O2   conftest.c -ldl -lncurses  >&5
configure:27206: $? = 0
configure:27210: test -z 
			 || test ! -s conftest.err
configure:27213: $? = 0
configure:27216: test -s conftest
configure:27219: $? = 0
configure:27231: result: yes
configure:27143: checking for select
configure:27200: gcc -o conftest -g -O2   conftest.c -ldl -lncurses  >&5
configure:27206: $? = 0
configure:27210: test -z 
			 || test ! -s conftest.err
configure:27213: $? = 0
configure:27216: test -s conftest
configure:27219: $? = 0
configure:27231: result: yes
configure:27568: creating ./config.status

## ---------------------- ##
## Running config.status. ##
## ---------------------- ##

This file was extended by config.status, which was
generated by GNU Autoconf 2.59.  Invocation command line was

  CONFIG_FILES    = 
  CONFIG_HEADERS  = 
  CONFIG_LINKS    = 
  CONFIG_COMMANDS = 
  $ ./config.status 

on lap-drorg

config.status:800: creating Makefile
config.status:800: creating src/Makefile
config.status:800: creating src/gui_client/Makefile
config.status:800: creating src/curses_client/Makefile
config.status:800: creating src/gtkport/Makefile
config.status:800: creating src/cursesport/Makefile
config.status:800: creating src/plugins/Makefile
config.status:800: creating sounds/Makefile
config.status:800: creating sounds/19.5degs/Makefile
config.status:800: creating doc/Makefile
config.status:800: creating doc/help/Makefile
config.status:800: creating intl/Makefile
config.status:800: creating dopewars.spec
config.status:800: creating doc/dopewars.6
config.status:800: creating po/Makefile.in
config.status:904: creating config.h
config.status:1378: executing depfiles commands
config.status:1378: executing default-1 commands
config.status:1378: executing default commands

## ---------------- ##
## Cache variables. ##
## ---------------- ##

ac_cv_build=x86_64-unknown-linux-gnu
ac_cv_build_alias=x86_64-unknown-linux-gnu
ac_cv_c_compiler_gnu=yes
ac_cv_c_const=yes
ac_cv_c_inline=inline
ac_cv_cxx_compiler_gnu=yes
ac_cv_env_CC_set=
ac_cv_env_CC_value=
ac_cv_env_CFLAGS_set=
ac_cv_env_CFLAGS_value=
ac_cv_env_CPPFLAGS_set=
ac_cv_env_CPPFLAGS_value=
ac_cv_env_CPP_set=
ac_cv_env_CPP_value=
ac_cv_env_CXXCPP_set=
ac_cv_env_CXXCPP_value=
ac_cv_env_CXXFLAGS_set=
ac_cv_env_CXXFLAGS_value=
ac_cv_env_CXX_set=
ac_cv_env_CXX_value=
ac_cv_env_F77_set=
ac_cv_env_F77_value=
ac_cv_env_FFLAGS_set=
ac_cv_env_FFLAGS_value=
ac_cv_env_LDFLAGS_set=
ac_cv_env_LDFLAGS_value=
ac_cv_env_build_alias_set=
ac_cv_env_build_alias_value=
ac_cv_env_host_alias_set=
ac_cv_env_host_alias_value=
ac_cv_env_target_alias_set=
ac_cv_env_target_alias_value=
ac_cv_exeext=
ac_cv_f77_compiler_gnu=yes
ac_cv_func___argz_count=yes
ac_cv_func___argz_next=yes
ac_cv_func___argz_stringify=yes
ac_cv_func_alloca_works=yes
ac_cv_func_dcgettext=yes
ac_cv_func_dlopen=yes
ac_cv_func_feof_unlocked=yes
ac_cv_func_fgets_unlocked=yes
ac_cv_func_fork=yes
ac_cv_func_getcwd=yes
ac_cv_func_getegid=yes
ac_cv_func_geteuid=yes
ac_cv_func_getgid=yes
ac_cv_func_gethostbyname=yes
ac_cv_func_getopt=yes
ac_cv_func_getopt_long=yes
ac_cv_func_getpagesize=yes
ac_cv_func_getuid=yes
ac_cv_func_memcmp_working=yes
ac_cv_func_mempcpy=yes
ac_cv_func_mmap_fixed_mapped=yes
ac_cv_func_munmap=yes
ac_cv_func_putenv=yes
ac_cv_func_select=yes
ac_cv_func_setenv=yes
ac_cv_func_setlocale=yes
ac_cv_func_setvbuf_reversed=no
ac_cv_func_socket=yes
ac_cv_func_stpcpy=yes
ac_cv_func_strcasecmp=yes
ac_cv_func_strchr=yes
ac_cv_func_strdup=yes
ac_cv_func_strftime=yes
ac_cv_func_strstr=yes
ac_cv_func_strtoul=yes
ac_cv_func_tsearch=yes
ac_cv_gnu_library_2_1=yes
ac_cv_header_SDL_SDL_mixer_h=no
ac_cv_header_argz_h=yes
ac_cv_header_dlfcn_h=yes
ac_cv_header_fcntl_h=yes
ac_cv_header_inttypes_h=yes
ac_cv_header_libintl_h=yes
ac_cv_header_limits_h=yes
ac_cv_header_locale_h=yes
ac_cv_header_malloc_h=yes
ac_cv_header_memory_h=yes
ac_cv_header_nl_types_h=yes
ac_cv_header_stdc=yes
ac_cv_header_stddef_h=yes
ac_cv_header_stdint_h=yes
ac_cv_header_stdlib_h=yes
ac_cv_header_string_h=yes
ac_cv_header_strings_h=yes
ac_cv_header_sys_param_h=yes
ac_cv_header_sys_stat_h=yes
ac_cv_header_sys_time_h=yes
ac_cv_header_sys_types_h=yes
ac_cv_header_sys_wait_h=yes
ac_cv_header_time=yes
ac_cv_header_unistd_h=yes
ac_cv_host=x86_64-unknown-linux-gnu
ac_cv_host_alias=x86_64-unknown-linux-gnu
ac_cv_lib_SDL_mixer_Mix_OpenAudio=no
ac_cv_lib_ncurses_newterm=yes
ac_cv_objext=o
ac_cv_path_ESD_CONFIG=no
ac_cv_path_GMSGFMT=/usr/bin/msgfmt
ac_cv_path_MSGFMT=/usr/bin/msgfmt
ac_cv_path_PKG_CONFIG=/usr/bin/pkg-config
ac_cv_path_SDL_CONFIG=/usr/bin/sdl-config
ac_cv_path_XGETTEXT=/usr/bin/xgettext
ac_cv_path_install='/usr/bin/install -c'
ac_cv_prog_AWK=gawk
ac_cv_prog_CPP='gcc -E'
ac_cv_prog_CXXCPP='g++ -E'
ac_cv_prog_INTLBISON=bison
ac_cv_prog_ac_ct_AR=ar
ac_cv_prog_ac_ct_CC=gcc
ac_cv_prog_ac_ct_CXX=g++
ac_cv_prog_ac_ct_F77=f95
ac_cv_prog_ac_ct_RANLIB=ranlib
ac_cv_prog_ac_ct_STRIP=strip
ac_cv_prog_cc_g=yes
ac_cv_prog_cc_stdc=
ac_cv_prog_cxx_g=yes
ac_cv_prog_egrep='grep -E'
ac_cv_prog_f77_g=yes
ac_cv_prog_make_make_set=yes
ac_cv_search_dlopen=-ldl
ac_cv_search_gethostbyname='none required'
ac_cv_search_socket='none required'
ac_cv_search_strerror='none required'
ac_cv_sizeof_long_long=8
ac_cv_struct_tm=time.h
ac_cv_target=x86_64-unknown-linux-gnu
ac_cv_target_alias=x86_64-unknown-linux-gnu
ac_cv_type_long_long=yes
ac_cv_type_off_t=yes
ac_cv_type_size_t=yes
ac_cv_working_alloca_h=yes
am_cv_CC_dependencies_compiler_type=gcc3
am_cv_CXX_dependencies_compiler_type=gcc3
am_cv_func_iconv=yes
am_cv_langinfo_codeset=yes
am_cv_lib_iconv=no
am_cv_proto_iconv='extern size_t iconv (iconv_t cd, char * *inbuf, size_t *inbytesleft, char * *outbuf, size_t *outbytesleft);'
am_cv_proto_iconv_arg1=
am_cv_val_LC_MESSAGES=yes
gt_cv_func_gnugettext1_libc=yes
lt_cv_deplibs_check_method=pass_all
lt_cv_file_magic_cmd='$MAGIC_CMD'
lt_cv_file_magic_test_file='/lib/libc.so* /lib/libc-*.so'
lt_cv_ld_reload_flag=-r
lt_cv_objdir=.libs
lt_cv_path_LD=/usr/bin/ld
lt_cv_path_LDCXX='/usr/bin/ld -m elf_x86_64'
lt_cv_path_NM='/usr/bin/nm -B'
lt_cv_path_SED=/bin/sed
lt_cv_prog_compiler_c_o=yes
lt_cv_prog_compiler_c_o_CXX=yes
lt_cv_prog_compiler_c_o_F77=yes
lt_cv_prog_compiler_rtti_exceptions=no
lt_cv_prog_gnu_ld=yes
lt_cv_prog_gnu_ldcxx=yes
lt_cv_sys_global_symbol_pipe='sed -n -e '\''s/^.*[ 	]\([ABCDGIRSTW][ABCDGIRSTW]*\)[ 	][ 	]*\(\)\([_A-Za-z][_A-Za-z0-9]*\)$/\1 \2\3 \3/p'\'''
lt_cv_sys_global_symbol_to_c_name_address='sed -n -e '\''s/^: \([^ ]*\) $/  {\"\1\", (lt_ptr) 0},/p'\'' -e '\''s/^[BCDEGRST] \([^ ]*\) \([^ ]*\)$/  {"\2", (lt_ptr) \&\2},/p'\'''
lt_cv_sys_global_symbol_to_cdecl='sed -n -e '\''s/^. .* \(.*\)$/extern int \1;/p'\'''
lt_cv_sys_max_cmd_len=32768
lt_lt_cv_prog_compiler_c_o='"yes"'
lt_lt_cv_prog_compiler_c_o_CXX='"yes"'
lt_lt_cv_prog_compiler_c_o_F77='"yes"'
lt_lt_cv_sys_global_symbol_pipe='"sed -n -e '\''s/^.*[ 	]\\([ABCDGIRSTW][ABCDGIRSTW]*\\)[ 	][ 	]*\\(\\)\\([_A-Za-z][_A-Za-z0-9]*\\)\$/\\1 \\2\\3 \\3/p'\''"'
lt_lt_cv_sys_global_symbol_to_c_name_address='"sed -n -e '\''s/^: \\([^ ]*\\) \$/  {\\\"\\1\\\", (lt_ptr) 0},/p'\'' -e '\''s/^[BCDEGRST] \\([^ ]*\\) \\([^ ]*\\)\$/  {\"\\2\", (lt_ptr) \\&\\2},/p'\''"'
lt_lt_cv_sys_global_symbol_to_cdecl='"sed -n -e '\''s/^. .* \\(.*\\)\$/extern int \\1;/p'\''"'
nls_cv_force_use_gnu_gettext=no
nls_cv_header_intl=
nls_cv_header_libgt=
nls_cv_use_gnu_gettext=no

## ----------------- ##
## Output variables. ##
## ----------------- ##

ACLOCAL='${SHELL} /root/git/dopebot/dopewars-1.5.12/missing --run aclocal-1.9'
ALLOCA=''
AMDEPBACKSLASH='\'
AMDEP_FALSE='#'
AMDEP_TRUE=''
AMTAR='${SHELL} /root/git/dopebot/dopewars-1.5.12/missing --run tar'
AR='ar'
AUTOCONF='${SHELL} /root/git/dopebot/dopewars-1.5.12/missing --run autoconf'
AUTOHEADER='${SHELL} /root/git/dopebot/dopewars-1.5.12/missing --run autoheader'
AUTOMAKE='${SHELL} /root/git/dopebot/dopewars-1.5.12/missing --run automake-1.9'
AWK='gawk'
BUILD_INCLUDED_LIBINTL='no'
CATALOGS=' de.gmo pl.gmo pt_BR.gmo fr.gmo fr_CA.gmo nn.gmo es.gmo es_ES.gmo'
CATOBJEXT='.gmo'
CC='gcc'
CCDEPMODE='depmode=gcc3'
CFLAGS='-g -O2 -Wall'
CPP='gcc -E'
CPPFLAGS=''
CURSESLIB='curses_client/libcursesclient.a'
CURSESPORTLIB='cursesport/libcursesport.a'
CURSESPORT_FALSE='#'
CURSESPORT_TRUE=''
CURSES_CLIENT_FALSE='#'
CURSES_CLIENT_TRUE=''
CXX='g++'
CXXCPP='g++ -E'
CXXDEPMODE='depmode=gcc3'
CXXFLAGS='-g -O2'
CYGPATH_W='echo'
DATADIRNAME='share'
DEFS='-DHAVE_CONFIG_H'
DEPDIR='.deps'
DPDATADIR='/usr/local/share'
DPSCOREDIR='/usr/local/var'
ECHO='echo'
ECHO_C=''
ECHO_N='-n'
ECHO_T=''
EGREP='grep -E'
ESD_CFLAGS=''
ESD_CONFIG='no'
ESD_FALSE=''
ESD_LIBS=''
ESD_TRUE='#'
EXEEXT=''
F77='f95'
FFLAGS='-g -O2'
GENCAT='gencat'
GLIBC21='yes'
GLIB_CFLAGS='-I/usr/include/glib-2.0 -I/usr/lib/x86_64-linux-gnu/glib-2.0/include  '
GLIB_CONFIG=''
GLIB_GENMARSHAL='glib-genmarshal'
GLIB_LIBS='-lglib-2.0  '
GLIB_MKENUMS='glib-mkenums'
GMOFILES=' de.gmo pl.gmo pt_BR.gmo fr.gmo fr_CA.gmo nn.gmo es.gmo es_ES.gmo'
GMSGFMT='/usr/bin/msgfmt'
GOBJECT_QUERY='gobject-query'
GTKPORTLIB='gtkport/libgtkport.a'
GTKPORT_FALSE='#'
GTKPORT_TRUE=''
GTK_CFLAGS='-pthread -I/usr/include/gtk-2.0 -I/usr/lib/x86_64-linux-gnu/gtk-2.0/include -I/usr/include/atk-1.0 -I/usr/include/cairo -I/usr/include/gdk-pixbuf-2.0 -I/usr/include/pango-1.0 -I/usr/include/gio-unix-2.0/ -I/usr/include/freetype2 -I/usr/include/glib-2.0 -I/usr/lib/x86_64-linux-gnu/glib-2.0/include -I/usr/include/pixman-1 -I/usr/include/libpng12 -I/usr/include/harfbuzz  '
GTK_CONFIG=''
GTK_LIBS='-lgtk-x11-2.0 -lgdk-x11-2.0 -latk-1.0 -lgio-2.0 -lpangoft2-1.0 -lpangocairo-1.0 -lgdk_pixbuf-2.0 -lcairo -lpango-1.0 -lfontconfig -lgobject-2.0 -lglib-2.0 -lfreetype  '
GUILIB='gui_client/libguiclient.a'
GUI_CLIENT_FALSE='#'
GUI_CLIENT_TRUE=''
INSTALL_DATA='${INSTALL} -m 644'
INSTALL_PROGRAM='${INSTALL}'
INSTALL_SCRIPT='${INSTALL}'
INSTALL_STRIP_PROGRAM='${SHELL} $(install_sh) -c -s'
INSTOBJEXT='.mo'
INTLBISON='bison'
INTLLIBS=''
INTLOBJS=''
INTL_LIBTOOL_SUFFIX_PREFIX=''
LDFLAGS=''
LIBICONV=''
LIBOBJS=''
LIBS='-ldl -lncurses '
LIBTOOL='$(SHELL) $(top_builddir)/libtool'
LN_S='ln -s'
LTLIBOBJS=''
MAKEINFO='${SHELL} /root/git/dopebot/dopewars-1.5.12/missing --run makeinfo'
MKINSTALLDIRS='./mkinstalldirs'
MSGFMT='/usr/bin/msgfmt'
OBJEXT='o'
PACKAGE='dopewars'
PACKAGE_BUGREPORT=''
PACKAGE_NAME=''
PACKAGE_STRING=''
PACKAGE_TARNAME=''
PACKAGE_VERSION=''
PATH_SEPARATOR=':'
PKG_CONFIG='/usr/bin/pkg-config'
PLUGINS_FALSE='#'
PLUGINS_TRUE=''
PLUGLIBS=''
PLUGOBJS=''
POFILES=' de.po pl.po pt_BR.po fr.po fr_CA.po nn.po es.po es_ES.po'
POSUB='po'
RANLIB='ranlib'
SDL_CFLAGS='-I/usr/include/SDL -D_GNU_SOURCE=1 -D_REENTRANT'
SDL_CONFIG='/usr/bin/sdl-config'
SDL_FALSE='#'
SDL_LIBS='-L/usr/lib/x86_64-linux-gnu -lSDL'
SDL_TRUE=''
SET_MAKE=''
SHELL='/bin/bash'
SOUND_CFLAGS=''
SOUND_LIBS=''
STRIP='strip'
USE_INCLUDED_LIBINTL='no'
USE_NLS='yes'
VERSION='1.5.12'
WNDRES=''
XGETTEXT='/usr/bin/xgettext'
ac_ct_AR='ar'
ac_ct_CC='gcc'
ac_ct_CXX='g++'
ac_ct_F77='f95'
ac_ct_RANLIB='ranlib'
ac_ct_STRIP='strip'
am__fastdepCC_FALSE='#'
am__fastdepCC_TRUE=''
am__fastdepCXX_FALSE='#'
am__fastdepCXX_TRUE=''
am__include='include'
am__leading_dot='.'
am__quote=''
am__tar='${AMTAR} chof - "$$tardir"'
am__untar='${AMTAR} xf -'
bindir='${exec_prefix}/bin'
build='x86_64-unknown-linux-gnu'
build_alias=''
build_cpu='x86_64'
build_os='linux-gnu'
build_vendor='unknown'
datadir='${prefix}/share'
exec_prefix='${prefix}'
host='x86_64-unknown-linux-gnu'
host_alias=''
host_cpu='x86_64'
host_os='linux-gnu'
host_vendor='unknown'
includedir='${prefix}/include'
infodir='${prefix}/info'
install_sh='/root/git/dopebot/dopewars-1.5.12/install-sh'
libdir='${exec_prefix}/lib'
libexecdir='${exec_prefix}/libexec'
localedir='${prefix}/share/locale'
localstatedir='${prefix}/var'
mandir='${prefix}/man'
mkdir_p='mkdir -p --'
oldincludedir='/usr/include'
plugindir='${exec_prefix}/lib/dopewars'
prefix='/usr/local'
program_transform_name='s,x,x,'
sbindir='${exec_prefix}/sbin'
sharedstatedir='${prefix}/com'
sysconfdir='${prefix}/etc'
target='x86_64-unknown-linux-gnu'
target_alias=''
target_cpu='x86_64'
target_os='linux-gnu'
target_vendor='unknown'

## ----------- ##
## confdefs.h. ##
## ----------- ##

#define CURSES_CLIENT 1
#define DPDATADIR "/usr/local/share"
#define DPSCOREDIR "/usr/local/var"
#define ENABLE_NLS 1
#define GUI_CLIENT 1
#define HAVE_ALLOCA 1
#define HAVE_ALLOCA_H 1
#define HAVE_ARGZ_H 1
#define HAVE_DCGETTEXT 1
#define HAVE_DLFCN_H 1
#define HAVE_FCNTL_H 1
#define HAVE_FEOF_UNLOCKED 1
#define HAVE_FGETS_UNLOCKED 1
#define HAVE_FIXED_GTK 1
#define HAVE_FORK 1
#define HAVE_GETCWD 1
#define HAVE_GETEGID 1
#define HAVE_GETEUID 1
#define HAVE_GETGID 1
#define HAVE_GETHOSTBYNAME 1
#define HAVE_GETOPT 1
#define HAVE_GETOPT_LONG 1
#define HAVE_GETPAGESIZE 1
#define HAVE_GETTEXT 1
#define HAVE_GETUID 1
#define HAVE_GLIB2 1
#define HAVE_ICONV 1
#define HAVE_INTTYPES_H 1
#define HAVE_LANGINFO_CODESET 1
#define HAVE_LC_MESSAGES 1
#define HAVE_LIBNCURSES 1
#define HAVE_LIMITS_H 1
#define HAVE_LOCALE_H 1
#define HAVE_MALLOC_H 1
#define HAVE_MEMORY_H 1
#define HAVE_MEMPCPY 1
#define HAVE_MMAP 1
#define HAVE_MUNMAP 1
#define HAVE_NL_TYPES_H 1
#define HAVE_PUTENV 1
#define HAVE_SELECT 1
#define HAVE_SETENV 1
#define HAVE_SETLOCALE 1
#define HAVE_SOCKET 1
#define HAVE_SOCKLEN_T 1
#define HAVE_STDDEF_H 1
#define HAVE_STDINT_H 1
#define HAVE_STDLIB_H 1
#define HAVE_STDLIB_H 1
#define HAVE_STDLIB_H 1
#define HAVE_STDLIB_H 1
#define HAVE_STPCPY 1
#define HAVE_STRCASECMP 1
#define HAVE_STRCHR 1
#define HAVE_STRDUP 1
#define HAVE_STRDUP 1
#define HAVE_STRFTIME 1
#define HAVE_STRINGS_H 1
#define HAVE_STRING_H 1
#define HAVE_STRING_H 1
#define HAVE_STRSTR 1
#define HAVE_STRTOUL 1
#define HAVE_SYS_PARAM_H 1
#define HAVE_SYS_STAT_H 1
#define HAVE_SYS_TIME_H 1
#define HAVE_SYS_TYPES_H 1
#define HAVE_SYS_WAIT_H 1
#define HAVE_TSEARCH 1
#define HAVE_UNISTD_H 1
#define HAVE_UNISTD_H 1
#define HAVE_UNISTD_H 1
#define HAVE_UNISTD_H 1
#define HAVE___ARGZ_COUNT 1
#define HAVE___ARGZ_NEXT 1
#define HAVE___ARGZ_STRINGIFY 1
#define ICONV_CONST 
#define LOCALEDIR "/usr/local/share/locale"
#define NETWORKING 1
#define PACKAGE "dopewars"
#define PACKAGE_BUGREPORT ""
#define PACKAGE_NAME ""
#define PACKAGE_STRING ""
#define PACKAGE_TARNAME ""
#define PACKAGE_VERSION ""
#define PLUGINDIR "/usr/local/lib/dopewars"
#define PLUGINS 1
#define PROTOTYPES 1
#define SIZEOF_LONG_LONG 8
#define STDC_HEADERS 1
#define STDC_HEADERS 1
#define TIME_WITH_SYS_TIME 1
#define VERSION "1.5.12"
#define __PROTOTYPES 1
#endif
#ifdef __cplusplus
extern "C" void exit (int) throw ();

configure: exit 0
