This file contains any messages produced by compilers while
running configure, to aid debugging if configure makes a mistake.

It was created by jansson configure 2.5, which was
generated by GNU Autoconf 2.69.  Invocation command line was

  $ ./configure --disable-option-checking --prefix=/usr/local --enable-cpumining CFLAGS=-O2 -Wall -march=native --cache-file=/dev/null --srcdir=.

## --------- ##
## Platform. ##
## --------- ##

hostname = drorg-desktop
uname -m = x86_64
uname -r = 3.5.0-17-generic
uname -s = Linux
uname -v = #28-Ubuntu SMP Tue Oct 9 19:31:23 UTC 2012

/usr/bin/uname -p = unknown
/bin/uname -X     = unknown

/bin/arch              = unknown
/usr/bin/arch -k       = unknown
/usr/convex/getsysinfo = unknown
/usr/bin/hostinfo      = unknown
/bin/machine           = unknown
/usr/bin/oslevel       = unknown
/bin/universe          = unknown

PATH: /usr/local/sbin
PATH: /usr/local/bin
PATH: /usr/sbin
PATH: /usr/bin
PATH: /sbin
PATH: /bin


## ----------- ##
## Core tests. ##
## ----------- ##

configure:2332: checking for a BSD-compatible install
configure:2400: result: /usr/bin/install -c
configure:2411: checking whether build environment is sane
configure:2461: result: yes
configure:2602: checking for a thread-safe mkdir -p
configure:2641: result: /bin/mkdir -p
configure:2654: checking for gawk
configure:2670: found /usr/bin/gawk
configure:2681: result: gawk
configure:2692: checking whether make sets $(MAKE)
configure:2714: result: yes
configure:2805: checking whether make supports nested variables
configure:2822: result: yes
configure:2887: checking for gcc
configure:2903: found /usr/bin/gcc
configure:2914: result: gcc
configure:3143: checking for C compiler version
configure:3152: gcc --version >&5
gcc (Ubuntu/Linaro 4.7.2-2ubuntu1) 4.7.2
Copyright (C) 2012 Free Software Foundation, Inc.
This is free software; see the source for copying conditions.  There is NO
warranty; not even for MERCHANTABILITY or FITNESS FOR A PARTICULAR PURPOSE.

configure:3163: $? = 0
configure:3152: gcc -v >&5
Using built-in specs.
COLLECT_GCC=gcc
COLLECT_LTO_WRAPPER=/usr/lib/gcc/x86_64-linux-gnu/4.7/lto-wrapper
Target: x86_64-linux-gnu
Configured with: ../src/configure -v --with-pkgversion='Ubuntu/Linaro 4.7.2-2ubuntu1' --with-bugurl=file:///usr/share/doc/gcc-4.7/README.Bugs --enable-languages=c,c++,go,fortran,objc,obj-c++ --prefix=/usr --program-suffix=-4.7 --enable-shared --enable-linker-build-id --with-system-zlib --libexecdir=/usr/lib --without-included-gettext --enable-threads=posix --with-gxx-include-dir=/usr/include/c++/4.7 --libdir=/usr/lib --enable-nls --with-sysroot=/ --enable-clocale=gnu --enable-libstdcxx-debug --enable-libstdcxx-time=yes --enable-gnu-unique-object --enable-plugin --enable-objc-gc --disable-werror --with-arch-32=i686 --with-tune=generic --enable-checking=release --build=x86_64-linux-gnu --host=x86_64-linux-gnu --target=x86_64-linux-gnu
Thread model: posix
gcc version 4.7.2 (Ubuntu/Linaro 4.7.2-2ubuntu1) 
configure:3163: $? = 0
configure:3152: gcc -V >&5
gcc: error: unrecognized command line option '-V'
gcc: fatal error: no input files
compilation terminated.
configure:3163: $? = 4
configure:3152: gcc -qversion >&5
gcc: error: unrecognized command line option '-qversion'
gcc: fatal error: no input files
compilation terminated.
configure:3163: $? = 4
configure:3183: checking whether the C compiler works
configure:3205: gcc -O2 -Wall -march=native   conftest.c  >&5
configure:3209: $? = 0
configure:3257: result: yes
configure:3260: checking for C compiler default output file name
configure:3262: result: a.out
configure:3268: checking for suffix of executables
configure:3275: gcc -o conftest -O2 -Wall -march=native   conftest.c  >&5
configure:3279: $? = 0
configure:3301: result: 
configure:3323: checking whether we are cross compiling
configure:3331: gcc -o conftest -O2 -Wall -march=native   conftest.c  >&5
configure:3335: $? = 0
configure:3342: ./conftest
configure:3346: $? = 0
configure:3361: result: no
configure:3366: checking for suffix of object files
configure:3388: gcc -c -O2 -Wall -march=native  conftest.c >&5
configure:3392: $? = 0
configure:3413: result: o
configure:3417: checking whether we are using the GNU C compiler
configure:3436: gcc -c -O2 -Wall -march=native  conftest.c >&5
configure:3436: $? = 0
configure:3445: result: yes
configure:3454: checking whether gcc accepts -g
configure:3474: gcc -c -g  conftest.c >&5
configure:3474: $? = 0
configure:3515: result: yes
configure:3532: checking for gcc option to accept ISO C89
configure:3595: gcc  -c -O2 -Wall -march=native  conftest.c >&5
configure:3595: $? = 0
configure:3608: result: none needed
configure:3639: checking for style of include used by make
configure:3667: result: GNU
configure:3693: checking dependency style of gcc
configure:3804: result: gcc3
configure:3848: checking build system type
configure:3862: result: x86_64-unknown-linux-gnu
configure:3882: checking host system type
configure:3895: result: x86_64-unknown-linux-gnu
configure:3936: checking how to print strings
configure:3963: result: printf
configure:3984: checking for a sed that does not truncate output
configure:4048: result: /bin/sed
configure:4066: checking for grep that handles long lines and -e
configure:4124: result: /bin/grep
configure:4129: checking for egrep
configure:4191: result: /bin/grep -E
configure:4196: checking for fgrep
configure:4258: result: /bin/grep -F
configure:4293: checking for ld used by gcc
configure:4360: result: /usr/bin/ld
configure:4367: checking if the linker (/usr/bin/ld) is GNU ld
configure:4382: result: yes
configure:4394: checking for BSD- or MS-compatible name lister (nm)
configure:4443: result: /usr/bin/nm -B
configure:4573: checking the name lister (/usr/bin/nm -B) interface
configure:4580: gcc -c -O2 -Wall -march=native  conftest.c >&5
configure:4583: /usr/bin/nm -B "conftest.o"
configure:4586: output
0000000000000000 B some_variable
configure:4593: result: BSD nm
configure:4596: checking whether ln -s works
configure:4600: result: yes
configure:4608: checking the maximum length of command line arguments
configure:4738: result: 1572864
configure:4755: checking whether the shell understands some XSI constructs
configure:4765: result: yes
configure:4769: checking whether the shell understands "+="
configure:4775: result: yes
configure:4810: checking how to convert x86_64-unknown-linux-gnu file names to x86_64-unknown-linux-gnu format
configure:4850: result: func_convert_file_noop
configure:4857: checking how to convert x86_64-unknown-linux-gnu file names to toolchain format
configure:4877: result: func_convert_file_noop
configure:4884: checking for /usr/bin/ld option to reload object files
configure:4891: result: -r
configure:4965: checking for objdump
configure:4981: found /usr/bin/objdump
configure:4992: result: objdump
configure:5024: checking how to recognize dependent libraries
configure:5226: result: pass_all
configure:5311: checking for dlltool
configure:5341: result: no
configure:5371: checking how to associate runtime and link libraries
configure:5398: result: printf %s\n
configure:5459: checking for ar
configure:5475: found /usr/bin/ar
configure:5486: result: ar
configure:5523: checking for archiver @FILE support
configure:5540: gcc -c -O2 -Wall -march=native  conftest.c >&5
configure:5540: $? = 0
configure:5543: ar cru libconftest.a @conftest.lst >&5
configure:5546: $? = 0
configure:5551: ar cru libconftest.a @conftest.lst >&5
ar: conftest.o: No such file or directory
configure:5554: $? = 1
configure:5566: result: @
configure:5624: checking for strip
configure:5640: found /usr/bin/strip
configure:5651: result: strip
configure:5723: checking for ranlib
configure:5739: found /usr/bin/ranlib
configure:5750: result: ranlib
configure:5852: checking command to parse /usr/bin/nm -B output from gcc object
configure:5972: gcc -c -O2 -Wall -march=native  conftest.c >&5
configure:5975: $? = 0
configure:5979: /usr/bin/nm -B conftest.o \| sed -n -e 's/^.*[ ]\([ABCDGIRSTW][ABCDGIRSTW]*\)[ ][ ]*\([_A-Za-z][_A-Za-z0-9]*\)$/\1 \2 \2/p' | sed '/ __gnu_lto/d' \> conftest.nm
configure:5982: $? = 0
configure:6048: gcc -o conftest -O2 -Wall -march=native   conftest.c conftstm.o >&5
configure:6051: $? = 0
configure:6089: result: ok
configure:6126: checking for sysroot
configure:6156: result: no
configure:6233: gcc -c -O2 -Wall -march=native  conftest.c >&5
configure:6236: $? = 0
configure:6412: checking for mt
configure:6428: found /bin/mt
configure:6439: result: mt
configure:6462: checking if mt is a manifest tool
configure:6468: mt '-?'
configure:6476: result: no
configure:7118: checking how to run the C preprocessor
configure:7149: gcc -E  conftest.c
configure:7149: $? = 0
configure:7163: gcc -E  conftest.c
conftest.c:11:28: fatal error: ac_nonexistent.h: No such file or directory
compilation terminated.
configure:7163: $? = 1
configure: failed program was:
| /* confdefs.h */
| #define PACKAGE_NAME "jansson"
| #define PACKAGE_TARNAME "jansson"
| #define PACKAGE_VERSION "2.5"
| #define PACKAGE_STRING "jansson 2.5"
| #define PACKAGE_BUGREPORT "petri@digip.org"
| #define PACKAGE_URL ""
| #define PACKAGE "jansson"
| #define VERSION "2.5"
| /* end confdefs.h.  */
| #include <ac_nonexistent.h>
configure:7188: result: gcc -E
configure:7208: gcc -E  conftest.c
configure:7208: $? = 0
configure:7222: gcc -E  conftest.c
conftest.c:11:28: fatal error: ac_nonexistent.h: No such file or directory
compilation terminated.
configure:7222: $? = 1
configure: failed program was:
| /* confdefs.h */
| #define PACKAGE_NAME "jansson"
| #define PACKAGE_TARNAME "jansson"
| #define PACKAGE_VERSION "2.5"
| #define PACKAGE_STRING "jansson 2.5"
| #define PACKAGE_BUGREPORT "petri@digip.org"
| #define PACKAGE_URL ""
| #define PACKAGE "jansson"
| #define VERSION "2.5"
| /* end confdefs.h.  */
| #include <ac_nonexistent.h>
configure:7251: checking for ANSI C header files
configure:7271: gcc -c -O2 -Wall -march=native  conftest.c >&5
configure:7271: $? = 0
configure:7344: gcc -o conftest -O2 -Wall -march=native   conftest.c  >&5
configure:7344: $? = 0
configure:7344: ./conftest
configure:7344: $? = 0
configure:7355: result: yes
configure:7368: checking for sys/types.h
configure:7368: gcc -c -O2 -Wall -march=native  conftest.c >&5
configure:7368: $? = 0
configure:7368: result: yes
configure:7368: checking for sys/stat.h
configure:7368: gcc -c -O2 -Wall -march=native  conftest.c >&5
configure:7368: $? = 0
configure:7368: result: yes
configure:7368: checking for stdlib.h
configure:7368: gcc -c -O2 -Wall -march=native  conftest.c >&5
configure:7368: $? = 0
configure:7368: result: yes
configure:7368: checking for string.h
configure:7368: gcc -c -O2 -Wall -march=native  conftest.c >&5
configure:7368: $? = 0
configure:7368: result: yes
configure:7368: checking for memory.h
configure:7368: gcc -c -O2 -Wall -march=native  conftest.c >&5
configure:7368: $? = 0
configure:7368: result: yes
configure:7368: checking for strings.h
configure:7368: gcc -c -O2 -Wall -march=native  conftest.c >&5
configure:7368: $? = 0
configure:7368: result: yes
configure:7368: checking for inttypes.h
configure:7368: gcc -c -O2 -Wall -march=native  conftest.c >&5
configure:7368: $? = 0
configure:7368: result: yes
configure:7368: checking for stdint.h
configure:7368: gcc -c -O2 -Wall -march=native  conftest.c >&5
configure:7368: $? = 0
configure:7368: result: yes
configure:7368: checking for unistd.h
configure:7368: gcc -c -O2 -Wall -march=native  conftest.c >&5
configure:7368: $? = 0
configure:7368: result: yes
configure:7382: checking for dlfcn.h
configure:7382: gcc -c -O2 -Wall -march=native  conftest.c >&5
configure:7382: $? = 0
configure:7382: result: yes
configure:7588: checking for objdir
configure:7603: result: .libs
configure:7874: checking if gcc supports -fno-rtti -fno-exceptions
configure:7892: gcc -c -O2 -Wall -march=native  -fno-rtti -fno-exceptions conftest.c >&5
cc1: warning: command line option '-fno-rtti' is valid for C++/ObjC++ but not for C [enabled by default]
configure:7896: $? = 0
configure:7909: result: no
configure:8236: checking for gcc option to produce PIC
configure:8243: result: -fPIC -DPIC
configure:8251: checking if gcc PIC flag -fPIC -DPIC works
configure:8269: gcc -c -O2 -Wall -march=native  -fPIC -DPIC -DPIC conftest.c >&5
configure:8273: $? = 0
configure:8286: result: yes
configure:8315: checking if gcc static flag -static works
configure:8343: result: yes
configure:8358: checking if gcc supports -c -o file.o
configure:8379: gcc -c -O2 -Wall -march=native  -o out/conftest2.o conftest.c >&5
configure:8383: $? = 0
configure:8405: result: yes
configure:8413: checking if gcc supports -c -o file.o
configure:8460: result: yes
configure:8493: checking whether the gcc linker (/usr/bin/ld -m elf_x86_64) supports shared libraries
configure:9650: result: yes
configure:9687: checking whether -lc should be explicitly linked in
configure:9695: gcc -c -O2 -Wall -march=native  conftest.c >&5
configure:9698: $? = 0
configure:9713: gcc -shared  -fPIC -DPIC conftest.o  -v -Wl,-soname -Wl,conftest -o conftest 2\>\&1 \| /bin/grep  -lc  \>/dev/null 2\>\&1
configure:9716: $? = 0
configure:9730: result: no
configure:9890: checking dynamic linker characteristics
configure:10401: gcc -o conftest -O2 -Wall -march=native   -Wl,-rpath -Wl,/foo conftest.c  >&5
configure:10401: $? = 0
configure:10635: result: GNU/Linux ld.so
configure:10742: checking how to hardcode library paths into programs
configure:10767: result: immediate
configure:11307: checking whether stripping libraries is possible
configure:11312: result: yes
configure:11347: checking if libtool supports shared libraries
configure:11349: result: yes
configure:11352: checking whether to build shared libraries
configure:11373: result: yes
configure:11376: checking whether to build static libraries
configure:11380: result: yes
configure:11431: checking locale.h usability
configure:11431: gcc -c -O2 -Wall -march=native  conftest.c >&5
configure:11431: $? = 0
configure:11431: result: yes
configure:11431: checking locale.h presence
configure:11431: gcc -E  conftest.c
configure:11431: $? = 0
configure:11431: result: yes
configure:11431: checking for locale.h
configure:11431: result: yes
configure:11443: checking for int32_t
configure:11443: gcc -c -O2 -Wall -march=native  conftest.c >&5
configure:11443: $? = 0
configure:11443: gcc -c -O2 -Wall -march=native  conftest.c >&5
conftest.c: In function 'main':
conftest.c:62:53: warning: integer overflow in expression [-Woverflow]
conftest.c:61:12: error: storage size of 'test_array' isn't constant
conftest.c:61:12: warning: unused variable 'test_array' [-Wunused-variable]
configure:11443: $? = 1
configure: failed program was:
| /* confdefs.h */
| #define PACKAGE_NAME "jansson"
| #define PACKAGE_TARNAME "jansson"
| #define PACKAGE_VERSION "2.5"
| #define PACKAGE_STRING "jansson 2.5"
| #define PACKAGE_BUGREPORT "petri@digip.org"
| #define PACKAGE_URL ""
| #define PACKAGE "jansson"
| #define VERSION "2.5"
| #define STDC_HEADERS 1
| #define HAVE_SYS_TYPES_H 1
| #define HAVE_SYS_STAT_H 1
| #define HAVE_STDLIB_H 1
| #define HAVE_STRING_H 1
| #define HAVE_MEMORY_H 1
| #define HAVE_STRINGS_H 1
| #define HAVE_INTTYPES_H 1
| #define HAVE_STDINT_H 1
| #define HAVE_UNISTD_H 1
| #define HAVE_DLFCN_H 1
| #define LT_OBJDIR ".libs/"
| #define HAVE_LOCALE_H 1
| /* end confdefs.h.  */
| #include <stdio.h>
| #ifdef HAVE_SYS_TYPES_H
| # include <sys/types.h>
| #endif
| #ifdef HAVE_SYS_STAT_H
| # include <sys/stat.h>
| #endif
| #ifdef STDC_HEADERS
| # include <stdlib.h>
| # include <stddef.h>
| #else
| # ifdef HAVE_STDLIB_H
| #  include <stdlib.h>
| # endif
| #endif
| #ifdef HAVE_STRING_H
| # if !defined STDC_HEADERS && defined HAVE_MEMORY_H
| #  include <memory.h>
| # endif
| # include <string.h>
| #endif
| #ifdef HAVE_STRINGS_H
| # include <strings.h>
| #endif
| #ifdef HAVE_INTTYPES_H
| # include <inttypes.h>
| #endif
| #ifdef HAVE_STDINT_H
| # include <stdint.h>
| #endif
| #ifdef HAVE_UNISTD_H
| # include <unistd.h>
| #endif
| 	        enum { N = 32 / 2 - 1 };
| int
| main ()
| {
| static int test_array [1 - 2 * !((int32_t) (((((int32_t) 1 << N) << N) - 1) * 2 + 1)
| 		 < (int32_t) (((((int32_t) 1 << N) << N) - 1) * 2 + 2))];
| test_array [0] = 0;
| return test_array [0];
| 
|   ;
|   return 0;
| }
configure:11443: result: yes
configure:11455: checking for long long int
configure:11492: gcc -o conftest -O2 -Wall -march=native   conftest.c  >&5
configure:11492: $? = 0
configure:11522: gcc -o conftest -O2 -Wall -march=native   conftest.c  >&5
configure:11522: $? = 0
configure:11522: ./conftest
configure:11522: $? = 0
configure:11537: result: yes
configure:11546: checking for inline
configure:11562: gcc -c -O2 -Wall -march=native  conftest.c >&5
configure:11562: $? = 0
configure:11570: result: inline
configure:11599: checking for strtoll
configure:11599: gcc -o conftest -O2 -Wall -march=native   conftest.c  >&5
configure:11599: $? = 0
configure:11599: result: yes
configure:11599: checking for localeconv
configure:11599: gcc -o conftest -O2 -Wall -march=native   conftest.c  >&5
configure:11599: $? = 0
configure:11599: result: yes
configure:11757: creating ./config.status

## ---------------------- ##
## Running config.status. ##
## ---------------------- ##

This file was extended by jansson config.status 2.5, which was
generated by GNU Autoconf 2.69.  Invocation command line was

  CONFIG_FILES    = 
  CONFIG_HEADERS  = 
  CONFIG_LINKS    = 
  CONFIG_COMMANDS = 
  $ ./config.status 

on drorg-desktop

config.status:1092: creating jansson.pc
config.status:1092: creating Makefile
config.status:1092: creating src/Makefile
config.status:1092: creating src/jansson_config.h
config.status:1092: creating config.h
config.status:1273: config.h is unchanged
config.status:1321: executing depfiles commands
config.status:1321: executing libtool commands

## ---------------- ##
## Cache variables. ##
## ---------------- ##

ac_cv_build=x86_64-unknown-linux-gnu
ac_cv_c_compiler_gnu=yes
ac_cv_c_inline=inline
ac_cv_c_int32_t=yes
ac_cv_env_CC_set=
ac_cv_env_CC_value=
ac_cv_env_CFLAGS_set=set
ac_cv_env_CFLAGS_value='-O2 -Wall -march=native'
ac_cv_env_CPPFLAGS_set=
ac_cv_env_CPPFLAGS_value=
ac_cv_env_CPP_set=
ac_cv_env_CPP_value=
ac_cv_env_LDFLAGS_set=
ac_cv_env_LDFLAGS_value=
ac_cv_env_LIBS_set=
ac_cv_env_LIBS_value=
ac_cv_env_build_alias_set=
ac_cv_env_build_alias_value=
ac_cv_env_host_alias_set=
ac_cv_env_host_alias_value=
ac_cv_env_target_alias_set=
ac_cv_env_target_alias_value=
ac_cv_func_localeconv=yes
ac_cv_func_strtoll=yes
ac_cv_header_dlfcn_h=yes
ac_cv_header_inttypes_h=yes
ac_cv_header_locale_h=yes
ac_cv_header_memory_h=yes
ac_cv_header_stdc=yes
ac_cv_header_stdint_h=yes
ac_cv_header_stdlib_h=yes
ac_cv_header_string_h=yes
ac_cv_header_strings_h=yes
ac_cv_header_sys_stat_h=yes
ac_cv_header_sys_types_h=yes
ac_cv_header_unistd_h=yes
ac_cv_host=x86_64-unknown-linux-gnu
ac_cv_objext=o
ac_cv_path_EGREP='/bin/grep -E'
ac_cv_path_FGREP='/bin/grep -F'
ac_cv_path_GREP=/bin/grep
ac_cv_path_SED=/bin/sed
ac_cv_path_install='/usr/bin/install -c'
ac_cv_path_mkdir=/bin/mkdir
ac_cv_prog_AWK=gawk
ac_cv_prog_CPP='gcc -E'
ac_cv_prog_ac_ct_AR=ar
ac_cv_prog_ac_ct_CC=gcc
ac_cv_prog_ac_ct_MANIFEST_TOOL=mt
ac_cv_prog_ac_ct_OBJDUMP=objdump
ac_cv_prog_ac_ct_RANLIB=ranlib
ac_cv_prog_ac_ct_STRIP=strip
ac_cv_prog_cc_c89=
ac_cv_prog_cc_g=yes
ac_cv_prog_make_make_set=yes
ac_cv_type_long_long_int=yes
am_cv_CC_dependencies_compiler_type=gcc3
am_cv_make_support_nested_variables=yes
lt_cv_ar_at_file=@
lt_cv_archive_cmds_need_lc=no
lt_cv_deplibs_check_method=pass_all
lt_cv_file_magic_cmd='$MAGIC_CMD'
lt_cv_file_magic_test_file=
lt_cv_ld_reload_flag=-r
lt_cv_nm_interface='BSD nm'
lt_cv_objdir=.libs
lt_cv_path_LD=/usr/bin/ld
lt_cv_path_NM='/usr/bin/nm -B'
lt_cv_path_mainfest_tool=no
lt_cv_prog_compiler_c_o=yes
lt_cv_prog_compiler_pic='-fPIC -DPIC'
lt_cv_prog_compiler_pic_works=yes
lt_cv_prog_compiler_rtti_exceptions=no
lt_cv_prog_compiler_static_works=yes
lt_cv_prog_gnu_ld=yes
lt_cv_sharedlib_from_linklib_cmd='printf %s\n'
lt_cv_shlibpath_overrides_runpath=no
lt_cv_sys_global_symbol_pipe='sed -n -e '\''s/^.*[	 ]\([ABCDGIRSTW][ABCDGIRSTW]*\)[	 ][	 ]*\([_A-Za-z][_A-Za-z0-9]*\)$/\1 \2 \2/p'\'' | sed '\''/ __gnu_lto/d'\'''
lt_cv_sys_global_symbol_to_c_name_address='sed -n -e '\''s/^: \([^ ]*\)[ ]*$/  {\"\1\", (void *) 0},/p'\'' -e '\''s/^[ABCDGIRSTW]* \([^ ]*\) \([^ ]*\)$/  {"\2", (void *) \&\2},/p'\'''
lt_cv_sys_global_symbol_to_c_name_address_lib_prefix='sed -n -e '\''s/^: \([^ ]*\)[ ]*$/  {\"\1\", (void *) 0},/p'\'' -e '\''s/^[ABCDGIRSTW]* \([^ ]*\) \(lib[^ ]*\)$/  {"\2", (void *) \&\2},/p'\'' -e '\''s/^[ABCDGIRSTW]* \([^ ]*\) \([^ ]*\)$/  {"lib\2", (void *) \&\2},/p'\'''
lt_cv_sys_global_symbol_to_cdecl='sed -n -e '\''s/^T .* \(.*\)$/extern int \1();/p'\'' -e '\''s/^[ABCDGIRSTW]* .* \(.*\)$/extern char \1;/p'\'''
lt_cv_sys_max_cmd_len=1572864
lt_cv_to_host_file_cmd=func_convert_file_noop
lt_cv_to_tool_file_cmd=func_convert_file_noop

## ----------------- ##
## Output variables. ##
## ----------------- ##

ACLOCAL='${SHELL} /root/git/cgminer/compat/jansson-2.5/missing --run aclocal-1.11'
AMDEPBACKSLASH='\'
AMDEP_FALSE='#'
AMDEP_TRUE=''
AMTAR='$${TAR-tar}'
AM_BACKSLASH='\'
AM_DEFAULT_V='$(AM_DEFAULT_VERBOSITY)'
AM_DEFAULT_VERBOSITY='0'
AM_V='$(V)'
AR='ar'
AUTOCONF='${SHELL} /root/git/cgminer/compat/jansson-2.5/missing --run autoconf'
AUTOHEADER='${SHELL} /root/git/cgminer/compat/jansson-2.5/missing --run autoheader'
AUTOMAKE='${SHELL} /root/git/cgminer/compat/jansson-2.5/missing --run automake-1.11'
AWK='gawk'
CC='gcc'
CCDEPMODE='depmode=gcc3'
CFLAGS='-O2 -Wall -march=native'
CPP='gcc -E'
CPPFLAGS=''
CYGPATH_W='echo'
DEFS='-DHAVE_CONFIG_H'
DEPDIR='.deps'
DLLTOOL='false'
DSYMUTIL=''
DUMPBIN=''
ECHO_C=''
ECHO_N='-n'
ECHO_T=''
EGREP='/bin/grep -E'
EXEEXT=''
FGREP='/bin/grep -F'
GCC_FALSE='#'
GCC_TRUE=''
GREP='/bin/grep'
INSTALL_DATA='${INSTALL} -m 644'
INSTALL_PROGRAM='${INSTALL}'
INSTALL_SCRIPT='${INSTALL}'
INSTALL_STRIP_PROGRAM='$(install_sh) -c -s'
LD='/usr/bin/ld -m elf_x86_64'
LDFLAGS=''
LIBOBJS=''
LIBS=''
LIBTOOL='$(SHELL) $(top_builddir)/libtool'
LIPO=''
LN_S='ln -s'
LTLIBOBJS=''
MAKEINFO='${SHELL} /root/git/cgminer/compat/jansson-2.5/missing --run makeinfo'
MANIFEST_TOOL=':'
MKDIR_P='/bin/mkdir -p'
NM='/usr/bin/nm -B'
NMEDIT=''
OBJDUMP='objdump'
OBJEXT='o'
OTOOL64=''
OTOOL=''
PACKAGE='jansson'
PACKAGE_BUGREPORT='petri@digip.org'
PACKAGE_NAME='jansson'
PACKAGE_STRING='jansson 2.5'
PACKAGE_TARNAME='jansson'
PACKAGE_URL=''
PACKAGE_VERSION='2.5'
PATH_SEPARATOR=':'
RANLIB='ranlib'
SED='/bin/sed'
SET_MAKE=''
SHELL='/bin/bash'
STRIP='strip'
VERSION='2.5'
ac_ct_AR='ar'
ac_ct_CC='gcc'
ac_ct_DUMPBIN=''
am__EXEEXT_FALSE=''
am__EXEEXT_TRUE='#'
am__fastdepCC_FALSE='#'
am__fastdepCC_TRUE=''
am__include='include'
am__isrc=''
am__leading_dot='.'
am__nodep='_no'
am__quote=''
am__tar='$${TAR-tar} chof - "$$tardir"'
am__untar='$${TAR-tar} xf -'
bindir='${exec_prefix}/bin'
build='x86_64-unknown-linux-gnu'
build_alias=''
build_cpu='x86_64'
build_os='linux-gnu'
build_vendor='unknown'
datadir='${datarootdir}'
datarootdir='${prefix}/share'
docdir='${datarootdir}/doc/${PACKAGE_TARNAME}'
dvidir='${docdir}'
exec_prefix='${prefix}'
host='x86_64-unknown-linux-gnu'
host_alias=''
host_cpu='x86_64'
host_os='linux-gnu'
host_vendor='unknown'
htmldir='${docdir}'
includedir='${prefix}/include'
infodir='${datarootdir}/info'
install_sh='${SHELL} /root/git/cgminer/compat/jansson-2.5/install-sh'
json_have_localeconv='1'
json_have_long_long='1'
json_inline='inline'
libdir='${exec_prefix}/lib'
libexecdir='${exec_prefix}/libexec'
localedir='${datarootdir}/locale'
localstatedir='${prefix}/var'
mandir='${datarootdir}/man'
mkdir_p='/bin/mkdir -p'
oldincludedir='/usr/include'
pdfdir='${docdir}'
prefix='/usr/local'
program_transform_name='s,x,x,'
psdir='${docdir}'
sbindir='${exec_prefix}/sbin'
sharedstatedir='${prefix}/com'
sysconfdir='${prefix}/etc'
target_alias=''

## ----------- ##
## confdefs.h. ##
## ----------- ##

/* confdefs.h */
#define PACKAGE_NAME "jansson"
#define PACKAGE_TARNAME "jansson"
#define PACKAGE_VERSION "2.5"
#define PACKAGE_STRING "jansson 2.5"
#define PACKAGE_BUGREPORT "petri@digip.org"
#define PACKAGE_URL ""
#define PACKAGE "jansson"
#define VERSION "2.5"
#define STDC_HEADERS 1
#define HAVE_SYS_TYPES_H 1
#define HAVE_SYS_STAT_H 1
#define HAVE_STDLIB_H 1
#define HAVE_STRING_H 1
#define HAVE_MEMORY_H 1
#define HAVE_STRINGS_H 1
#define HAVE_INTTYPES_H 1
#define HAVE_STDINT_H 1
#define HAVE_UNISTD_H 1
#define HAVE_DLFCN_H 1
#define LT_OBJDIR ".libs/"
#define HAVE_LOCALE_H 1
#define HAVE_LONG_LONG_INT 1
#define HAVE_STRTOLL 1
#define HAVE_LOCALECONV 1

configure: exit 0
