This file contains any messages produced by compilers while
running configure, to aid debugging if configure makes a mistake.

It was created by cgminer configure 3.12.0, which was
generated by GNU Autoconf 2.69.  Invocation command line was

  $ ./configure --enable-cpumining

## --------- ##
## Platform. ##
## --------- ##

hostname = drorg-desktop
uname -m = x86_64
uname -r = 3.5.0-17-generic
uname -s = Linux
uname -v = #28-Ubuntu SMP Tue Oct 9 19:31:23 UTC 2012

/usr/bin/uname -p = unknown
/bin/uname -X     = unknown

/bin/arch              = unknown
/usr/bin/arch -k       = unknown
/usr/convex/getsysinfo = unknown
/usr/bin/hostinfo      = unknown
/bin/machine           = unknown
/usr/bin/oslevel       = unknown
/bin/universe          = unknown

PATH: /usr/local/sbin
PATH: /usr/local/bin
PATH: /usr/sbin
PATH: /usr/bin
PATH: /sbin
PATH: /bin


## ----------- ##
## Core tests. ##
## ----------- ##

configure:2845: checking build system type
configure:2859: result: x86_64-unknown-linux-gnu
configure:2879: checking host system type
configure:2892: result: x86_64-unknown-linux-gnu
configure:2912: checking target system type
configure:2925: result: x86_64-unknown-linux-gnu
configure:2973: checking for a BSD-compatible install
configure:3041: result: /usr/bin/install -c
configure:3052: checking whether build environment is sane
configure:3102: result: yes
configure:3243: checking for a thread-safe mkdir -p
configure:3282: result: /bin/mkdir -p
configure:3296: checking for gawk
configure:3312: found /usr/bin/gawk
configure:3323: result: gawk
configure:3334: checking whether make sets $(MAKE)
configure:3356: result: yes
configure:3447: checking whether make supports nested variables
configure:3464: result: yes
configure:3487: checking for style of include used by make
configure:3515: result: GNU
configure:3586: checking for gcc
configure:3602: found /usr/bin/gcc
configure:3613: result: gcc
configure:3842: checking for C compiler version
configure:3851: gcc --version >&5
gcc (Ubuntu/Linaro 4.7.2-2ubuntu1) 4.7.2
Copyright (C) 2012 Free Software Foundation, Inc.
This is free software; see the source for copying conditions.  There is NO
warranty; not even for MERCHANTABILITY or FITNESS FOR A PARTICULAR PURPOSE.

configure:3862: $? = 0
configure:3851: gcc -v >&5
Using built-in specs.
COLLECT_GCC=gcc
COLLECT_LTO_WRAPPER=/usr/lib/gcc/x86_64-linux-gnu/4.7/lto-wrapper
Target: x86_64-linux-gnu
Configured with: ../src/configure -v --with-pkgversion='Ubuntu/Linaro 4.7.2-2ubuntu1' --with-bugurl=file:///usr/share/doc/gcc-4.7/README.Bugs --enable-languages=c,c++,go,fortran,objc,obj-c++ --prefix=/usr --program-suffix=-4.7 --enable-shared --enable-linker-build-id --with-system-zlib --libexecdir=/usr/lib --without-included-gettext --enable-threads=posix --with-gxx-include-dir=/usr/include/c++/4.7 --libdir=/usr/lib --enable-nls --with-sysroot=/ --enable-clocale=gnu --enable-libstdcxx-debug --enable-libstdcxx-time=yes --enable-gnu-unique-object --enable-plugin --enable-objc-gc --disable-werror --with-arch-32=i686 --with-tune=generic --enable-checking=release --build=x86_64-linux-gnu --host=x86_64-linux-gnu --target=x86_64-linux-gnu
Thread model: posix
gcc version 4.7.2 (Ubuntu/Linaro 4.7.2-2ubuntu1) 
configure:3862: $? = 0
configure:3851: gcc -V >&5
gcc: error: unrecognized command line option '-V'
gcc: fatal error: no input files
compilation terminated.
configure:3862: $? = 4
configure:3851: gcc -qversion >&5
gcc: error: unrecognized command line option '-qversion'
gcc: fatal error: no input files
compilation terminated.
configure:3862: $? = 4
configure:3882: checking whether the C compiler works
configure:3904: gcc -O2 -Wall -march=native   conftest.c  >&5
configure:3908: $? = 0
configure:3956: result: yes
configure:3959: checking for C compiler default output file name
configure:3961: result: a.out
configure:3967: checking for suffix of executables
configure:3974: gcc -o conftest -O2 -Wall -march=native   conftest.c  >&5
configure:3978: $? = 0
configure:4000: result: 
configure:4022: checking whether we are cross compiling
configure:4030: gcc -o conftest -O2 -Wall -march=native   conftest.c  >&5
configure:4034: $? = 0
configure:4041: ./conftest
configure:4045: $? = 0
configure:4060: result: no
configure:4065: checking for suffix of object files
configure:4087: gcc -c -O2 -Wall -march=native  conftest.c >&5
configure:4091: $? = 0
configure:4112: result: o
configure:4116: checking whether we are using the GNU C compiler
configure:4135: gcc -c -O2 -Wall -march=native  conftest.c >&5
configure:4135: $? = 0
configure:4144: result: yes
configure:4153: checking whether gcc accepts -g
configure:4173: gcc -c -g  conftest.c >&5
configure:4173: $? = 0
configure:4214: result: yes
configure:4231: checking for gcc option to accept ISO C89
configure:4294: gcc  -c -O2 -Wall -march=native  conftest.c >&5
configure:4294: $? = 0
configure:4307: result: none needed
configure:4329: checking dependency style of gcc
configure:4440: result: gcc3
configure:4461: checking how to run the C preprocessor
configure:4492: gcc -E  conftest.c
configure:4492: $? = 0
configure:4506: gcc -E  conftest.c
conftest.c:11:28: fatal error: ac_nonexistent.h: No such file or directory
compilation terminated.
configure:4506: $? = 1
configure: failed program was:
| /* confdefs.h */
| #define PACKAGE_NAME "cgminer"
| #define PACKAGE_TARNAME "cgminer"
| #define PACKAGE_VERSION "3.12.0"
| #define PACKAGE_STRING "cgminer 3.12.0"
| #define PACKAGE_BUGREPORT "kernel@kolivas.org"
| #define PACKAGE_URL ""
| #define PACKAGE "cgminer"
| #define VERSION "3.12.0"
| /* end confdefs.h.  */
| #include <ac_nonexistent.h>
configure:4531: result: gcc -E
configure:4551: gcc -E  conftest.c
configure:4551: $? = 0
configure:4565: gcc -E  conftest.c
conftest.c:11:28: fatal error: ac_nonexistent.h: No such file or directory
compilation terminated.
configure:4565: $? = 1
configure: failed program was:
| /* confdefs.h */
| #define PACKAGE_NAME "cgminer"
| #define PACKAGE_TARNAME "cgminer"
| #define PACKAGE_VERSION "3.12.0"
| #define PACKAGE_STRING "cgminer 3.12.0"
| #define PACKAGE_BUGREPORT "kernel@kolivas.org"
| #define PACKAGE_URL ""
| #define PACKAGE "cgminer"
| #define VERSION "3.12.0"
| /* end confdefs.h.  */
| #include <ac_nonexistent.h>
configure:4594: checking for grep that handles long lines and -e
configure:4652: result: /bin/grep
configure:4657: checking for egrep
configure:4719: result: /bin/grep -E
configure:4724: checking for ANSI C header files
configure:4744: gcc -c -O2 -Wall -march=native  conftest.c >&5
configure:4744: $? = 0
configure:4817: gcc -o conftest -O2 -Wall -march=native   conftest.c  >&5
configure:4817: $? = 0
configure:4817: ./conftest
configure:4817: $? = 0
configure:4828: result: yes
configure:4841: checking for sys/types.h
configure:4841: gcc -c -O2 -Wall -march=native  conftest.c >&5
configure:4841: $? = 0
configure:4841: result: yes
configure:4841: checking for sys/stat.h
configure:4841: gcc -c -O2 -Wall -march=native  conftest.c >&5
configure:4841: $? = 0
configure:4841: result: yes
configure:4841: checking for stdlib.h
configure:4841: gcc -c -O2 -Wall -march=native  conftest.c >&5
configure:4841: $? = 0
configure:4841: result: yes
configure:4841: checking for string.h
configure:4841: gcc -c -O2 -Wall -march=native  conftest.c >&5
configure:4841: $? = 0
configure:4841: result: yes
configure:4841: checking for memory.h
configure:4841: gcc -c -O2 -Wall -march=native  conftest.c >&5
configure:4841: $? = 0
configure:4841: result: yes
configure:4841: checking for strings.h
configure:4841: gcc -c -O2 -Wall -march=native  conftest.c >&5
configure:4841: $? = 0
configure:4841: result: yes
configure:4841: checking for inttypes.h
configure:4841: gcc -c -O2 -Wall -march=native  conftest.c >&5
configure:4841: $? = 0
configure:4841: result: yes
configure:4841: checking for stdint.h
configure:4841: gcc -c -O2 -Wall -march=native  conftest.c >&5
configure:4841: $? = 0
configure:4841: result: yes
configure:4841: checking for unistd.h
configure:4841: gcc -c -O2 -Wall -march=native  conftest.c >&5
configure:4841: $? = 0
configure:4841: result: yes
configure:4856: checking minix/config.h usability
configure:4856: gcc -c -O2 -Wall -march=native  conftest.c >&5
conftest.c:54:26: fatal error: minix/config.h: No such file or directory
compilation terminated.
configure:4856: $? = 1
configure: failed program was:
| /* confdefs.h */
| #define PACKAGE_NAME "cgminer"
| #define PACKAGE_TARNAME "cgminer"
| #define PACKAGE_VERSION "3.12.0"
| #define PACKAGE_STRING "cgminer 3.12.0"
| #define PACKAGE_BUGREPORT "kernel@kolivas.org"
| #define PACKAGE_URL ""
| #define PACKAGE "cgminer"
| #define VERSION "3.12.0"
| #define STDC_HEADERS 1
| #define HAVE_SYS_TYPES_H 1
| #define HAVE_SYS_STAT_H 1
| #define HAVE_STDLIB_H 1
| #define HAVE_STRING_H 1
| #define HAVE_MEMORY_H 1
| #define HAVE_STRINGS_H 1
| #define HAVE_INTTYPES_H 1
| #define HAVE_STDINT_H 1
| #define HAVE_UNISTD_H 1
| /* end confdefs.h.  */
| #include <stdio.h>
| #ifdef HAVE_SYS_TYPES_H
| # include <sys/types.h>
| #endif
| #ifdef HAVE_SYS_STAT_H
| # include <sys/stat.h>
| #endif
| #ifdef STDC_HEADERS
| # include <stdlib.h>
| # include <stddef.h>
| #else
| # ifdef HAVE_STDLIB_H
| #  include <stdlib.h>
| # endif
| #endif
| #ifdef HAVE_STRING_H
| # if !defined STDC_HEADERS && defined HAVE_MEMORY_H
| #  include <memory.h>
| # endif
| # include <string.h>
| #endif
| #ifdef HAVE_STRINGS_H
| # include <strings.h>
| #endif
| #ifdef HAVE_INTTYPES_H
| # include <inttypes.h>
| #endif
| #ifdef HAVE_STDINT_H
| # include <stdint.h>
| #endif
| #ifdef HAVE_UNISTD_H
| # include <unistd.h>
| #endif
| #include <minix/config.h>
configure:4856: result: no
configure:4856: checking minix/config.h presence
configure:4856: gcc -E  conftest.c
conftest.c:21:26: fatal error: minix/config.h: No such file or directory
compilation terminated.
configure:4856: $? = 1
configure: failed program was:
| /* confdefs.h */
| #define PACKAGE_NAME "cgminer"
| #define PACKAGE_TARNAME "cgminer"
| #define PACKAGE_VERSION "3.12.0"
| #define PACKAGE_STRING "cgminer 3.12.0"
| #define PACKAGE_BUGREPORT "kernel@kolivas.org"
| #define PACKAGE_URL ""
| #define PACKAGE "cgminer"
| #define VERSION "3.12.0"
| #define STDC_HEADERS 1
| #define HAVE_SYS_TYPES_H 1
| #define HAVE_SYS_STAT_H 1
| #define HAVE_STDLIB_H 1
| #define HAVE_STRING_H 1
| #define HAVE_MEMORY_H 1
| #define HAVE_STRINGS_H 1
| #define HAVE_INTTYPES_H 1
| #define HAVE_STDINT_H 1
| #define HAVE_UNISTD_H 1
| /* end confdefs.h.  */
| #include <minix/config.h>
configure:4856: result: no
configure:4856: checking for minix/config.h
configure:4856: result: no
configure:4885: checking whether it is safe to define __EXTENSIONS__
configure:4903: gcc -c -O2 -Wall -march=native  conftest.c >&5
configure:4903: $? = 0
configure:4910: result: yes
configure:4957: checking whether to enable maintainer-specific portions of Makefiles
configure:4966: result: no
configure:5028: checking for gcc
configure:5055: result: gcc
configure:5284: checking for C compiler version
configure:5293: gcc --version >&5
gcc (Ubuntu/Linaro 4.7.2-2ubuntu1) 4.7.2
Copyright (C) 2012 Free Software Foundation, Inc.
This is free software; see the source for copying conditions.  There is NO
warranty; not even for MERCHANTABILITY or FITNESS FOR A PARTICULAR PURPOSE.

configure:5304: $? = 0
configure:5293: gcc -v >&5
Using built-in specs.
COLLECT_GCC=gcc
COLLECT_LTO_WRAPPER=/usr/lib/gcc/x86_64-linux-gnu/4.7/lto-wrapper
Target: x86_64-linux-gnu
Configured with: ../src/configure -v --with-pkgversion='Ubuntu/Linaro 4.7.2-2ubuntu1' --with-bugurl=file:///usr/share/doc/gcc-4.7/README.Bugs --enable-languages=c,c++,go,fortran,objc,obj-c++ --prefix=/usr --program-suffix=-4.7 --enable-shared --enable-linker-build-id --with-system-zlib --libexecdir=/usr/lib --without-included-gettext --enable-threads=posix --with-gxx-include-dir=/usr/include/c++/4.7 --libdir=/usr/lib --enable-nls --with-sysroot=/ --enable-clocale=gnu --enable-libstdcxx-debug --enable-libstdcxx-time=yes --enable-gnu-unique-object --enable-plugin --enable-objc-gc --disable-werror --with-arch-32=i686 --with-tune=generic --enable-checking=release --build=x86_64-linux-gnu --host=x86_64-linux-gnu --target=x86_64-linux-gnu
Thread model: posix
gcc version 4.7.2 (Ubuntu/Linaro 4.7.2-2ubuntu1) 
configure:5304: $? = 0
configure:5293: gcc -V >&5
gcc: error: unrecognized command line option '-V'
gcc: fatal error: no input files
compilation terminated.
configure:5304: $? = 4
configure:5293: gcc -qversion >&5
gcc: error: unrecognized command line option '-qversion'
gcc: fatal error: no input files
compilation terminated.
configure:5304: $? = 4
configure:5308: checking whether we are using the GNU C compiler
configure:5336: result: yes
configure:5345: checking whether gcc accepts -g
configure:5406: result: yes
configure:5423: checking for gcc option to accept ISO C89
configure:5499: result: none needed
configure:5521: checking dependency style of gcc
configure:5632: result: gcc3
configure:5690: checking for ranlib
configure:5706: found /usr/bin/ranlib
configure:5717: result: ranlib
configure:5765: checking whether gcc needs -traditional
configure:5799: result: no
configure:5807: checking whether gcc and cc understand -c and -o together
configure:5838: gcc -c conftest.c -o conftest2.o >&5
configure:5842: $? = 0
configure:5848: gcc -c conftest.c -o conftest2.o >&5
configure:5852: $? = 0
configure:5863: cc -c conftest.c >&5
configure:5867: $? = 0
configure:5875: cc -c conftest.c -o conftest2.o >&5
configure:5879: $? = 0
configure:5885: cc -c conftest.c -o conftest2.o >&5
configure:5889: $? = 0
configure:5907: result: yes
configure:5978: checking how to print strings
configure:6005: result: printf
configure:6026: checking for a sed that does not truncate output
configure:6090: result: /bin/sed
configure:6108: checking for fgrep
configure:6170: result: /bin/grep -F
configure:6205: checking for ld used by gcc
configure:6272: result: /usr/bin/ld
configure:6279: checking if the linker (/usr/bin/ld) is GNU ld
configure:6294: result: yes
configure:6306: checking for BSD- or MS-compatible name lister (nm)
configure:6355: result: /usr/bin/nm -B
configure:6485: checking the name lister (/usr/bin/nm -B) interface
configure:6492: gcc -c -O2 -Wall -march=native  conftest.c >&5
configure:6495: /usr/bin/nm -B "conftest.o"
configure:6498: output
0000000000000000 B some_variable
configure:6505: result: BSD nm
configure:6508: checking whether ln -s works
configure:6512: result: yes
configure:6520: checking the maximum length of command line arguments
configure:6650: result: 1572864
configure:6667: checking whether the shell understands some XSI constructs
configure:6677: result: yes
configure:6681: checking whether the shell understands "+="
configure:6687: result: yes
configure:6722: checking how to convert x86_64-unknown-linux-gnu file names to x86_64-unknown-linux-gnu format
configure:6762: result: func_convert_file_noop
configure:6769: checking how to convert x86_64-unknown-linux-gnu file names to toolchain format
configure:6789: result: func_convert_file_noop
configure:6796: checking for /usr/bin/ld option to reload object files
configure:6803: result: -r
configure:6877: checking for objdump
configure:6893: found /usr/bin/objdump
configure:6904: result: objdump
configure:6936: checking how to recognize dependent libraries
configure:7138: result: pass_all
configure:7223: checking for dlltool
configure:7253: result: no
configure:7283: checking how to associate runtime and link libraries
configure:7310: result: printf %s\n
configure:7370: checking for ar
configure:7386: found /usr/bin/ar
configure:7397: result: ar
configure:7434: checking for archiver @FILE support
configure:7451: gcc -c -O2 -Wall -march=native  conftest.c >&5
configure:7451: $? = 0
configure:7454: ar cru libconftest.a @conftest.lst >&5
configure:7457: $? = 0
configure:7462: ar cru libconftest.a @conftest.lst >&5
ar: conftest.o: No such file or directory
configure:7465: $? = 1
configure:7477: result: @
configure:7535: checking for strip
configure:7551: found /usr/bin/strip
configure:7562: result: strip
configure:7634: checking for ranlib
configure:7661: result: ranlib
configure:7763: checking command to parse /usr/bin/nm -B output from gcc object
configure:7883: gcc -c -O2 -Wall -march=native  conftest.c >&5
configure:7886: $? = 0
configure:7890: /usr/bin/nm -B conftest.o \| sed -n -e 's/^.*[ ]\([ABCDGIRSTW][ABCDGIRSTW]*\)[ ][ ]*\([_A-Za-z][_A-Za-z0-9]*\)$/\1 \2 \2/p' | sed '/ __gnu_lto/d' \> conftest.nm
configure:7893: $? = 0
configure:7959: gcc -o conftest -O2 -Wall -march=native   conftest.c conftstm.o >&5
configure:7962: $? = 0
configure:8000: result: ok
configure:8037: checking for sysroot
configure:8067: result: no
configure:8144: gcc -c -O2 -Wall -march=native  conftest.c >&5
configure:8147: $? = 0
configure:8323: checking for mt
configure:8339: found /bin/mt
configure:8350: result: mt
configure:8373: checking if mt is a manifest tool
configure:8379: mt '-?'
configure:8387: result: no
configure:9026: checking for dlfcn.h
configure:9026: gcc -c -O2 -Wall -march=native  conftest.c >&5
configure:9026: $? = 0
configure:9026: result: yes
configure:9231: checking for objdir
configure:9246: result: .libs
configure:9517: checking if gcc supports -fno-rtti -fno-exceptions
configure:9535: gcc -c -O2 -Wall -march=native  -fno-rtti -fno-exceptions conftest.c >&5
cc1: warning: command line option '-fno-rtti' is valid for C++/ObjC++ but not for C [enabled by default]
configure:9539: $? = 0
configure:9552: result: no
configure:9879: checking for gcc option to produce PIC
configure:9886: result: -fPIC -DPIC
configure:9894: checking if gcc PIC flag -fPIC -DPIC works
configure:9912: gcc -c -O2 -Wall -march=native  -fPIC -DPIC -DPIC conftest.c >&5
configure:9916: $? = 0
configure:9929: result: yes
configure:9958: checking if gcc static flag -static works
configure:9986: result: yes
configure:10001: checking if gcc supports -c -o file.o
configure:10022: gcc -c -O2 -Wall -march=native  -o out/conftest2.o conftest.c >&5
configure:10026: $? = 0
configure:10048: result: yes
configure:10056: checking if gcc supports -c -o file.o
configure:10103: result: yes
configure:10136: checking whether the gcc linker (/usr/bin/ld -m elf_x86_64) supports shared libraries
configure:11293: result: yes
configure:11533: checking dynamic linker characteristics
configure:12044: gcc -o conftest -O2 -Wall -march=native   -Wl,-rpath -Wl,/foo conftest.c  >&5
configure:12044: $? = 0
configure:12278: result: GNU/Linux ld.so
configure:12385: checking how to hardcode library paths into programs
configure:12410: result: immediate
configure:12950: checking whether stripping libraries is possible
configure:12955: result: yes
configure:12990: checking if libtool supports shared libraries
configure:12992: result: yes
configure:12995: checking whether to build shared libraries
configure:13016: result: no
configure:13019: checking whether to build static libraries
configure:13023: result: yes
configure:13075: checking sys/mman.h usability
configure:13075: gcc -c -O2 -Wall -march=native  conftest.c >&5
configure:13075: $? = 0
configure:13075: result: yes
configure:13075: checking sys/mman.h presence
configure:13075: gcc -E  conftest.c
configure:13075: $? = 0
configure:13075: result: yes
configure:13075: checking for sys/mman.h
configure:13075: result: yes
configure:13075: checking wchar.h usability
configure:13075: gcc -c -O2 -Wall -march=native  conftest.c >&5
configure:13075: $? = 0
configure:13075: result: yes
configure:13075: checking wchar.h presence
configure:13075: gcc -E  conftest.c
configure:13075: $? = 0
configure:13075: result: yes
configure:13075: checking for wchar.h
configure:13075: result: yes
configure:13075: checking for stdint.h
configure:13075: result: yes
configure:13096: checking for mprotect
configure:13096: gcc -o conftest -O2 -Wall -march=native   conftest.c  >&5
configure:13096: $? = 0
configure:13096: result: yes
configure:13096: checking for sigaction
configure:13096: gcc -o conftest -O2 -Wall -march=native   conftest.c  >&5
configure:13096: $? = 0
configure:13096: result: yes
configure:13096: checking for sigaltstack
configure:13096: gcc -o conftest -O2 -Wall -march=native   conftest.c  >&5
configure:13096: $? = 0
configure:13096: result: yes
configure:13096: checking for siginterrupt
configure:13096: gcc -o conftest -O2 -Wall -march=native   conftest.c  >&5
configure:13096: $? = 0
configure:13096: result: yes
configure:13187: checking for mmap
configure:13187: gcc -o conftest -O2 -Wall -march=native   conftest.c  >&5
configure:13187: $? = 0
configure:13187: result: yes
configure:13198: checking for MAP_ANONYMOUS
configure:13235: result: yes
configure:13269: checking whether memchr works
configure:13332: gcc -o conftest -O2 -Wall -march=native   conftest.c  >&5
configure:13332: $? = 0
configure:13332: ./conftest
configure:13332: $? = 0
configure:13342: result: yes
configure:13350: checking whether memmem is declared
configure:13350: gcc -c -O2 -Wall -march=native  conftest.c >&5
configure:13350: $? = 0
configure:13350: result: yes
configure:13368: checking for memmem
configure:13368: gcc -o conftest -O2 -Wall -march=native   conftest.c  >&5
configure:13368: $? = 0
configure:13368: result: yes
configure:13392: checking whether memmem works
configure:13456: gcc -o conftest -O2 -Wall -march=native   conftest.c  >&5
conftest.c: In function 'main':
conftest.c:57:7: warning: null argument where non-null required (argument 3) [-Wnonnull]
configure:13456: $? = 0
configure:13456: ./conftest
configure:13456: $? = 0
configure:13467: result: yes
configure:13485: gcc -c -O2 -Wall -march=native  conftest.c >&5
conftest.c:42:10: error: unknown type name 'not'
conftest.c:42:16: error: expected '=', ',', ';', 'asm' or '__attribute__' before 'universal'
conftest.c:42:16: error: unknown type name 'universal'
configure:13485: $? = 1
configure: failed program was:
| /* confdefs.h */
| #define PACKAGE_NAME "cgminer"
| #define PACKAGE_TARNAME "cgminer"
| #define PACKAGE_VERSION "3.12.0"
| #define PACKAGE_STRING "cgminer 3.12.0"
| #define PACKAGE_BUGREPORT "kernel@kolivas.org"
| #define PACKAGE_URL ""
| #define PACKAGE "cgminer"
| #define VERSION "3.12.0"
| #define STDC_HEADERS 1
| #define HAVE_SYS_TYPES_H 1
| #define HAVE_SYS_STAT_H 1
| #define HAVE_STDLIB_H 1
| #define HAVE_STRING_H 1
| #define HAVE_MEMORY_H 1
| #define HAVE_STRINGS_H 1
| #define HAVE_INTTYPES_H 1
| #define HAVE_STDINT_H 1
| #define HAVE_UNISTD_H 1
| #define __EXTENSIONS__ 1
| #define _ALL_SOURCE 1
| #define _GNU_SOURCE 1
| #define _POSIX_PTHREAD_SEMANTICS 1
| #define _TANDEM_SOURCE 1
| #define CGMINER_MAJOR_VERSION 3
| #define CGMINER_MINOR_VERSION 12
| #define CGMINER_MINOR_SUBVERSION 0
| #define HAVE_DLFCN_H 1
| #define LT_OBJDIR ".libs/"
| #define HAVE_SYS_MMAN_H 1
| #define HAVE_WCHAR_H 1
| #define HAVE_STDINT_H 1
| #define HAVE_MPROTECT 1
| #define HAVE_SIGACTION 1
| #define HAVE_SIGALTSTACK 1
| #define HAVE_SIGINTERRUPT 1
| #define HAVE_MAP_ANONYMOUS 1
| #define HAVE_DECL_MEMMEM 1
| #define HAVE_MEMMEM 1
| /* end confdefs.h.  */
| #ifndef __APPLE_CC__
|          not a universal capable compiler
|         #endif
|         typedef int dummy;
| 
configure:13536: checking for C/C++ restrict keyword
configure:13561: gcc -c -O2 -Wall -march=native  conftest.c >&5
configure:13561: $? = 0
configure:13569: result: __restrict
configure:13582: checking for uid_t in sys/types.h
configure:13601: result: yes
configure:13612: checking for inline
configure:13628: gcc -c -O2 -Wall -march=native  conftest.c >&5
configure:13628: $? = 0
configure:13636: result: inline
configure:13669: checking whether the preprocessor supports include_next
configure:13707: gcc -c -O2 -Wall -march=native  -Iconftestd1b -Iconftestd2 conftest.c >&5
configure:13707: $? = 0
configure:13728: result: yes
configure:13749: checking whether system header files limit the line length
configure:13772: result: no
configure:13786: checking for wchar_t
configure:13803: gcc -c -O2 -Wall -march=native  conftest.c >&5
configure:13803: $? = 0
configure:13810: result: yes
configure:13819: checking for unsigned long long int
configure:13858: gcc -o conftest -O2 -Wall -march=native   conftest.c  >&5
configure:13858: $? = 0
configure:13867: result: yes
configure:13877: checking for long long int
configure:13915: gcc -o conftest -O2 -Wall -march=native   conftest.c  >&5
configure:13915: $? = 0
configure:13915: ./conftest
configure:13915: $? = 0
configure:13927: result: yes
configure:14064: checking whether stdint.h conforms to C99
configure:14235: gcc -c -O2 -Wall -march=native  conftest.c >&5
configure:14235: $? = 0
configure:14317: gcc -o conftest -O2 -Wall -march=native   conftest.c  >&5
configure:14317: $? = 0
configure:14317: ./conftest
configure:14317: $? = 0
configure:14329: result: yes
configure:14728: checking whether memmem is declared without a macro
configure:14746: gcc -c -O2 -Wall -march=native  conftest.c >&5
configure:14746: $? = 0
configure:14754: result: yes
configure:14728: checking whether mempcpy is declared without a macro
configure:14746: gcc -c -O2 -Wall -march=native  conftest.c >&5
configure:14746: $? = 0
configure:14754: result: yes
configure:14728: checking whether memrchr is declared without a macro
configure:14746: gcc -c -O2 -Wall -march=native  conftest.c >&5
configure:14746: $? = 0
configure:14754: result: yes
configure:14728: checking whether rawmemchr is declared without a macro
configure:14746: gcc -c -O2 -Wall -march=native  conftest.c >&5
configure:14746: $? = 0
configure:14754: result: yes
configure:14728: checking whether stpcpy is declared without a macro
configure:14746: gcc -c -O2 -Wall -march=native  conftest.c >&5
configure:14746: $? = 0
configure:14754: result: yes
configure:14728: checking whether stpncpy is declared without a macro
configure:14746: gcc -c -O2 -Wall -march=native  conftest.c >&5
configure:14746: $? = 0
configure:14754: result: yes
configure:14728: checking whether strchrnul is declared without a macro
configure:14746: gcc -c -O2 -Wall -march=native  conftest.c >&5
configure:14746: $? = 0
configure:14754: result: yes
configure:14728: checking whether strdup is declared without a macro
configure:14746: gcc -c -O2 -Wall -march=native  conftest.c >&5
configure:14746: $? = 0
configure:14754: result: yes
configure:14728: checking whether strncat is declared without a macro
configure:14746: gcc -c -O2 -Wall -march=native  conftest.c >&5
configure:14746: $? = 0
configure:14754: result: yes
configure:14728: checking whether strndup is declared without a macro
configure:14746: gcc -c -O2 -Wall -march=native  conftest.c >&5
configure:14746: $? = 0
configure:14754: result: yes
configure:14728: checking whether strnlen is declared without a macro
configure:14746: gcc -c -O2 -Wall -march=native  conftest.c >&5
configure:14746: $? = 0
configure:14754: result: yes
configure:14728: checking whether strpbrk is declared without a macro
configure:14746: gcc -c -O2 -Wall -march=native  conftest.c >&5
configure:14746: $? = 0
configure:14754: result: yes
configure:14728: checking whether strsep is declared without a macro
configure:14746: gcc -c -O2 -Wall -march=native  conftest.c >&5
configure:14746: $? = 0
configure:14754: result: yes
configure:14728: checking whether strcasestr is declared without a macro
configure:14746: gcc -c -O2 -Wall -march=native  conftest.c >&5
configure:14746: $? = 0
configure:14754: result: yes
configure:14728: checking whether strtok_r is declared without a macro
configure:14746: gcc -c -O2 -Wall -march=native  conftest.c >&5
configure:14746: $? = 0
configure:14754: result: yes
configure:14728: checking whether strerror_r is declared without a macro
configure:14746: gcc -c -O2 -Wall -march=native  conftest.c >&5
configure:14746: $? = 0
configure:14754: result: yes
configure:14728: checking whether strsignal is declared without a macro
configure:14746: gcc -c -O2 -Wall -march=native  conftest.c >&5
configure:14746: $? = 0
configure:14754: result: yes
configure:14728: checking whether strverscmp is declared without a macro
configure:14746: gcc -c -O2 -Wall -march=native  conftest.c >&5
configure:14746: $? = 0
configure:14754: result: yes
configure:14834: checking whether memmem works in linear time
configure:14905: gcc -o conftest -O2 -Wall -march=native   conftest.c  >&5
configure:14905: $? = 0
configure:14905: ./conftest
configure:14905: $? = 0
configure:14916: result: yes
configure:14941: checking for memmem
configure:14941: result: yes
configure:14965: checking whether memmem works
configure:15040: result: yes
configure:15086: checking for struct sigaction.sa_sigaction
configure:15086: gcc -c -O2 -Wall -march=native  conftest.c >&5
configure:15086: $? = 0
configure:15086: result: yes
configure:15221: checking for volatile sig_atomic_t
configure:15221: gcc -c -O2 -Wall -march=native  conftest.c >&5
configure:15221: $? = 0
configure:15221: gcc -c -O2 -Wall -march=native  conftest.c >&5
conftest.c: In function 'main':
conftest.c:75:36: error: expected expression before ')' token
configure:15221: $? = 1
configure: failed program was:
| /* confdefs.h */
| #define PACKAGE_NAME "cgminer"
| #define PACKAGE_TARNAME "cgminer"
| #define PACKAGE_VERSION "3.12.0"
| #define PACKAGE_STRING "cgminer 3.12.0"
| #define PACKAGE_BUGREPORT "kernel@kolivas.org"
| #define PACKAGE_URL ""
| #define PACKAGE "cgminer"
| #define VERSION "3.12.0"
| #define STDC_HEADERS 1
| #define HAVE_SYS_TYPES_H 1
| #define HAVE_SYS_STAT_H 1
| #define HAVE_STDLIB_H 1
| #define HAVE_STRING_H 1
| #define HAVE_MEMORY_H 1
| #define HAVE_STRINGS_H 1
| #define HAVE_INTTYPES_H 1
| #define HAVE_STDINT_H 1
| #define HAVE_UNISTD_H 1
| #define __EXTENSIONS__ 1
| #define _ALL_SOURCE 1
| #define _GNU_SOURCE 1
| #define _POSIX_PTHREAD_SEMANTICS 1
| #define _TANDEM_SOURCE 1
| #define CGMINER_MAJOR_VERSION 3
| #define CGMINER_MINOR_VERSION 12
| #define CGMINER_MINOR_SUBVERSION 0
| #define HAVE_DLFCN_H 1
| #define LT_OBJDIR ".libs/"
| #define HAVE_SYS_MMAN_H 1
| #define HAVE_WCHAR_H 1
| #define HAVE_STDINT_H 1
| #define HAVE_MPROTECT 1
| #define HAVE_SIGACTION 1
| #define HAVE_SIGALTSTACK 1
| #define HAVE_SIGINTERRUPT 1
| #define HAVE_MAP_ANONYMOUS 1
| #define HAVE_DECL_MEMMEM 1
| #define HAVE_MEMMEM 1
| #define restrict __restrict
| #define HAVE_WCHAR_T 1
| #define HAVE_UNSIGNED_LONG_LONG_INT 1
| #define HAVE_LONG_LONG_INT 1
| #define HAVE_RAW_DECL_MEMMEM 1
| #define HAVE_RAW_DECL_MEMPCPY 1
| #define HAVE_RAW_DECL_MEMRCHR 1
| #define HAVE_RAW_DECL_RAWMEMCHR 1
| #define HAVE_RAW_DECL_STPCPY 1
| #define HAVE_RAW_DECL_STPNCPY 1
| #define HAVE_RAW_DECL_STRCHRNUL 1
| #define HAVE_RAW_DECL_STRDUP 1
| #define HAVE_RAW_DECL_STRNCAT 1
| #define HAVE_RAW_DECL_STRNDUP 1
| #define HAVE_RAW_DECL_STRNLEN 1
| #define HAVE_RAW_DECL_STRPBRK 1
| #define HAVE_RAW_DECL_STRSEP 1
| #define HAVE_RAW_DECL_STRCASESTR 1
| #define HAVE_RAW_DECL_STRTOK_R 1
| #define HAVE_RAW_DECL_STRERROR_R 1
| #define HAVE_RAW_DECL_STRSIGNAL 1
| #define HAVE_RAW_DECL_STRVERSCMP 1
| #define GNULIB_TEST_MEMCHR 1
| #define HAVE_MEMMEM 1
| #define GNULIB_TEST_MEMMEM 1
| #define HAVE_STRUCT_SIGACTION_SA_SIGACTION 1
| #define GNULIB_TEST_SIGACTION 1
| /* end confdefs.h.  */
| 
| #include <signal.h>
| 
| 
| int
| main ()
| {
| if (sizeof ((volatile sig_atomic_t)))
| 	    return 0;
|   ;
|   return 0;
| }
configure:15221: result: yes
configure:15235: checking for sighandler_t
configure:15235: gcc -c -O2 -Wall -march=native  conftest.c >&5
configure:15235: $? = 0
configure:15235: gcc -c -O2 -Wall -march=native  conftest.c >&5
conftest.c: In function 'main':
conftest.c:75:27: error: expected expression before ')' token
configure:15235: $? = 1
configure: failed program was:
| /* confdefs.h */
| #define PACKAGE_NAME "cgminer"
| #define PACKAGE_TARNAME "cgminer"
| #define PACKAGE_VERSION "3.12.0"
| #define PACKAGE_STRING "cgminer 3.12.0"
| #define PACKAGE_BUGREPORT "kernel@kolivas.org"
| #define PACKAGE_URL ""
| #define PACKAGE "cgminer"
| #define VERSION "3.12.0"
| #define STDC_HEADERS 1
| #define HAVE_SYS_TYPES_H 1
| #define HAVE_SYS_STAT_H 1
| #define HAVE_STDLIB_H 1
| #define HAVE_STRING_H 1
| #define HAVE_MEMORY_H 1
| #define HAVE_STRINGS_H 1
| #define HAVE_INTTYPES_H 1
| #define HAVE_STDINT_H 1
| #define HAVE_UNISTD_H 1
| #define __EXTENSIONS__ 1
| #define _ALL_SOURCE 1
| #define _GNU_SOURCE 1
| #define _POSIX_PTHREAD_SEMANTICS 1
| #define _TANDEM_SOURCE 1
| #define CGMINER_MAJOR_VERSION 3
| #define CGMINER_MINOR_VERSION 12
| #define CGMINER_MINOR_SUBVERSION 0
| #define HAVE_DLFCN_H 1
| #define LT_OBJDIR ".libs/"
| #define HAVE_SYS_MMAN_H 1
| #define HAVE_WCHAR_H 1
| #define HAVE_STDINT_H 1
| #define HAVE_MPROTECT 1
| #define HAVE_SIGACTION 1
| #define HAVE_SIGALTSTACK 1
| #define HAVE_SIGINTERRUPT 1
| #define HAVE_MAP_ANONYMOUS 1
| #define HAVE_DECL_MEMMEM 1
| #define HAVE_MEMMEM 1
| #define restrict __restrict
| #define HAVE_WCHAR_T 1
| #define HAVE_UNSIGNED_LONG_LONG_INT 1
| #define HAVE_LONG_LONG_INT 1
| #define HAVE_RAW_DECL_MEMMEM 1
| #define HAVE_RAW_DECL_MEMPCPY 1
| #define HAVE_RAW_DECL_MEMRCHR 1
| #define HAVE_RAW_DECL_RAWMEMCHR 1
| #define HAVE_RAW_DECL_STPCPY 1
| #define HAVE_RAW_DECL_STPNCPY 1
| #define HAVE_RAW_DECL_STRCHRNUL 1
| #define HAVE_RAW_DECL_STRDUP 1
| #define HAVE_RAW_DECL_STRNCAT 1
| #define HAVE_RAW_DECL_STRNDUP 1
| #define HAVE_RAW_DECL_STRNLEN 1
| #define HAVE_RAW_DECL_STRPBRK 1
| #define HAVE_RAW_DECL_STRSEP 1
| #define HAVE_RAW_DECL_STRCASESTR 1
| #define HAVE_RAW_DECL_STRTOK_R 1
| #define HAVE_RAW_DECL_STRERROR_R 1
| #define HAVE_RAW_DECL_STRSIGNAL 1
| #define HAVE_RAW_DECL_STRVERSCMP 1
| #define GNULIB_TEST_MEMCHR 1
| #define HAVE_MEMMEM 1
| #define GNULIB_TEST_MEMMEM 1
| #define HAVE_STRUCT_SIGACTION_SA_SIGACTION 1
| #define GNULIB_TEST_SIGACTION 1
| /* end confdefs.h.  */
| 
| #include <signal.h>
| 
| 
| int
| main ()
| {
| if (sizeof ((sighandler_t)))
| 	    return 0;
|   ;
|   return 0;
| }
configure:15235: result: yes
configure:15249: checking whether sigaction is declared without a macro
configure:15267: gcc -c -O2 -Wall -march=native  conftest.c >&5
configure:15267: $? = 0
configure:15275: result: yes
configure:15249: checking whether sigaddset is declared without a macro
configure:15267: gcc -c -O2 -Wall -march=native  conftest.c >&5
configure:15267: $? = 0
configure:15275: result: yes
configure:15249: checking whether sigdelset is declared without a macro
configure:15267: gcc -c -O2 -Wall -march=native  conftest.c >&5
configure:15267: $? = 0
configure:15275: result: yes
configure:15249: checking whether sigemptyset is declared without a macro
configure:15267: gcc -c -O2 -Wall -march=native  conftest.c >&5
configure:15267: $? = 0
configure:15275: result: yes
configure:15249: checking whether sigfillset is declared without a macro
configure:15267: gcc -c -O2 -Wall -march=native  conftest.c >&5
configure:15267: $? = 0
configure:15275: result: yes
configure:15249: checking whether sigismember is declared without a macro
configure:15267: gcc -c -O2 -Wall -march=native  conftest.c >&5
configure:15267: $? = 0
configure:15275: result: yes
configure:15249: checking whether sigpending is declared without a macro
configure:15267: gcc -c -O2 -Wall -march=native  conftest.c >&5
configure:15267: $? = 0
configure:15275: result: yes
configure:15249: checking whether sigprocmask is declared without a macro
configure:15267: gcc -c -O2 -Wall -march=native  conftest.c >&5
configure:15267: $? = 0
configure:15275: result: yes
configure:15304: checking for sigprocmask
configure:15304: gcc -o conftest -O2 -Wall -march=native   conftest.c  >&5
configure:15304: $? = 0
configure:15304: result: yes
configure:15371: checking whether NULL can be used in arbitrary expressions
configure:15389: gcc -c -O2 -Wall -march=native  conftest.c >&5
configure:15389: $? = 0
configure:15396: result: yes
configure:15511: checking for ANSI C header files
configure:15615: result: yes
configure:15625: checking syslog.h usability
configure:15625: gcc -c -O2 -Wall -march=native  conftest.c >&5
configure:15625: $? = 0
configure:15625: result: yes
configure:15625: checking syslog.h presence
configure:15625: gcc -E  conftest.c
configure:15625: $? = 0
configure:15625: result: yes
configure:15625: checking for syslog.h
configure:15625: result: yes
configure:15636: checking for size_t
configure:15636: gcc -c -O2 -Wall -march=native  conftest.c >&5
configure:15636: $? = 0
configure:15636: gcc -c -O2 -Wall -march=native  conftest.c >&5
conftest.c: In function 'main':
conftest.c:115:21: error: expected expression before ')' token
configure:15636: $? = 1
configure: failed program was:
| /* confdefs.h */
| #define PACKAGE_NAME "cgminer"
| #define PACKAGE_TARNAME "cgminer"
| #define PACKAGE_VERSION "3.12.0"
| #define PACKAGE_STRING "cgminer 3.12.0"
| #define PACKAGE_BUGREPORT "kernel@kolivas.org"
| #define PACKAGE_URL ""
| #define PACKAGE "cgminer"
| #define VERSION "3.12.0"
| #define STDC_HEADERS 1
| #define HAVE_SYS_TYPES_H 1
| #define HAVE_SYS_STAT_H 1
| #define HAVE_STDLIB_H 1
| #define HAVE_STRING_H 1
| #define HAVE_MEMORY_H 1
| #define HAVE_STRINGS_H 1
| #define HAVE_INTTYPES_H 1
| #define HAVE_STDINT_H 1
| #define HAVE_UNISTD_H 1
| #define __EXTENSIONS__ 1
| #define _ALL_SOURCE 1
| #define _GNU_SOURCE 1
| #define _POSIX_PTHREAD_SEMANTICS 1
| #define _TANDEM_SOURCE 1
| #define CGMINER_MAJOR_VERSION 3
| #define CGMINER_MINOR_VERSION 12
| #define CGMINER_MINOR_SUBVERSION 0
| #define HAVE_DLFCN_H 1
| #define LT_OBJDIR ".libs/"
| #define HAVE_SYS_MMAN_H 1
| #define HAVE_WCHAR_H 1
| #define HAVE_STDINT_H 1
| #define HAVE_MPROTECT 1
| #define HAVE_SIGACTION 1
| #define HAVE_SIGALTSTACK 1
| #define HAVE_SIGINTERRUPT 1
| #define HAVE_MAP_ANONYMOUS 1
| #define HAVE_DECL_MEMMEM 1
| #define HAVE_MEMMEM 1
| #define restrict __restrict
| #define HAVE_WCHAR_T 1
| #define HAVE_UNSIGNED_LONG_LONG_INT 1
| #define HAVE_LONG_LONG_INT 1
| #define HAVE_RAW_DECL_MEMMEM 1
| #define HAVE_RAW_DECL_MEMPCPY 1
| #define HAVE_RAW_DECL_MEMRCHR 1
| #define HAVE_RAW_DECL_RAWMEMCHR 1
| #define HAVE_RAW_DECL_STPCPY 1
| #define HAVE_RAW_DECL_STPNCPY 1
| #define HAVE_RAW_DECL_STRCHRNUL 1
| #define HAVE_RAW_DECL_STRDUP 1
| #define HAVE_RAW_DECL_STRNCAT 1
| #define HAVE_RAW_DECL_STRNDUP 1
| #define HAVE_RAW_DECL_STRNLEN 1
| #define HAVE_RAW_DECL_STRPBRK 1
| #define HAVE_RAW_DECL_STRSEP 1
| #define HAVE_RAW_DECL_STRCASESTR 1
| #define HAVE_RAW_DECL_STRTOK_R 1
| #define HAVE_RAW_DECL_STRERROR_R 1
| #define HAVE_RAW_DECL_STRSIGNAL 1
| #define HAVE_RAW_DECL_STRVERSCMP 1
| #define GNULIB_TEST_MEMCHR 1
| #define HAVE_MEMMEM 1
| #define GNULIB_TEST_MEMMEM 1
| #define HAVE_STRUCT_SIGACTION_SA_SIGACTION 1
| #define GNULIB_TEST_SIGACTION 1
| #define HAVE_RAW_DECL_SIGACTION 1
| #define HAVE_RAW_DECL_SIGADDSET 1
| #define HAVE_RAW_DECL_SIGDELSET 1
| #define HAVE_RAW_DECL_SIGEMPTYSET 1
| #define HAVE_RAW_DECL_SIGFILLSET 1
| #define HAVE_RAW_DECL_SIGISMEMBER 1
| #define HAVE_RAW_DECL_SIGPENDING 1
| #define HAVE_RAW_DECL_SIGPROCMASK 1
| #define GNULIB_TEST_SIGPROCMASK 1
| #define STDC_HEADERS 1
| #define HAVE_SYSLOG_H 1
| /* end confdefs.h.  */
| #include <stdio.h>
| #ifdef HAVE_SYS_TYPES_H
| # include <sys/types.h>
| #endif
| #ifdef HAVE_SYS_STAT_H
| # include <sys/stat.h>
| #endif
| #ifdef STDC_HEADERS
| # include <stdlib.h>
| # include <stddef.h>
| #else
| # ifdef HAVE_STDLIB_H
| #  include <stdlib.h>
| # endif
| #endif
| #ifdef HAVE_STRING_H
| # if !defined STDC_HEADERS && defined HAVE_MEMORY_H
| #  include <memory.h>
| # endif
| # include <string.h>
| #endif
| #ifdef HAVE_STRINGS_H
| # include <strings.h>
| #endif
| #ifdef HAVE_INTTYPES_H
| # include <inttypes.h>
| #endif
| #ifdef HAVE_STDINT_H
| # include <stdint.h>
| #endif
| #ifdef HAVE_UNISTD_H
| # include <unistd.h>
| #endif
| int
| main ()
| {
| if (sizeof ((size_t)))
| 	    return 0;
|   ;
|   return 0;
| }
configure:15636: result: yes
configure:15649: checking for working alloca.h
configure:15666: gcc -o conftest -O2 -Wall -march=native   conftest.c  >&5
configure:15666: $? = 0
configure:15674: result: yes
configure:15682: checking for alloca
configure:15719: gcc -o conftest -O2 -Wall -march=native   conftest.c  >&5
configure:15719: $? = 0
configure:15727: result: yes
configure:15943: checking for pthread_create in -lpthread
configure:15968: gcc -o conftest -O2 -Wall -march=native   conftest.c -lpthread   >&5
configure:15968: $? = 0
configure:15977: result: yes
configure:16269: checking for library containing addstr
configure:16300: gcc -o conftest -O2 -Wall -march=native   conftest.c -lpthread  >&5
/tmp/ccFCSmHn.o: In function `main':
conftest.c:(.text.startup+0x7): undefined reference to `addstr'
collect2: error: ld returned 1 exit status
configure:16300: $? = 1
configure: failed program was:
| /* confdefs.h */
| #define PACKAGE_NAME "cgminer"
| #define PACKAGE_TARNAME "cgminer"
| #define PACKAGE_VERSION "3.12.0"
| #define PACKAGE_STRING "cgminer 3.12.0"
| #define PACKAGE_BUGREPORT "kernel@kolivas.org"
| #define PACKAGE_URL ""
| #define PACKAGE "cgminer"
| #define VERSION "3.12.0"
| #define STDC_HEADERS 1
| #define HAVE_SYS_TYPES_H 1
| #define HAVE_SYS_STAT_H 1
| #define HAVE_STDLIB_H 1
| #define HAVE_STRING_H 1
| #define HAVE_MEMORY_H 1
| #define HAVE_STRINGS_H 1
| #define HAVE_INTTYPES_H 1
| #define HAVE_STDINT_H 1
| #define HAVE_UNISTD_H 1
| #define __EXTENSIONS__ 1
| #define _ALL_SOURCE 1
| #define _GNU_SOURCE 1
| #define _POSIX_PTHREAD_SEMANTICS 1
| #define _TANDEM_SOURCE 1
| #define CGMINER_MAJOR_VERSION 3
| #define CGMINER_MINOR_VERSION 12
| #define CGMINER_MINOR_SUBVERSION 0
| #define HAVE_DLFCN_H 1
| #define LT_OBJDIR ".libs/"
| #define HAVE_SYS_MMAN_H 1
| #define HAVE_WCHAR_H 1
| #define HAVE_STDINT_H 1
| #define HAVE_MPROTECT 1
| #define HAVE_SIGACTION 1
| #define HAVE_SIGALTSTACK 1
| #define HAVE_SIGINTERRUPT 1
| #define HAVE_MAP_ANONYMOUS 1
| #define HAVE_DECL_MEMMEM 1
| #define HAVE_MEMMEM 1
| #define restrict __restrict
| #define HAVE_WCHAR_T 1
| #define HAVE_UNSIGNED_LONG_LONG_INT 1
| #define HAVE_LONG_LONG_INT 1
| #define HAVE_RAW_DECL_MEMMEM 1
| #define HAVE_RAW_DECL_MEMPCPY 1
| #define HAVE_RAW_DECL_MEMRCHR 1
| #define HAVE_RAW_DECL_RAWMEMCHR 1
| #define HAVE_RAW_DECL_STPCPY 1
| #define HAVE_RAW_DECL_STPNCPY 1
| #define HAVE_RAW_DECL_STRCHRNUL 1
| #define HAVE_RAW_DECL_STRDUP 1
| #define HAVE_RAW_DECL_STRNCAT 1
| #define HAVE_RAW_DECL_STRNDUP 1
| #define HAVE_RAW_DECL_STRNLEN 1
| #define HAVE_RAW_DECL_STRPBRK 1
| #define HAVE_RAW_DECL_STRSEP 1
| #define HAVE_RAW_DECL_STRCASESTR 1
| #define HAVE_RAW_DECL_STRTOK_R 1
| #define HAVE_RAW_DECL_STRERROR_R 1
| #define HAVE_RAW_DECL_STRSIGNAL 1
| #define HAVE_RAW_DECL_STRVERSCMP 1
| #define GNULIB_TEST_MEMCHR 1
| #define HAVE_MEMMEM 1
| #define GNULIB_TEST_MEMMEM 1
| #define HAVE_STRUCT_SIGACTION_SA_SIGACTION 1
| #define GNULIB_TEST_SIGACTION 1
| #define HAVE_RAW_DECL_SIGACTION 1
| #define HAVE_RAW_DECL_SIGADDSET 1
| #define HAVE_RAW_DECL_SIGDELSET 1
| #define HAVE_RAW_DECL_SIGEMPTYSET 1
| #define HAVE_RAW_DECL_SIGFILLSET 1
| #define HAVE_RAW_DECL_SIGISMEMBER 1
| #define HAVE_RAW_DECL_SIGPENDING 1
| #define HAVE_RAW_DECL_SIGPROCMASK 1
| #define GNULIB_TEST_SIGPROCMASK 1
| #define STDC_HEADERS 1
| #define HAVE_SYSLOG_H 1
| #define HAVE_ALLOCA_H 1
| #define HAVE_ALLOCA 1
| #define HAVE_LIBPTHREAD 1
| /* end confdefs.h.  */
| 
| /* Override any GCC internal prototype to avoid an error.
|    Use char because int might match the return type of a GCC
|    builtin and then its argument prototype would still apply.  */
| #ifdef __cplusplus
| extern "C"
| #endif
| char addstr ();
| int
| main ()
| {
| return addstr ();
|   ;
|   return 0;
| }
configure:16300: gcc -o conftest -O2 -Wall -march=native   conftest.c -lncurses  -lpthread  >&5
configure:16300: $? = 0
configure:16317: result: -lncurses
configure:16708: checking for pkg-config
configure:16726: found /usr/bin/pkg-config
configure:16738: result: /usr/bin/pkg-config
configure:16763: checking pkg-config is at least version 0.9.0
configure:16766: result: yes
configure:16799: checking for LIBCURL
configure:16806: $PKG_CONFIG --exists --print-errors "libcurl >= 7.25.0"
configure:16809: $? = 0
configure:16823: $PKG_CONFIG --exists --print-errors "libcurl >= 7.25.0"
configure:16826: $? = 0
configure:17004: result: yes
configure:17102: gcc -c -O2 -Wall -march=native  conftest.c >&5
conftest.c:86:26: fatal error: process.h: No such file or directory
compilation terminated.
configure:17102: $? = 1
configure: failed program was:
| /* confdefs.h */
| #define PACKAGE_NAME "cgminer"
| #define PACKAGE_TARNAME "cgminer"
| #define PACKAGE_VERSION "3.12.0"
| #define PACKAGE_STRING "cgminer 3.12.0"
| #define PACKAGE_BUGREPORT "kernel@kolivas.org"
| #define PACKAGE_URL ""
| #define PACKAGE "cgminer"
| #define VERSION "3.12.0"
| #define STDC_HEADERS 1
| #define HAVE_SYS_TYPES_H 1
| #define HAVE_SYS_STAT_H 1
| #define HAVE_STDLIB_H 1
| #define HAVE_STRING_H 1
| #define HAVE_MEMORY_H 1
| #define HAVE_STRINGS_H 1
| #define HAVE_INTTYPES_H 1
| #define HAVE_STDINT_H 1
| #define HAVE_UNISTD_H 1
| #define __EXTENSIONS__ 1
| #define _ALL_SOURCE 1
| #define _GNU_SOURCE 1
| #define _POSIX_PTHREAD_SEMANTICS 1
| #define _TANDEM_SOURCE 1
| #define CGMINER_MAJOR_VERSION 3
| #define CGMINER_MINOR_VERSION 12
| #define CGMINER_MINOR_SUBVERSION 0
| #define HAVE_DLFCN_H 1
| #define LT_OBJDIR ".libs/"
| #define HAVE_SYS_MMAN_H 1
| #define HAVE_WCHAR_H 1
| #define HAVE_STDINT_H 1
| #define HAVE_MPROTECT 1
| #define HAVE_SIGACTION 1
| #define HAVE_SIGALTSTACK 1
| #define HAVE_SIGINTERRUPT 1
| #define HAVE_MAP_ANONYMOUS 1
| #define HAVE_DECL_MEMMEM 1
| #define HAVE_MEMMEM 1
| #define restrict __restrict
| #define HAVE_WCHAR_T 1
| #define HAVE_UNSIGNED_LONG_LONG_INT 1
| #define HAVE_LONG_LONG_INT 1
| #define HAVE_RAW_DECL_MEMMEM 1
| #define HAVE_RAW_DECL_MEMPCPY 1
| #define HAVE_RAW_DECL_MEMRCHR 1
| #define HAVE_RAW_DECL_RAWMEMCHR 1
| #define HAVE_RAW_DECL_STPCPY 1
| #define HAVE_RAW_DECL_STPNCPY 1
| #define HAVE_RAW_DECL_STRCHRNUL 1
| #define HAVE_RAW_DECL_STRDUP 1
| #define HAVE_RAW_DECL_STRNCAT 1
| #define HAVE_RAW_DECL_STRNDUP 1
| #define HAVE_RAW_DECL_STRNLEN 1
| #define HAVE_RAW_DECL_STRPBRK 1
| #define HAVE_RAW_DECL_STRSEP 1
| #define HAVE_RAW_DECL_STRCASESTR 1
| #define HAVE_RAW_DECL_STRTOK_R 1
| #define HAVE_RAW_DECL_STRERROR_R 1
| #define HAVE_RAW_DECL_STRSIGNAL 1
| #define HAVE_RAW_DECL_STRVERSCMP 1
| #define GNULIB_TEST_MEMCHR 1
| #define HAVE_MEMMEM 1
| #define GNULIB_TEST_MEMMEM 1
| #define HAVE_STRUCT_SIGACTION_SA_SIGACTION 1
| #define GNULIB_TEST_SIGACTION 1
| #define HAVE_RAW_DECL_SIGACTION 1
| #define HAVE_RAW_DECL_SIGADDSET 1
| #define HAVE_RAW_DECL_SIGDELSET 1
| #define HAVE_RAW_DECL_SIGEMPTYSET 1
| #define HAVE_RAW_DECL_SIGFILLSET 1
| #define HAVE_RAW_DECL_SIGISMEMBER 1
| #define HAVE_RAW_DECL_SIGPENDING 1
| #define HAVE_RAW_DECL_SIGPROCMASK 1
| #define GNULIB_TEST_SIGPROCMASK 1
| #define STDC_HEADERS 1
| #define HAVE_SYSLOG_H 1
| #define HAVE_ALLOCA_H 1
| #define HAVE_ALLOCA 1
| #define HAVE_LIBPTHREAD 1
| #define HAVE_CURSES 1
| #define CURL_HAS_KEEPALIVE 1
| #define HAVE_LIBCURL 1
| /* end confdefs.h.  */
| 
| 		   #include <process.h>
| 		   int execv(const char*, const char*const*);
| 
configure:17120: gcc -c -O2 -Wall -march=native  conftest.c >&5
conftest.c:86:35: warning: 'cleanup' defined but not used [-Wunused-function]
configure:17120: $? = 0
configure:17130: gcc -c -O2 -Wall -march=native  conftest.c >&5
conftest.c:87:36: warning: 'cleanup' defined but not used [-Wunused-function]
configure:17130: $? = 0
configure:17140: gcc -c -O2 -Wall -march=native  conftest.c >&5
conftest.c: In function 'cleanup':
conftest.c:88:1: warning: implicit declaration of function 'exit' [-Wimplicit-function-declaration]
conftest.c:88:55: warning: incompatible implicit declaration of built-in function 'exit' [enabled by default]
configure:17140: $? = 0
configure:17150: gcc -c -O2 -Wall -march=native  conftest.c >&5
conftest.c:89:55: warning: 'cleanup' defined but not used [-Wunused-function]
configure:17150: $? = 0
configure:17160: gcc -c -O2 -Wall -march=native  conftest.c >&5
configure:17160: $? = 0
configure:17170: gcc -c -O2 -Wall -march=native  conftest.c >&5
configure:17170: $? = 0
configure:17180: gcc -o conftest -O2 -Wall -march=native   conftest.c -lncurses -lpthread  >&5
configure:17180: $? = 0
configure:17191: gcc -o conftest -O2 -Wall -march=native   conftest.c -lncurses -lpthread  >&5
configure:17191: $? = 0
configure:17202: gcc -c -O2 -Wall -march=native  conftest.c >&5
conftest.c:94:48: warning: 'func' defined but not used [-Wunused-function]
configure:17202: $? = 0
configure:17490: creating ./config.status

## ---------------------- ##
## Running config.status. ##
## ---------------------- ##

This file was extended by cgminer config.status 3.12.0, which was
generated by GNU Autoconf 2.69.  Invocation command line was

  CONFIG_FILES    = 
  CONFIG_HEADERS  = 
  CONFIG_LINKS    = 
  CONFIG_COMMANDS = 
  $ ./config.status 

on drorg-desktop

config.status:1353: creating Makefile
config.status:1353: creating compat/Makefile
config.status:1353: creating ccan/Makefile
config.status:1353: creating lib/Makefile
config.status:1353: creating config.h
config.status:1582: executing depfiles commands
config.status:1582: executing libtool commands
configure:19785: === configuring in compat/jansson-2.5 (/root/git/cgminer/compat/jansson-2.5)
configure:19848: running /bin/bash ./configure --disable-option-checking '--prefix=/usr/local'  '--enable-cpumining' 'CFLAGS=-O2 -Wall -march=native' --cache-file=/dev/null --srcdir=.
configure:19960: error: No mining configured in

## ---------------- ##
## Cache variables. ##
## ---------------- ##

ac_cv_build=x86_64-unknown-linux-gnu
ac_cv_c_compiler_gnu=yes
ac_cv_c_inline=inline
ac_cv_c_restrict=__restrict
ac_cv_env_CC_set=
ac_cv_env_CC_value=
ac_cv_env_CFLAGS_set=set
ac_cv_env_CFLAGS_value='-O2 -Wall -march=native'
ac_cv_env_CPPFLAGS_set=
ac_cv_env_CPPFLAGS_value=
ac_cv_env_CPP_set=
ac_cv_env_CPP_value=
ac_cv_env_LDFLAGS_set=
ac_cv_env_LDFLAGS_value=
ac_cv_env_LIBCURL_CFLAGS_set=
ac_cv_env_LIBCURL_CFLAGS_value=
ac_cv_env_LIBCURL_LIBS_set=
ac_cv_env_LIBCURL_LIBS_value=
ac_cv_env_LIBS_set=
ac_cv_env_LIBS_value=
ac_cv_env_LIBUSB_CFLAGS_set=
ac_cv_env_LIBUSB_CFLAGS_value=
ac_cv_env_LIBUSB_LIBS_set=
ac_cv_env_LIBUSB_LIBS_value=
ac_cv_env_PKG_CONFIG_LIBDIR_set=
ac_cv_env_PKG_CONFIG_LIBDIR_value=
ac_cv_env_PKG_CONFIG_PATH_set=
ac_cv_env_PKG_CONFIG_PATH_value=
ac_cv_env_PKG_CONFIG_set=
ac_cv_env_PKG_CONFIG_value=
ac_cv_env_build_alias_set=
ac_cv_env_build_alias_value=
ac_cv_env_host_alias_set=
ac_cv_env_host_alias_value=
ac_cv_env_target_alias_set=
ac_cv_env_target_alias_value=
ac_cv_func_alloca_works=yes
ac_cv_func_memmem=yes
ac_cv_func_mmap=yes
ac_cv_func_mprotect=yes
ac_cv_func_sigaction=yes
ac_cv_func_sigaltstack=yes
ac_cv_func_siginterrupt=yes
ac_cv_func_sigprocmask=yes
ac_cv_have_decl_memmem=yes
ac_cv_have_decl_mempcpy=yes
ac_cv_have_decl_memrchr=yes
ac_cv_have_decl_rawmemchr=yes
ac_cv_have_decl_sigaction=yes
ac_cv_have_decl_sigaddset=yes
ac_cv_have_decl_sigdelset=yes
ac_cv_have_decl_sigemptyset=yes
ac_cv_have_decl_sigfillset=yes
ac_cv_have_decl_sigismember=yes
ac_cv_have_decl_sigpending=yes
ac_cv_have_decl_sigprocmask=yes
ac_cv_have_decl_stpcpy=yes
ac_cv_have_decl_stpncpy=yes
ac_cv_have_decl_strcasestr=yes
ac_cv_have_decl_strchrnul=yes
ac_cv_have_decl_strdup=yes
ac_cv_have_decl_strerror_r=yes
ac_cv_have_decl_strncat=yes
ac_cv_have_decl_strndup=yes
ac_cv_have_decl_strnlen=yes
ac_cv_have_decl_strpbrk=yes
ac_cv_have_decl_strsep=yes
ac_cv_have_decl_strsignal=yes
ac_cv_have_decl_strtok_r=yes
ac_cv_have_decl_strverscmp=yes
ac_cv_header_dlfcn_h=yes
ac_cv_header_inttypes_h=yes
ac_cv_header_memory_h=yes
ac_cv_header_minix_config_h=no
ac_cv_header_stdc=yes
ac_cv_header_stdint_h=yes
ac_cv_header_stdlib_h=yes
ac_cv_header_string_h=yes
ac_cv_header_strings_h=yes
ac_cv_header_sys_mman_h=yes
ac_cv_header_sys_stat_h=yes
ac_cv_header_sys_types_h=yes
ac_cv_header_syslog_h=yes
ac_cv_header_unistd_h=yes
ac_cv_header_wchar_h=yes
ac_cv_host=x86_64-unknown-linux-gnu
ac_cv_lib_pthread_pthread_create=yes
ac_cv_member_struct_sigaction_sa_sigaction=yes
ac_cv_objext=o
ac_cv_path_EGREP='/bin/grep -E'
ac_cv_path_FGREP='/bin/grep -F'
ac_cv_path_GREP=/bin/grep
ac_cv_path_SED=/bin/sed
ac_cv_path_ac_pt_PKG_CONFIG=/usr/bin/pkg-config
ac_cv_path_install='/usr/bin/install -c'
ac_cv_path_mkdir=/bin/mkdir
ac_cv_prog_AWK=gawk
ac_cv_prog_CPP='gcc -E'
ac_cv_prog_ac_ct_AR=ar
ac_cv_prog_ac_ct_CC=gcc
ac_cv_prog_ac_ct_MANIFEST_TOOL=mt
ac_cv_prog_ac_ct_OBJDUMP=objdump
ac_cv_prog_ac_ct_RANLIB=ranlib
ac_cv_prog_ac_ct_STRIP=strip
ac_cv_prog_cc_c89=
ac_cv_prog_cc_g=yes
ac_cv_prog_cc_gcc_c_o=yes
ac_cv_prog_gcc_traditional=no
ac_cv_prog_make_make_set=yes
ac_cv_safe_to_define___extensions__=yes
ac_cv_search_addstr=-lncurses
ac_cv_target=x86_64-unknown-linux-gnu
ac_cv_type_long_long_int=yes
ac_cv_type_sighandler_t=yes
ac_cv_type_size_t=yes
ac_cv_type_uid_t=yes
ac_cv_type_unsigned_long_long_int=yes
ac_cv_type_volatile_sig_atomic_t=yes
ac_cv_working_alloca_h=yes
am_cv_CC_dependencies_compiler_type=gcc3
am_cv_make_support_nested_variables=yes
gl_cv_c_multiarch=no
gl_cv_decl_null_works=yes
gl_cv_func_memchr_works=yes
gl_cv_func_memmem_works_always=yes
gl_cv_func_memmem_works_fast=yes
gl_cv_func_sigprocmask=1
gl_cv_have_include_next=yes
gl_cv_have_raw_decl_memmem=yes
gl_cv_have_raw_decl_mempcpy=yes
gl_cv_have_raw_decl_memrchr=yes
gl_cv_have_raw_decl_rawmemchr=yes
gl_cv_have_raw_decl_sigaction=yes
gl_cv_have_raw_decl_sigaddset=yes
gl_cv_have_raw_decl_sigdelset=yes
gl_cv_have_raw_decl_sigemptyset=yes
gl_cv_have_raw_decl_sigfillset=yes
gl_cv_have_raw_decl_sigismember=yes
gl_cv_have_raw_decl_sigpending=yes
gl_cv_have_raw_decl_sigprocmask=yes
gl_cv_have_raw_decl_stpcpy=yes
gl_cv_have_raw_decl_stpncpy=yes
gl_cv_have_raw_decl_strcasestr=yes
gl_cv_have_raw_decl_strchrnul=yes
gl_cv_have_raw_decl_strdup=yes
gl_cv_have_raw_decl_strerror_r=yes
gl_cv_have_raw_decl_strncat=yes
gl_cv_have_raw_decl_strndup=yes
gl_cv_have_raw_decl_strnlen=yes
gl_cv_have_raw_decl_strpbrk=yes
gl_cv_have_raw_decl_strsep=yes
gl_cv_have_raw_decl_strsignal=yes
gl_cv_have_raw_decl_strtok_r=yes
gl_cv_have_raw_decl_strverscmp=yes
gl_cv_header_working_stdint_h=yes
gl_cv_next_signal_h='<signal.h>'
gl_cv_next_stdint_h='<stdint.h>'
gl_cv_next_string_h='<string.h>'
gl_cv_pragma_columns=no
gt_cv_c_wchar_t=yes
lt_cv_ar_at_file=@
lt_cv_deplibs_check_method=pass_all
lt_cv_file_magic_cmd='$MAGIC_CMD'
lt_cv_file_magic_test_file=
lt_cv_ld_reload_flag=-r
lt_cv_nm_interface='BSD nm'
lt_cv_objdir=.libs
lt_cv_path_LD=/usr/bin/ld
lt_cv_path_NM='/usr/bin/nm -B'
lt_cv_path_mainfest_tool=no
lt_cv_prog_compiler_c_o=yes
lt_cv_prog_compiler_pic='-fPIC -DPIC'
lt_cv_prog_compiler_pic_works=yes
lt_cv_prog_compiler_rtti_exceptions=no
lt_cv_prog_compiler_static_works=yes
lt_cv_prog_gnu_ld=yes
lt_cv_sharedlib_from_linklib_cmd='printf %s\n'
lt_cv_shlibpath_overrides_runpath=no
lt_cv_sys_global_symbol_pipe='sed -n -e '\''s/^.*[	 ]\([ABCDGIRSTW][ABCDGIRSTW]*\)[	 ][	 ]*\([_A-Za-z][_A-Za-z0-9]*\)$/\1 \2 \2/p'\'' | sed '\''/ __gnu_lto/d'\'''
lt_cv_sys_global_symbol_to_c_name_address='sed -n -e '\''s/^: \([^ ]*\)[ ]*$/  {\"\1\", (void *) 0},/p'\'' -e '\''s/^[ABCDGIRSTW]* \([^ ]*\) \([^ ]*\)$/  {"\2", (void *) \&\2},/p'\'''
lt_cv_sys_global_symbol_to_c_name_address_lib_prefix='sed -n -e '\''s/^: \([^ ]*\)[ ]*$/  {\"\1\", (void *) 0},/p'\'' -e '\''s/^[ABCDGIRSTW]* \([^ ]*\) \(lib[^ ]*\)$/  {"\2", (void *) \&\2},/p'\'' -e '\''s/^[ABCDGIRSTW]* \([^ ]*\) \([^ ]*\)$/  {"lib\2", (void *) \&\2},/p'\'''
lt_cv_sys_global_symbol_to_cdecl='sed -n -e '\''s/^T .* \(.*\)$/extern int \1();/p'\'' -e '\''s/^[ABCDGIRSTW]* .* \(.*\)$/extern char \1;/p'\'''
lt_cv_sys_max_cmd_len=1572864
lt_cv_to_host_file_cmd=func_convert_file_noop
lt_cv_to_tool_file_cmd=func_convert_file_noop
pkg_cv_LIBCURL_CFLAGS=' '
pkg_cv_LIBCURL_LIBS='-lcurl  '

## ----------------- ##
## Output variables. ##
## ----------------- ##

ACLOCAL='${SHELL} /root/git/cgminer/missing --run aclocal-1.11'
ALLOCA=''
AMDEPBACKSLASH='\'
AMDEP_FALSE='#'
AMDEP_TRUE=''
AMTAR='$${TAR-tar}'
AM_BACKSLASH='\'
AM_DEFAULT_V='$(AM_DEFAULT_VERBOSITY)'
AM_DEFAULT_VERBOSITY='0'
AM_V='$(V)'
APPLE_UNIVERSAL_BUILD='0'
AR='ar'
AUTOCONF='${SHELL} /root/git/cgminer/missing --run autoconf'
AUTOHEADER='${SHELL} /root/git/cgminer/missing --run autoheader'
AUTOMAKE='${SHELL} /root/git/cgminer/missing --run automake-1.11'
AWK='gawk'
BITSIZEOF_PTRDIFF_T=''
BITSIZEOF_SIG_ATOMIC_T=''
BITSIZEOF_SIZE_T=''
BITSIZEOF_WCHAR_T=''
BITSIZEOF_WINT_T=''
CC='gcc'
CCDEPMODE='depmode=gcc3'
CFLAGS='-O2 -Wall -march=native'
CPP='gcc -E'
CPPFLAGS=''
CYGPATH_W='echo'
DEFS='-DHAVE_CONFIG_H'
DEPDIR='.deps'
DLLTOOL='false'
DLOPEN_FLAGS='-ldl'
DSYMUTIL=''
DUMPBIN=''
ECHO_C=''
ECHO_N='-n'
ECHO_T=''
EGREP='/bin/grep -E'
EXEEXT=''
FGREP='/bin/grep -F'
GL_COND_LIBTOOL_FALSE=''
GL_COND_LIBTOOL_TRUE='#'
GL_GENERATE_STDDEF_H_FALSE=''
GL_GENERATE_STDDEF_H_TRUE='#'
GL_GENERATE_STDINT_H_FALSE=''
GL_GENERATE_STDINT_H_TRUE='#'
GNULIB_MBSCASECMP='0'
GNULIB_MBSCASESTR='0'
GNULIB_MBSCHR='0'
GNULIB_MBSCSPN='0'
GNULIB_MBSLEN='0'
GNULIB_MBSNCASECMP='0'
GNULIB_MBSNLEN='0'
GNULIB_MBSPBRK='0'
GNULIB_MBSPCASECMP='0'
GNULIB_MBSRCHR='0'
GNULIB_MBSSEP='0'
GNULIB_MBSSPN='0'
GNULIB_MBSSTR='0'
GNULIB_MBSTOK_R='0'
GNULIB_MEMCHR='1'
GNULIB_MEMMEM='1'
GNULIB_MEMPCPY='0'
GNULIB_MEMRCHR='0'
GNULIB_RAWMEMCHR='0'
GNULIB_SIGACTION='1'
GNULIB_SIGNAL_H_SIGPIPE='0'
GNULIB_SIGPROCMASK='1'
GNULIB_STPCPY='0'
GNULIB_STPNCPY='0'
GNULIB_STRCASESTR='0'
GNULIB_STRCHRNUL='0'
GNULIB_STRDUP='0'
GNULIB_STRERROR='0'
GNULIB_STRERROR_R='0'
GNULIB_STRNCAT='0'
GNULIB_STRNDUP='0'
GNULIB_STRNLEN='0'
GNULIB_STRPBRK='0'
GNULIB_STRSEP='0'
GNULIB_STRSIGNAL='0'
GNULIB_STRSTR='0'
GNULIB_STRTOK_R='0'
GNULIB_STRVERSCMP='0'
GREP='/bin/grep'
HAS_AVALON_FALSE=''
HAS_AVALON_TRUE='#'
HAS_BAB_FALSE=''
HAS_BAB_TRUE='#'
HAS_BFLSC_FALSE=''
HAS_BFLSC_TRUE='#'
HAS_BITFORCE_FALSE=''
HAS_BITFORCE_TRUE='#'
HAS_BITFURY_FALSE=''
HAS_BITFURY_TRUE='#'
HAS_DRILLBIT_FALSE=''
HAS_DRILLBIT_TRUE='#'
HAS_HASHFAST_FALSE=''
HAS_HASHFAST_TRUE='#'
HAS_ICARUS_FALSE=''
HAS_ICARUS_TRUE='#'
HAS_KLONDIKE_FALSE=''
HAS_KLONDIKE_TRUE='#'
HAS_KNC_FALSE=''
HAS_KNC_TRUE='#'
HAS_MINION_FALSE=''
HAS_MINION_TRUE='#'
HAS_MODMINER_FALSE=''
HAS_MODMINER_TRUE='#'
HAVE_CURSES_FALSE='#'
HAVE_CURSES_TRUE=''
HAVE_DECL_MEMMEM='1'
HAVE_DECL_MEMRCHR='1'
HAVE_DECL_STRDUP='1'
HAVE_DECL_STRERROR_R='1'
HAVE_DECL_STRNDUP='1'
HAVE_DECL_STRNLEN='1'
HAVE_DECL_STRSIGNAL='1'
HAVE_DECL_STRTOK_R='1'
HAVE_INTTYPES_H='1'
HAVE_LONG_LONG_INT='1'
HAVE_MBSLEN='0'
HAVE_MEMCHR='1'
HAVE_MEMPCPY='1'
HAVE_POSIX_SIGNALBLOCKING='1'
HAVE_RAWMEMCHR='1'
HAVE_SIGACTION='1'
HAVE_SIGHANDLER_T='1'
HAVE_SIGINFO_T='1'
HAVE_SIGNED_SIG_ATOMIC_T=''
HAVE_SIGNED_WCHAR_T=''
HAVE_SIGNED_WINT_T=''
HAVE_SIGSET_T='1'
HAVE_STDINT_H='1'
HAVE_STPCPY='1'
HAVE_STPNCPY='1'
HAVE_STRCASESTR='1'
HAVE_STRCHRNUL='1'
HAVE_STRPBRK='1'
HAVE_STRSEP='1'
HAVE_STRUCT_SIGACTION_SA_SIGACTION='1'
HAVE_STRVERSCMP='1'
HAVE_SYS_BITYPES_H=''
HAVE_SYS_INTTYPES_H=''
HAVE_SYS_TYPES_H='1'
HAVE_TYPE_VOLATILE_SIG_ATOMIC_T='1'
HAVE_UNSIGNED_LONG_LONG_INT='1'
HAVE_WCHAR_H='1'
HAVE_WCHAR_T='1'
HAVE_WINDOWS_FALSE=''
HAVE_WINDOWS_TRUE='#'
HAVE_x86_64_FALSE='#'
HAVE_x86_64_TRUE=''
INCLUDE_NEXT='include_next'
INCLUDE_NEXT_AS_FIRST_DIRECTIVE='include_next'
INSTALL_DATA='${INSTALL} -m 644'
INSTALL_PROGRAM='${INSTALL}'
INSTALL_SCRIPT='${INSTALL}'
INSTALL_STRIP_PROGRAM='$(install_sh) -c -s'
JANSSON_LIBS='compat/jansson-2.5/src/.libs/libjansson.a'
LD='/usr/bin/ld -m elf_x86_64'
LDFLAGS=''
LIBCURL_CFLAGS=' '
LIBCURL_LIBS='-lcurl  '
LIBGNU_LIBDEPS=''
LIBGNU_LTLIBDEPS=''
LIBOBJS=''
LIBS='-lncurses -lpthread '
LIBTOOL='$(SHELL) $(top_builddir)/libtool'
LIBUSB_CFLAGS=''
LIBUSB_LIBS=''
LIPO=''
LN_S='ln -s'
LTLIBOBJS=''
MAINT='#'
MAINTAINER_MODE_FALSE=''
MAINTAINER_MODE_TRUE='#'
MAKEINFO='${SHELL} /root/git/cgminer/missing --run makeinfo'
MANIFEST_TOOL=':'
MATH_LIBS='-lm'
MKDIR_P='/bin/mkdir -p'
MM_LIBS=''
NCURSES_LIBS=''
NEED_FPGAUTILS_FALSE=''
NEED_FPGAUTILS_TRUE='#'
NEXT_AS_FIRST_DIRECTIVE_SIGNAL_H='<signal.h>'
NEXT_AS_FIRST_DIRECTIVE_STDDEF_H=''
NEXT_AS_FIRST_DIRECTIVE_STDINT_H='<stdint.h>'
NEXT_AS_FIRST_DIRECTIVE_STRING_H='<string.h>'
NEXT_SIGNAL_H='<signal.h>'
NEXT_STDDEF_H=''
NEXT_STDINT_H='<stdint.h>'
NEXT_STRING_H='<string.h>'
NM='/usr/bin/nm -B'
NMEDIT=''
OBJDUMP='objdump'
OBJEXT='o'
OTOOL64=''
OTOOL=''
PACKAGE='cgminer'
PACKAGE_BUGREPORT='kernel@kolivas.org'
PACKAGE_NAME='cgminer'
PACKAGE_STRING='cgminer 3.12.0'
PACKAGE_TARNAME='cgminer'
PACKAGE_URL=''
PACKAGE_VERSION='3.12.0'
PATH_SEPARATOR=':'
PDCURSES_LIBS=''
PKG_CONFIG='/usr/bin/pkg-config'
PKG_CONFIG_LIBDIR=''
PKG_CONFIG_PATH=''
PRAGMA_COLUMNS=''
PRAGMA_SYSTEM_HEADER='#pragma GCC system_header'
PTHREAD_FLAGS='-lpthread'
PTHREAD_LIBS='-lpthread'
PTRDIFF_T_SUFFIX=''
RANLIB='ranlib'
REPLACE_MEMCHR='0'
REPLACE_MEMMEM='0'
REPLACE_NULL='0'
REPLACE_STPNCPY='0'
REPLACE_STRCASESTR='0'
REPLACE_STRCHRNUL='0'
REPLACE_STRDUP='0'
REPLACE_STRERROR='0'
REPLACE_STRERROR_R='0'
REPLACE_STRNCAT='0'
REPLACE_STRNDUP='0'
REPLACE_STRNLEN='0'
REPLACE_STRSIGNAL='0'
REPLACE_STRSTR='0'
REPLACE_STRTOK_R='0'
RT_LIBS='-lrt'
SED='/bin/sed'
SET_MAKE=''
SHELL='/bin/bash'
SIG_ATOMIC_T_SUFFIX=''
SIZE_T_SUFFIX=''
STDDEF_H=''
STDINT_H=''
STRIP='strip'
UNDEFINE_STRTOK_R='0'
VERSION='3.12.0'
VMAJ='3'
WANT_LIBBITFURY_FALSE=''
WANT_LIBBITFURY_TRUE='#'
WANT_STATIC_LIBUSB_FALSE=''
WANT_STATIC_LIBUSB_TRUE='#'
WANT_USBUTILS_FALSE=''
WANT_USBUTILS_TRUE='#'
WCHAR_T_SUFFIX=''
WINT_T_SUFFIX=''
WS2_LIBS=''
ac_ct_AR='ar'
ac_ct_CC='gcc'
ac_ct_DUMPBIN=''
am__EXEEXT_FALSE=''
am__EXEEXT_TRUE='#'
am__fastdepCC_FALSE='#'
am__fastdepCC_TRUE=''
am__include='include'
am__isrc=''
am__leading_dot='.'
am__nodep='_no'
am__quote=''
am__tar='$${TAR-tar} chof - "$$tardir"'
am__untar='$${TAR-tar} xf -'
bindir='${exec_prefix}/bin'
build='x86_64-unknown-linux-gnu'
build_alias=''
build_cpu='x86_64'
build_os='linux-gnu'
build_vendor='unknown'
datadir='${datarootdir}'
datarootdir='${prefix}/share'
docdir='${datarootdir}/doc/${PACKAGE_TARNAME}'
dvidir='${docdir}'
exec_prefix='${prefix}'
gl_LIBOBJS=''
gl_LTLIBOBJS=''
gltests_LIBOBJS=''
gltests_LTLIBOBJS=''
gltests_WITNESS='IN_CGMINER_GNULIB_TESTS'
host='x86_64-unknown-linux-gnu'
host_alias=''
host_cpu='x86_64'
host_os='linux-gnu'
host_vendor='unknown'
htmldir='${docdir}'
includedir='${prefix}/include'
infodir='${datarootdir}/info'
install_sh='${SHELL} /root/git/cgminer/install-sh'
libdir='${exec_prefix}/lib'
libexecdir='${exec_prefix}/libexec'
localedir='${datarootdir}/locale'
localstatedir='${prefix}/var'
mandir='${datarootdir}/man'
mkdir_p='/bin/mkdir -p'
oldincludedir='/usr/include'
pdfdir='${docdir}'
prefix='/usr/local'
program_transform_name='s,x,x,'
psdir='${docdir}'
release_info=''
sbindir='${exec_prefix}/sbin'
sharedstatedir='${prefix}/com'
subdirs=' compat/jansson-2.5'
sysconfdir='${prefix}/etc'
target='x86_64-unknown-linux-gnu'
target_alias=''
target_cpu='x86_64'
target_os='linux-gnu'
target_vendor='unknown'
version_info='15:0:12'

## ----------- ##
## confdefs.h. ##
## ----------- ##

/* confdefs.h */
#define PACKAGE_NAME "cgminer"
#define PACKAGE_TARNAME "cgminer"
#define PACKAGE_VERSION "3.12.0"
#define PACKAGE_STRING "cgminer 3.12.0"
#define PACKAGE_BUGREPORT "kernel@kolivas.org"
#define PACKAGE_URL ""
#define PACKAGE "cgminer"
#define VERSION "3.12.0"
#define STDC_HEADERS 1
#define HAVE_SYS_TYPES_H 1
#define HAVE_SYS_STAT_H 1
#define HAVE_STDLIB_H 1
#define HAVE_STRING_H 1
#define HAVE_MEMORY_H 1
#define HAVE_STRINGS_H 1
#define HAVE_INTTYPES_H 1
#define HAVE_STDINT_H 1
#define HAVE_UNISTD_H 1
#define __EXTENSIONS__ 1
#define _ALL_SOURCE 1
#define _GNU_SOURCE 1
#define _POSIX_PTHREAD_SEMANTICS 1
#define _TANDEM_SOURCE 1
#define CGMINER_MAJOR_VERSION 3
#define CGMINER_MINOR_VERSION 12
#define CGMINER_MINOR_SUBVERSION 0
#define HAVE_DLFCN_H 1
#define LT_OBJDIR ".libs/"
#define HAVE_SYS_MMAN_H 1
#define HAVE_WCHAR_H 1
#define HAVE_STDINT_H 1
#define HAVE_MPROTECT 1
#define HAVE_SIGACTION 1
#define HAVE_SIGALTSTACK 1
#define HAVE_SIGINTERRUPT 1
#define HAVE_MAP_ANONYMOUS 1
#define HAVE_DECL_MEMMEM 1
#define HAVE_MEMMEM 1
#define restrict __restrict
#define HAVE_WCHAR_T 1
#define HAVE_UNSIGNED_LONG_LONG_INT 1
#define HAVE_LONG_LONG_INT 1
#define HAVE_RAW_DECL_MEMMEM 1
#define HAVE_RAW_DECL_MEMPCPY 1
#define HAVE_RAW_DECL_MEMRCHR 1
#define HAVE_RAW_DECL_RAWMEMCHR 1
#define HAVE_RAW_DECL_STPCPY 1
#define HAVE_RAW_DECL_STPNCPY 1
#define HAVE_RAW_DECL_STRCHRNUL 1
#define HAVE_RAW_DECL_STRDUP 1
#define HAVE_RAW_DECL_STRNCAT 1
#define HAVE_RAW_DECL_STRNDUP 1
#define HAVE_RAW_DECL_STRNLEN 1
#define HAVE_RAW_DECL_STRPBRK 1
#define HAVE_RAW_DECL_STRSEP 1
#define HAVE_RAW_DECL_STRCASESTR 1
#define HAVE_RAW_DECL_STRTOK_R 1
#define HAVE_RAW_DECL_STRERROR_R 1
#define HAVE_RAW_DECL_STRSIGNAL 1
#define HAVE_RAW_DECL_STRVERSCMP 1
#define GNULIB_TEST_MEMCHR 1
#define HAVE_MEMMEM 1
#define GNULIB_TEST_MEMMEM 1
#define HAVE_STRUCT_SIGACTION_SA_SIGACTION 1
#define GNULIB_TEST_SIGACTION 1
#define HAVE_RAW_DECL_SIGACTION 1
#define HAVE_RAW_DECL_SIGADDSET 1
#define HAVE_RAW_DECL_SIGDELSET 1
#define HAVE_RAW_DECL_SIGEMPTYSET 1
#define HAVE_RAW_DECL_SIGFILLSET 1
#define HAVE_RAW_DECL_SIGISMEMBER 1
#define HAVE_RAW_DECL_SIGPENDING 1
#define HAVE_RAW_DECL_SIGPROCMASK 1
#define GNULIB_TEST_SIGPROCMASK 1
#define STDC_HEADERS 1
#define HAVE_SYSLOG_H 1
#define HAVE_ALLOCA_H 1
#define HAVE_ALLOCA 1
#define HAVE_LIBPTHREAD 1
#define HAVE_CURSES 1
#define CURL_HAS_KEEPALIVE 1
#define HAVE_LIBCURL 1
#define EXECV_2ND_ARG_TYPE char* const*
#define HAVE_ATTRIBUTE_COLD 1
#define HAVE_ATTRIBUTE_CONST 1
#define HAVE_ATTRIBUTE_NORETURN 1
#define HAVE_ATTRIBUTE_PRINTF 1
#define HAVE_ATTRIBUTE_UNUSED 1
#define HAVE_ATTRIBUTE_USED 1
#define HAVE_BUILTIN_CONSTANT_P 1
#define HAVE_BUILTIN_TYPES_COMPATIBLE_P 1
#define HAVE_WARN_UNUSED_RESULT 1
#define CGMINER_PREFIX "/usr/local/bin"

configure: exit 1
